<?xml version="1.0" encoding="utf-8"?>
<TestRun id="1e3eb417-bcfd-4dca-bd14-9f794174c63c" name="Payton@PAYTONPC 2026-09-23 15:17:29" runUser="PaytonPC\Payton" xmlns="http://microsoft.com/schemas/VisualStudio/TeamTest/2010">
  <Times creation="2026-09-23T15:17:29.5465746-05:00" queuing="2026-09-23T15:17:29.5465748-05:00" start="2026-09-23T15:17:28.8570423-05:00" finish="2026-09-23T15:17:43.5645462-05:00" />
  <TestSettings name="default" id="82d7cd71-66ff-4632-ad2d-4e0f1e757716">
    <Deployment runDeploymentRoot="Payton_PAYTONPC_2026-09-23_15_17_29" />
  </TestSettings>
  <Results>
    <UnitTestResult executionId="26462e1b-148c-4bbd-b29d-5a806eccecc2" testId="36502015-2cfc-af8d-ef45-70ef78761b6a" testName="ExplicitUnknownTagMatchesNothingAndKnownTagUsesInjectedStore" computerName="PAYTONPC" duration="00:00:00.0001440" startTime="2026-09-23T15:17:42.8037293-05:00" endTime="2026-09-23T15:17:42.8039006-05:00" testType="13cdc9d9-ddb5-4fa4-a97d-d965ccfc6d4b" outcome="Passed" testListId="8c84fa94-04c1-424b-9868-57a2d4851a1d" relativeResultsDirectory="26462e1b-148c-4bbd-b29d-5a806eccecc2" />
    <UnitTestResult executionId="62fa1051-a251-4f9b-8199-5757c45be21e" testId="57c9bdc5-2c15-0c31-6171-1cb41f107c36" testName="UnsupportedFiltersRemainLiteralInsteadOfMatchingEverything (&quot;unknown:value&quot;)" computerName="PAYTONPC" duration="00:00:00.0000111" startTime="2026-09-23T15:17:42.8036525-05:00" endTime="2026-09-23T15:17:42.8037202-05:00" testType="13cdc9d9-ddb5-4fa4-a97d-d965ccfc6d4b" outcome="Passed" testListId="8c84fa94-04c1-424b-9868-57a2d4851a1d" relativeResultsDirectory="62fa1051-a251-4f9b-8199-5757c45be21e" />
    <UnitTestResult executionId="be40512e-5a4c-4c63-9951-27448f07fa63" testId="7c80a546-81e4-b7ad-e29b-222373458ad2" testName="AggregationAndChildEnumerationHonorCancellation" computerName="PAYTONPC" duration="00:00:00.0002433" startTime="2026-09-23T15:17:39.3630668-05:00" endTime="2026-09-23T15:17:39.3633630-05:00" testType="13cdc9d9-ddb5-4fa4-a97d-d965ccfc6d4b" outcome="Passed" testListId="8c84fa94-04c1-424b-9868-57a2d4851a1d" relativeResultsDirectory="be40512e-5a4c-4c63-9951-27448f07fa63" />
    <UnitTestResult executionId="30e78b82-5fc3-4bff-a7be-33eba7f225aa" testId="c14c69d7-830e-d300-fe0d-496b044f7fb4" testName="EmptySelectionIsRejectedByEveryBatchOperation" computerName="PAYTONPC" duration="00:00:00.0002607" startTime="2026-09-23T15:17:42.7235574-05:00" endTime="2026-09-23T15:17:42.7238505-05:00" testType="13cdc9d9-ddb5-4fa4-a97d-d965ccfc6d4b" outcome="Passed" testListId="8c84fa94-04c1-424b-9868-57a2d4851a1d" relativeResultsDirectory="30e78b82-5fc3-4bff-a7be-33eba7f225aa" />
    <UnitTestResult executionId="a0311a57-1e6b-465a-9cf1-d70b5ffd6fce" testId="e1894479-fbf6-6862-e62e-9d49ec686ab6" testName="GroupingPreservesTotalBytesAndFileCounts" computerName="PAYTONPC" duration="00:00:00.0008205" startTime="2026-09-23T15:17:39.3637769-05:00" endTime="2026-09-23T15:17:39.3646426-05:00" testType="13cdc9d9-ddb5-4fa4-a97d-d965ccfc6d4b" outcome="Passed" testListId="8c84fa94-04c1-424b-9868-57a2d4851a1d" relativeResultsDirectory="a0311a57-1e6b-465a-9cf1-d70b5ffd6fce" />
    <UnitTestResult executionId="d24ec4e2-b0ca-4ca2-8881-37afebd7cdb2" testId="7ad0a406-698e-1b78-f163-9959fd1b2b77" testName="ExclusionsDoNotHideSameNamedSiblingsOrNewerIndexVersions" computerName="PAYTONPC" duration="00:00:00.0003490" startTime="2026-09-23T15:17:29.5175252-05:00" endTime="2026-09-23T15:17:29.5179301-05:00" testType="13cdc9d9-ddb5-4fa4-a97d-d965ccfc6d4b" outcome="Passed" testListId="8c84fa94-04c1-424b-9868-57a2d4851a1d" relativeResultsDirectory="d24ec4e2-b0ca-4ca2-8881-37afebd7cdb2" />
    <UnitTestResult executionId="9d281c9a-99a3-4b7d-a680-a810ecfea6d0" testId="57e7d098-0ea1-fdaa-4ce9-68f49606baa3" testName="EmptyQueryCancelsPendingSearchAndRestoresDirectoryItems" computerName="PAYTONPC" duration="00:00:00.0013016" startTime="2026-09-23T15:17:42.7559389-05:00" endTime="2026-09-23T15:17:42.7572794-05:00" testType="13cdc9d9-ddb5-4fa4-a97d-d965ccfc6d4b" outcome="Passed" testListId="8c84fa94-04c1-424b-9868-57a2d4851a1d" relativeResultsDirectory="9d281c9a-99a3-4b7d-a680-a810ecfea6d0" />
    <UnitTestResult executionId="9ad80d6f-c8e0-42cc-9d59-9cdb720226c6" testId="e5abb730-9c3e-212b-71ad-cc9342dc65fb" testName="FolderLoadingSortsAndPreparesResultsWithoutTouchingDisk" computerName="PAYTONPC" duration="00:00:00.0017524" startTime="2026-09-23T15:17:42.7323910-05:00" endTime="2026-09-23T15:17:42.7341849-05:00" testType="13cdc9d9-ddb5-4fa4-a97d-d965ccfc6d4b" outcome="Passed" testListId="8c84fa94-04c1-424b-9868-57a2d4851a1d" relativeResultsDirectory="9ad80d6f-c8e0-42cc-9d59-9cdb720226c6" />
    <UnitTestResult executionId="cc0edfdb-092d-48b3-86ea-9f82f8ce0da0" testId="3e5238c8-97dc-8f72-a377-8d99c7b733c1" testName="JsonRoundTripPreservesAnIntentionallyEmptyTagList" computerName="PAYTONPC" duration="00:00:00.0004277" startTime="2026-09-23T15:17:42.7842821-05:00" endTime="2026-09-23T15:17:42.7847513-05:00" testType="13cdc9d9-ddb5-4fa4-a97d-d965ccfc6d4b" outcome="Passed" testListId="8c84fa94-04c1-424b-9868-57a2d4851a1d" relativeResultsDirectory="cc0edfdb-092d-48b3-86ea-9f82f8ce0da0" />
    <UnitTestResult executionId="8652c243-7e5a-411e-919b-a2735d03d1aa" testId="fc588aa4-aaff-665c-1410-789b7951c1ca" testName="EmptyQueryPreservesNavigationStatusWhenStatusUpdateIsNotRequested" computerName="PAYTONPC" duration="00:00:00.0004403" startTime="2026-09-23T15:17:42.7593127-05:00" endTime="2026-09-23T15:17:42.7597971-05:00" testType="13cdc9d9-ddb5-4fa4-a97d-d965ccfc6d4b" outcome="Passed" testListId="8c84fa94-04c1-424b-9868-57a2d4851a1d" relativeResultsDirectory="8652c243-7e5a-411e-919b-a2735d03d1aa" />
    <UnitTestResult executionId="c8ae8f58-96a4-4249-8518-be6c70e9f200" testId="6a0d167a-d13a-e111-c957-0156dc1ccd19" testName="BrowserReadsOnlyIndexedChildrenAndOmitsDeletedEntries" computerName="PAYTONPC" duration="00:00:00.0003585" startTime="2026-09-23T15:17:42.7289600-05:00" endTime="2026-09-23T15:17:42.7293559-05:00" testType="13cdc9d9-ddb5-4fa4-a97d-d965ccfc6d4b" outcome="Passed" testListId="8c84fa94-04c1-424b-9868-57a2d4851a1d" relativeResultsDirectory="c8ae8f58-96a4-4249-8518-be6c70e9f200" />
    <UnitTestResult executionId="4a1c607b-c54f-454b-87ba-5a53722e6ed1" testId="f2ed8acc-d717-3405-1f78-2a3766f49241" testName="NewNavigationCancelsOldLoadAndOldDisposalCannotClearNewLoad" computerName="PAYTONPC" duration="00:00:00.0002993" startTime="2026-09-23T15:17:42.7314509-05:00" endTime="2026-09-23T15:17:42.7318793-05:00" testType="13cdc9d9-ddb5-4fa4-a97d-d965ccfc6d4b" outcome="Passed" testListId="8c84fa94-04c1-424b-9868-57a2d4851a1d" relativeResultsDirectory="4a1c607b-c54f-454b-87ba-5a53722e6ed1" />
    <UnitTestResult executionId="6a72b026-77ea-419a-8e36-728975c4d287" testId="738183e7-4f21-a2e2-95ea-ed0ec622cf02" testName="NativeOutcomePreservesStatusAndDiagnostics (3,False,Failed,NotFound)" computerName="PAYTONPC" duration="00:00:00.0000060" startTime="2026-09-23T15:17:42.7196744-05:00" endTime="2026-09-23T15:17:42.7197277-05:00" testType="13cdc9d9-ddb5-4fa4-a97d-d965ccfc6d4b" outcome="Passed" testListId="8c84fa94-04c1-424b-9868-57a2d4851a1d" relativeResultsDirectory="6a72b026-77ea-419a-8e36-728975c4d287" />
    <UnitTestResult executionId="bad6cf53-2070-4566-9197-8d15f578744a" testId="eb246522-5393-8697-de5a-870a4b3824a3" testName="SaveFailureIsReportedAndClearedAfterRecovery" computerName="PAYTONPC" duration="00:00:00.0138163" startTime="2026-09-23T15:17:42.7850964-05:00" endTime="2026-09-23T15:17:42.7989712-05:00" testType="13cdc9d9-ddb5-4fa4-a97d-d965ccfc6d4b" outcome="Passed" testListId="8c84fa94-04c1-424b-9868-57a2d4851a1d" relativeResultsDirectory="bad6cf53-2070-4566-9197-8d15f578744a">
      <Output>
        <StdOut>Debug Trace:&#xD;
Clearspace: could not save tags. System.IO.IOException: Disk unavailable&#xD;
   at Clearspace.Tests.TagAndQueryTests.&lt;&gt;c__DisplayClass7_0.&lt;SaveFailureIsReportedAndClearedAfterRecovery&gt;b__1(String _) in E:\GithubRepos\File Explorer Remake\Clearspace.Tests\TagAndQueryTests.cs:line 82&#xD;
   at Clearspace.Services.TagStore.Save() in E:\GithubRepos\File Explorer Remake\Clearspace\Services\TagStore.cs:line 120</StdOut>
      </Output>
    </UnitTestResult>
    <UnitTestResult executionId="ec860140-d59b-4af8-bffc-01bd73628507" testId="0eb96573-9f48-4697-4c3d-e2450c34eb57" testName="NativeOutcomePreservesStatusAndDiagnostics (0,False,Succeeded,None)" computerName="PAYTONPC" duration="00:00:00.0019484" startTime="2026-09-23T15:17:42.7159043-05:00" endTime="2026-09-23T15:17:42.7183327-05:00" testType="13cdc9d9-ddb5-4fa4-a97d-d965ccfc6d4b" outcome="Passed" testListId="8c84fa94-04c1-424b-9868-57a2d4851a1d" relativeResultsDirectory="ec860140-d59b-4af8-bffc-01bd73628507" />
    <UnitTestResult executionId="86195289-db7a-431b-8f35-014b04ff4417" testId="6295153f-fd2f-933e-dc69-d1407c9d27bc" testName="MultipleTermsAreAndedAndExtensionsAreAlternatives" computerName="PAYTONPC" duration="00:00:00.0000962" startTime="2026-09-23T15:17:42.8027283-05:00" endTime="2026-09-23T15:17:42.8028651-05:00" testType="13cdc9d9-ddb5-4fa4-a97d-d965ccfc6d4b" outcome="Passed" testListId="8c84fa94-04c1-424b-9868-57a2d4851a1d" relativeResultsDirectory="86195289-db7a-431b-8f35-014b04ff4417" />
    <UnitTestResult executionId="69df975e-64ab-48f8-80f3-03ceeba2fc06" testId="069711dc-28e7-987c-d1dc-ca1f595a751e" testName="EmptyQueryHasNoFilters (&quot;  &quot;)" computerName="PAYTONPC" duration="00:00:00.0000033" startTime="2026-09-23T15:17:42.8018969-05:00" endTime="2026-09-23T15:17:42.8019713-05:00" testType="13cdc9d9-ddb5-4fa4-a97d-d965ccfc6d4b" outcome="Passed" testListId="8c84fa94-04c1-424b-9868-57a2d4851a1d" relativeResultsDirectory="69df975e-64ab-48f8-80f3-03ceeba2fc06" />
    <UnitTestResult executionId="76c7a1dc-26b9-4786-ba5f-52e349984566" testId="cf3b3d23-570d-54c8-33e1-cfbfeeed4027" testName="MergesAllSourcesWithoutCaseInsensitiveDuplicates" computerName="PAYTONPC" duration="00:00:00.0060249" startTime="2026-09-23T15:17:42.7429234-05:00" endTime="2026-09-23T15:17:42.7490629-05:00" testType="13cdc9d9-ddb5-4fa4-a97d-d965ccfc6d4b" outcome="Passed" testListId="8c84fa94-04c1-424b-9868-57a2d4851a1d" relativeResultsDirectory="76c7a1dc-26b9-4786-ba5f-52e349984566" />
    <UnitTestResult executionId="ae5b2e1a-95ff-4bc3-8a48-fc347a3a13b7" testId="1f067f4c-b1c0-84db-a68a-36dc12094df3" testName="BusyGpuDefersLabelsHitTargetsAndTilesTogether" computerName="PAYTONPC" duration="00:00:00.2704280" startTime="2026-09-23T15:17:38.2435494-05:00" endTime="2026-09-23T15:17:38.5140886-05:00" testType="13cdc9d9-ddb5-4fa4-a97d-d965ccfc6d4b" outcome="Passed" testListId="8c84fa94-04c1-424b-9868-57a2d4851a1d" relativeResultsDirectory="ae5b2e1a-95ff-4bc3-8a48-fc347a3a13b7" />
    <UnitTestResult executionId="90bd7895-4963-4e6b-ae2b-5375f6673a37" testId="39d96759-a569-6f0a-d3e5-2b722ea78aa9" testName="AccessErrorsDoNotRemoveItemsOrChangeTotals" computerName="PAYTONPC" duration="00:00:00.0011674" startTime="2026-09-23T15:17:29.5151114-05:00" endTime="2026-09-23T15:17:29.5163466-05:00" testType="13cdc9d9-ddb5-4fa4-a97d-d965ccfc6d4b" outcome="Passed" testListId="8c84fa94-04c1-424b-9868-57a2d4851a1d" relativeResultsDirectory="90bd7895-4963-4e6b-ae2b-5375f6673a37" />
    <UnitTestResult executionId="b17130ac-ff9d-436c-9b16-51aed61fbd9b" testId="6723921e-4e93-8a41-139e-21042cffe488" testName="NativeRequestRetainsPathsFlagsAndOwner (Delete,3)" computerName="PAYTONPC" duration="00:00:00.0000057" startTime="2026-09-23T15:17:42.7217004-05:00" endTime="2026-09-23T15:17:42.7217440-05:00" testType="13cdc9d9-ddb5-4fa4-a97d-d965ccfc6d4b" outcome="Passed" testListId="8c84fa94-04c1-424b-9868-57a2d4851a1d" relativeResultsDirectory="b17130ac-ff9d-436c-9b16-51aed61fbd9b" />
    <UnitTestResult executionId="a1c30fab-455a-424b-a839-fd571f1bd7a8" testId="45a0576d-29c1-2a88-c7d2-7bfb45b7837d" testName="NoIndexAndInvalidIndexProduceActionableEmptyStates" computerName="PAYTONPC" duration="00:00:00.0012729" startTime="2026-09-23T15:17:39.3766497-05:00" endTime="2026-09-23T15:17:39.3779684-05:00" testType="13cdc9d9-ddb5-4fa4-a97d-d965ccfc6d4b" outcome="Passed" testListId="8c84fa94-04c1-424b-9868-57a2d4851a1d" relativeResultsDirectory="a1c30fab-455a-424b-a839-fd571f1bd7a8" />
    <UnitTestResult executionId="5dedacfe-5587-4ecd-838d-dcb0b2178b52" testId="fe288705-7c68-0cd4-dced-3a0656d6b333" testName="ClearingCompletedSearchRestoresBrowsingStatus (&quot;clearspace://category/documents&quot;,2,&quot;2 locations&quot;)" computerName="PAYTONPC" duration="00:00:00.0000311" startTime="2026-09-23T15:17:42.7591929-05:00" endTime="2026-09-23T15:17:42.7592977-05:00" testType="13cdc9d9-ddb5-4fa4-a97d-d965ccfc6d4b" outcome="Passed" testListId="8c84fa94-04c1-424b-9868-57a2d4851a1d" relativeResultsDirectory="5dedacfe-5587-4ecd-838d-dcb0b2178b52" />
    <UnitTestResult executionId="2975bc63-45cd-4ddb-b754-0b229e35e49d" testId="d1237cde-5699-af5a-6c3c-c0a60c99595c" testName="BackAndForwardFollowVisitedFoldersRatherThanParentFolders" computerName="PAYTONPC" duration="00:00:00.0016819" startTime="2026-09-23T15:17:39.3908961-05:00" endTime="2026-09-23T15:17:39.3926972-05:00" testType="13cdc9d9-ddb5-4fa4-a97d-d965ccfc6d4b" outcome="Passed" testListId="8c84fa94-04c1-424b-9868-57a2d4851a1d" relativeResultsDirectory="2975bc63-45cd-4ddb-b754-0b229e35e49d" />
    <UnitTestResult executionId="4ee81561-0581-497a-b41e-0c95a565fbda" testId="06143ca0-1630-b3d8-3f26-e93e17017e09" testName="UnsupportedFiltersRemainLiteralInsteadOfMatchingEverything (&quot;type:999&quot;)" computerName="PAYTONPC" duration="00:00:00.0005197" startTime="2026-09-23T15:17:42.8030625-05:00" endTime="2026-09-23T15:17:42.8036375-05:00" testType="13cdc9d9-ddb5-4fa4-a97d-d965ccfc6d4b" outcome="Passed" testListId="8c84fa94-04c1-424b-9868-57a2d4851a1d" relativeResultsDirectory="4ee81561-0581-497a-b41e-0c95a565fbda" />
    <UnitTestResult executionId="445c09af-8fc2-46fe-beff-9450505608b7" testId="1206ca27-dcef-4cbc-c917-65531673e1d5" testName="LargeFolderCanBePagedWithoutLosingEntriesOrAllocatingTheWholeListing" computerName="PAYTONPC" duration="00:00:00.0014373" startTime="2026-09-23T15:17:42.7293728-05:00" endTime="2026-09-23T15:17:42.7308511-05:00" testType="13cdc9d9-ddb5-4fa4-a97d-d965ccfc6d4b" outcome="Passed" testListId="8c84fa94-04c1-424b-9868-57a2d4851a1d" relativeResultsDirectory="445c09af-8fc2-46fe-beff-9450505608b7" />
    <UnitTestResult executionId="7a92e94b-0f07-4e27-9c4f-adbb03c69490" testId="5146c5dd-69f5-e5ed-03a8-77937e046449" testName="SupersededLoadCannotReplaceANewerDrive" computerName="PAYTONPC" duration="00:00:00.0094563" startTime="2026-09-23T15:17:39.3807206-05:00" endTime="2026-09-23T15:17:39.3903018-05:00" testType="13cdc9d9-ddb5-4fa4-a97d-d965ccfc6d4b" outcome="Passed" testListId="8c84fa94-04c1-424b-9868-57a2d4851a1d" relativeResultsDirectory="7a92e94b-0f07-4e27-9c4f-adbb03c69490" />
    <UnitTestResult executionId="becbb6d5-e984-48cf-81a2-bd67845954fe" testId="5ea527b7-ad14-11df-0ff7-720155ea4597" testName="SidebarKeepsSectionOrderAndSeparatesNetworkDrives" computerName="PAYTONPC" duration="00:00:00.0004908" startTime="2026-09-23T15:17:42.7414630-05:00" endTime="2026-09-23T15:17:42.7419895-05:00" testType="13cdc9d9-ddb5-4fa4-a97d-d965ccfc6d4b" outcome="Passed" testListId="8c84fa94-04c1-424b-9868-57a2d4851a1d" relativeResultsDirectory="becbb6d5-e984-48cf-81a2-bd67845954fe" />
    <UnitTestResult executionId="04e42de4-72c1-406c-a298-6c9ecafa0ce0" testId="10179edc-562b-4437-9c38-9eca5b513ff2" testName="TreemapHandlesEmptyInvalidAndSingleItemInputs" computerName="PAYTONPC" duration="00:00:00.0009664" startTime="2026-09-23T15:17:39.3736053-05:00" endTime="2026-09-23T15:17:39.3746657-05:00" testType="13cdc9d9-ddb5-4fa4-a97d-d965ccfc6d4b" outcome="Passed" testListId="8c84fa94-04c1-424b-9868-57a2d4851a1d" relativeResultsDirectory="04e42de4-72c1-406c-a298-6c9ecafa0ce0" />
    <UnitTestResult executionId="d707c17d-a0f5-4146-ac25-346dc5bf4cbf" testId="0646d064-ea53-8e51-b1cd-9af55eb3d6d2" testName="DeleteRemovesAssignmentsWithoutRemovingOtherTags" computerName="PAYTONPC" duration="00:00:00.0012891" startTime="2026-09-23T15:17:42.7811467-05:00" endTime="2026-09-23T15:17:42.7825015-05:00" testType="13cdc9d9-ddb5-4fa4-a97d-d965ccfc6d4b" outcome="Passed" testListId="8c84fa94-04c1-424b-9868-57a2d4851a1d" relativeResultsDirectory="d707c17d-a0f5-4146-ac25-346dc5bf4cbf" />
    <UnitTestResult executionId="d03c55fd-6279-41db-8b86-f8465ba5c3ba" testId="ff508cf4-6416-d6f2-4071-dc9327455359" testName="AggregatesDescendantsExactlyOnceAndKeepsZeroSizeEntries" computerName="PAYTONPC" duration="00:00:00.0010260" startTime="2026-09-23T15:17:39.3493461-05:00" endTime="2026-09-23T15:17:39.3506364-05:00" testType="13cdc9d9-ddb5-4fa4-a97d-d965ccfc6d4b" outcome="Passed" testListId="8c84fa94-04c1-424b-9868-57a2d4851a1d" relativeResultsDirectory="d03c55fd-6279-41db-8b86-f8465ba5c3ba" />
    <UnitTestResult executionId="6f709a39-c123-4a05-9607-86e68480ae3b" testId="a43681db-a53c-3c15-582c-06e2fb83b087" testName="DetailBudgetFadesGraduallyAndReversibly" computerName="PAYTONPC" duration="00:00:00.0004922" startTime="2026-09-23T15:17:38.2428742-05:00" endTime="2026-09-23T15:17:38.2435000-05:00" testType="13cdc9d9-ddb5-4fa4-a97d-d965ccfc6d4b" outcome="Passed" testListId="8c84fa94-04c1-424b-9868-57a2d4851a1d" relativeResultsDirectory="6f709a39-c123-4a05-9607-86e68480ae3b" />
    <UnitTestResult executionId="22594ab9-030d-49c0-8497-68418affd8f9" testId="6723d7b0-c265-5030-c774-403e54cf07da" testName="DeepHierarchyUsesIterativeAggregationAndUntruncatedPaths" computerName="PAYTONPC" duration="00:00:00.0111195" startTime="2026-09-23T15:17:39.3510539-05:00" endTime="2026-09-23T15:17:39.3622459-05:00" testType="13cdc9d9-ddb5-4fa4-a97d-d965ccfc6d4b" outcome="Passed" testListId="8c84fa94-04c1-424b-9868-57a2d4851a1d" relativeResultsDirectory="22594ab9-030d-49c0-8497-68418affd8f9" />
    <UnitTestResult executionId="4db8e8f2-9a11-4a78-9908-4e4f59c79036" testId="d800ce15-cb34-d296-4941-86ecf8f81794" testName="InvalidDestinationNeverCallsWindows (&quot;relative&quot;)" computerName="PAYTONPC" duration="00:00:00.0000053" startTime="2026-09-23T15:17:42.7234521-05:00" endTime="2026-09-23T15:17:42.7234997-05:00" testType="13cdc9d9-ddb5-4fa4-a97d-d965ccfc6d4b" outcome="Passed" testListId="8c84fa94-04c1-424b-9868-57a2d4851a1d" relativeResultsDirectory="4db8e8f2-9a11-4a78-9908-4e4f59c79036" />
    <UnitTestResult executionId="a176c88f-919c-4838-847f-127d9cb0914e" testId="9accb4f8-d878-8d2b-e04b-ddf2829b67c7" testName="InvalidSourceNeverCallsWindows (&quot;C:\source\file.txt\u0000C:\other.txt&quot;)" computerName="PAYTONPC" duration="00:00:00.0000108" startTime="2026-09-23T15:17:42.7228869-05:00" endTime="2026-09-23T15:17:42.7231006-05:00" testType="13cdc9d9-ddb5-4fa4-a97d-d965ccfc6d4b" outcome="Passed" testListId="8c84fa94-04c1-424b-9868-57a2d4851a1d" relativeResultsDirectory="a176c88f-919c-4838-847f-127d9cb0914e" />
    <UnitTestResult executionId="a46311f9-2961-4a1b-bf67-112315898040" testId="002f5b0a-d613-afe7-9e74-fe5279f5327c" testName="FlatLayoutPreservesEveryFileAndProportionalNonOverlappingAreas (1000,1)" computerName="PAYTONPC" duration="00:00:00.0230968" startTime="2026-09-23T15:17:29.2970076-05:00" endTime="2026-09-23T15:17:29.3300495-05:00" testType="13cdc9d9-ddb5-4fa4-a97d-d965ccfc6d4b" outcome="Passed" testListId="8c84fa94-04c1-424b-9868-57a2d4851a1d" relativeResultsDirectory="a46311f9-2961-4a1b-bf67-112315898040">
      <Output>
        <StdOut>TestContext Messages:&#xD;
Flat layout: 1,000 files, 1,009 tiles, 9.37 ms, 55,161 retained array bytes.</StdOut>
      </Output>
    </UnitTestResult>
    <UnitTestResult executionId="776437f3-330a-4d06-8156-4351aa445609" testId="47157653-f396-a591-e5d9-5d0822b4e9f2" testName="UnavailableRootCannotPublishAnEmptySuccessfulIndex" computerName="PAYTONPC" duration="00:00:00.0014358" startTime="2026-09-23T15:17:42.9560389-05:00" endTime="2026-09-23T15:17:42.9575980-05:00" testType="13cdc9d9-ddb5-4fa4-a97d-d965ccfc6d4b" outcome="Passed" testListId="8c84fa94-04c1-424b-9868-57a2d4851a1d" relativeResultsDirectory="776437f3-330a-4d06-8156-4351aa445609" />
    <UnitTestResult executionId="4d78538c-f828-4454-87cb-48231754e444" testId="e85683fa-5584-12d4-2b2e-e1ef71a34c42" testName="WorkerWakesWhenRetryBecomesEligibleInsteadOfWaitingForNextSave" computerName="PAYTONPC" duration="00:00:00.0018393" startTime="2026-09-23T15:17:42.7255999-05:00" endTime="2026-09-23T15:17:42.7274777-05:00" testType="13cdc9d9-ddb5-4fa4-a97d-d965ccfc6d4b" outcome="Passed" testListId="8c84fa94-04c1-424b-9868-57a2d4851a1d" relativeResultsDirectory="4d78538c-f828-4454-87cb-48231754e444" />
    <UnitTestResult executionId="d6a91768-16a2-43f0-ac36-6792655dd213" testId="bf28598f-5276-ac84-f385-92edcb8bdedc" testName="DenseCameraFramesHaveBoundedWorkAndReportTimings (4748,1220,True)" computerName="PAYTONPC" duration="00:00:04.1020016" startTime="2026-09-23T15:17:32.9713930-05:00" endTime="2026-09-23T15:17:37.0740422-05:00" testType="13cdc9d9-ddb5-4fa4-a97d-d965ccfc6d4b" outcome="Passed" testListId="8c84fa94-04c1-424b-9868-57a2d4851a1d" relativeResultsDirectory="d6a91768-16a2-43f0-ac36-6792655dd213">
      <Output>
        <StdOut>TestContext Messages:&#xD;
GPU, 4748x1220, 25,600 files, 180 camera frames: median 0.15 ms, p95 4.21 ms, max 17.57 ms; walk median 0.00 ms, p95 0.00 ms; UI allocation 140,504 bytes/frame; peak 7,873 tiles; 12 builds, 685 reused frames, 12 GPU uploads.</StdOut>
      </Output>
    </UnitTestResult>
    <UnitTestResult executionId="4836b8ae-bd70-4b90-8b5e-17104c03cc41" testId="36fab588-000a-8f08-8dd1-7190f58307b1" testName="InvalidSourceNeverCallsWindows (&quot;C:\source\fi?e.txt&quot;)" computerName="PAYTONPC" duration="00:00:00.0000035" startTime="2026-09-23T15:17:42.7224577-05:00" endTime="2026-09-23T15:17:42.7224965-05:00" testType="13cdc9d9-ddb5-4fa4-a97d-d965ccfc6d4b" outcome="Passed" testListId="8c84fa94-04c1-424b-9868-57a2d4851a1d" relativeResultsDirectory="4836b8ae-bd70-4b90-8b5e-17104c03cc41" />
    <UnitTestResult executionId="a6c85116-c05a-4ae2-8e4a-ceaa857798cb" testId="3b7823f9-ab87-c4f0-5400-68392995d4e8" testName="InvalidDestinationNeverCallsWindows (null)" computerName="PAYTONPC" duration="00:00:00.0001065" startTime="2026-09-23T15:17:42.7231156-05:00" endTime="2026-09-23T15:17:42.7232574-05:00" testType="13cdc9d9-ddb5-4fa4-a97d-d965ccfc6d4b" outcome="Passed" testListId="8c84fa94-04c1-424b-9868-57a2d4851a1d" relativeResultsDirectory="a6c85116-c05a-4ae2-8e4a-ceaa857798cb" />
    <UnitTestResult executionId="8946dca6-e3b2-4c16-a3df-1a4cb34a1d94" testId="c8593dca-86aa-2929-5913-3520a3d70ee5" testName="NativeRequestRetainsPathsFlagsAndOwner (Rename,4)" computerName="PAYTONPC" duration="00:00:00.0000059" startTime="2026-09-23T15:17:42.7216308-05:00" endTime="2026-09-23T15:17:42.7216880-05:00" testType="13cdc9d9-ddb5-4fa4-a97d-d965ccfc6d4b" outcome="Passed" testListId="8c84fa94-04c1-424b-9868-57a2d4851a1d" relativeResultsDirectory="8946dca6-e3b2-4c16-a3df-1a4cb34a1d94" />
    <UnitTestResult executionId="a5597b1f-e148-4c63-b29d-f843fa466b76" testId="f868e37e-c0b5-1a65-6c26-57410d938084" testName="LiveSubtreeScanHasNoDepthCap" computerName="PAYTONPC" duration="00:00:00.0290517" startTime="2026-09-23T15:17:42.8619645-05:00" endTime="2026-09-23T15:17:42.8912099-05:00" testType="13cdc9d9-ddb5-4fa4-a97d-d965ccfc6d4b" outcome="Passed" testListId="8c84fa94-04c1-424b-9868-57a2d4851a1d" relativeResultsDirectory="a5597b1f-e148-4c63-b29d-f843fa466b76" />
    <UnitTestResult executionId="35fcacec-b52c-436c-a166-a729413872f2" testId="a91d2968-8c38-20f5-1be1-ed4e368a6f7d" testName="ZoomPrefetchStartsOnlyOneBackgroundFolderAtATime" computerName="PAYTONPC" duration="00:00:00.1318655" startTime="2026-09-23T15:17:38.5141933-05:00" endTime="2026-09-23T15:17:38.6462678-05:00" testType="13cdc9d9-ddb5-4fa4-a97d-d965ccfc6d4b" outcome="Passed" testListId="8c84fa94-04c1-424b-9868-57a2d4851a1d" relativeResultsDirectory="35fcacec-b52c-436c-a166-a729413872f2" />
    <UnitTestResult executionId="1e4e5670-0d48-452d-aecb-ae1f01e7f48c" testId="6499b362-3804-188a-349c-a2eb013c894c" testName="MapListingWaitsWhenZoomResumesDuringPreparation" computerName="PAYTONPC" duration="00:00:00.7376517" startTime="2026-09-23T15:17:39.3927282-05:00" endTime="2026-09-23T15:17:40.1304777-05:00" testType="13cdc9d9-ddb5-4fa4-a97d-d965ccfc6d4b" outcome="Passed" testListId="8c84fa94-04c1-424b-9868-57a2d4851a1d" relativeResultsDirectory="1e4e5670-0d48-452d-aecb-ae1f01e7f48c" />
    <UnitTestResult executionId="939b2975-fbbf-484c-b2b4-b8ec445197ed" testId="2fd19611-b392-26f3-435e-9e7b1ed32769" testName="DisabledWindowsSettingIsRespectedEvenForContentSearch" computerName="PAYTONPC" duration="00:00:00.0004035" startTime="2026-09-23T15:17:42.7531005-05:00" endTime="2026-09-23T15:17:42.7535426-05:00" testType="13cdc9d9-ddb5-4fa4-a97d-d965ccfc6d4b" outcome="Passed" testListId="8c84fa94-04c1-424b-9868-57a2d4851a1d" relativeResultsDirectory="939b2975-fbbf-484c-b2b4-b8ec445197ed" />
    <UnitTestResult executionId="ceafb088-d09a-4ec0-a6a5-768626087d47" testId="4e070c3c-9752-8264-a78a-2b488783401d" testName="DisplaySharesAndGroupedTilesPreserveTotalsAndMatchListColors" computerName="PAYTONPC" duration="00:00:00.0016464" startTime="2026-09-23T15:17:40.1368524-05:00" endTime="2026-09-23T15:17:40.1385392-05:00" testType="13cdc9d9-ddb5-4fa4-a97d-d965ccfc6d4b" outcome="Passed" testListId="8c84fa94-04c1-424b-9868-57a2d4851a1d" relativeResultsDirectory="ceafb088-d09a-4ec0-a6a5-768626087d47" />
    <UnitTestResult executionId="c9d486ad-d4d0-4cd1-b8cd-22a2e2c81439" testId="d644b325-5b9f-6e38-8cf4-cb7d49966deb" testName="MapZoomsContinuouslyBetweenFoldersWithRealApplicationStyles" computerName="PAYTONPC" duration="00:00:02.5711169" startTime="2026-09-23T15:17:40.1385552-05:00" endTime="2026-09-23T15:17:42.7098249-05:00" testType="13cdc9d9-ddb5-4fa4-a97d-d965ccfc6d4b" outcome="Passed" testListId="8c84fa94-04c1-424b-9868-57a2d4851a1d" relativeResultsDirectory="c9d486ad-d4d0-4cd1-b8cd-22a2e2c81439">
      <Output>
        <StdOut>TestContext Messages:&#xD;
100,000 files: first frame 289 ms; 31869 tiles drawn.</StdOut>
      </Output>
      <ResultFiles>
        <ResultFile path="PAYTONPC\disk-usage-dense-detail.png" />
        <ResultFile path="PAYTONPC\disk-usage-dense-detail[1].png" />
        <ResultFile path="PAYTONPC\disk-usage-dense.png" />
        <ResultFile path="PAYTONPC\disk-usage-empty.png" />
        <ResultFile path="PAYTONPC\disk-usage-folder-transition.png" />
        <ResultFile path="PAYTONPC\disk-usage-folder.png" />
        <ResultFile path="PAYTONPC\disk-usage-folder[1].png" />
        <ResultFile path="PAYTONPC\disk-usage-large.png" />
        <ResultFile path="PAYTONPC\disk-usage-loading.png" />
        <ResultFile path="PAYTONPC\disk-usage-restored.png" />
        <ResultFile path="PAYTONPC\disk-usage-restored[1].png" />
        <ResultFile path="PAYTONPC\disk-usage-wheel-before-enter.png" />
        <ResultFile path="PAYTONPC\disk-usage-wheel-before-enter[1].png" />
        <ResultFile path="PAYTONPC\disk-usage-wheel-folder.png" />
        <ResultFile path="PAYTONPC\disk-usage-wheel-folder[1].png" />
        <ResultFile path="PAYTONPC\disk-usage-wheel-out.png" />
        <ResultFile path="PAYTONPC\disk-usage-wheel-out[1].png" />
        <ResultFile path="PAYTONPC\disk-usage-wheel-start.png" />
        <ResultFile path="PAYTONPC\disk-usage-wheel-start[1].png" />
        <ResultFile path="PAYTONPC\disk-usage-wide.png" />
        <ResultFile path="PAYTONPC\disk-usage-wide[1].png" />
        <ResultFile path="PAYTONPC\disk-usage-wide[2].png" />
        <ResultFile path="PAYTONPC\indexing-overview-compact.png" />
        <ResultFile path="PAYTONPC\indexing-overview-wide.png" />
      </ResultFiles>
    </UnitTestResult>
    <UnitTestResult executionId="1ecd092a-9c9e-488b-bf05-ea92536f0d1e" testId="32f9aef4-f79d-d497-d42c-d20123097697" testName="NewNavigationTruncatesForwardHistoryButReloadAndSameFolderDoNot" computerName="PAYTONPC" duration="00:00:00.0013434" startTime="2026-09-23T15:17:40.1326658-05:00" endTime="2026-09-23T15:17:40.1340766-05:00" testType="13cdc9d9-ddb5-4fa4-a97d-d965ccfc6d4b" outcome="Passed" testListId="8c84fa94-04c1-424b-9868-57a2d4851a1d" relativeResultsDirectory="1ecd092a-9c9e-488b-bf05-ea92536f0d1e" />
    <UnitTestResult executionId="ec85d92d-e624-4f82-be80-bb33a17702d2" testId="03a420c6-8667-75c5-94e0-7530b36d36c9" testName="MissingFolderInReloadedHistoryDoesNotMoveHistoryPosition" computerName="PAYTONPC" duration="00:00:00.0011469" startTime="2026-09-23T15:17:40.1356471-05:00" endTime="2026-09-23T15:17:40.1368325-05:00" testType="13cdc9d9-ddb5-4fa4-a97d-d965ccfc6d4b" outcome="Passed" testListId="8c84fa94-04c1-424b-9868-57a2d4851a1d" relativeResultsDirectory="ec85d92d-e624-4f82-be80-bb33a17702d2" />
    <UnitTestResult executionId="6f0a658c-7667-4182-b1f6-db6b9dd98972" testId="47c7a1fa-9de4-31e5-3e9f-ec15f4486915" testName="CoveredIndexStillCrawlsForFilterOnlyQueries (&quot;ext:txt&quot;,Normal)" computerName="PAYTONPC" duration="00:00:00.0005934" startTime="2026-09-23T15:17:42.7520570-05:00" endTime="2026-09-23T15:17:42.7527952-05:00" testType="13cdc9d9-ddb5-4fa4-a97d-d965ccfc6d4b" outcome="Passed" testListId="8c84fa94-04c1-424b-9868-57a2d4851a1d" relativeResultsDirectory="6f0a658c-7667-4182-b1f6-db6b9dd98972" />
    <UnitTestResult executionId="e082f699-ccda-44e4-87d7-b51d5022df45" testId="1e6155a4-2e80-2207-7704-16f28faf2983" testName="SearchHonorsKindTermsLimitAndCancellation" computerName="PAYTONPC" duration="00:00:00.0004807" startTime="2026-09-23T15:17:42.7139556-05:00" endTime="2026-09-23T15:17:42.7144958-05:00" testType="13cdc9d9-ddb5-4fa4-a97d-d965ccfc6d4b" outcome="Passed" testListId="8c84fa94-04c1-424b-9868-57a2d4851a1d" relativeResultsDirectory="e082f699-ccda-44e4-87d7-b51d5022df45" />
    <UnitTestResult executionId="0431e1d3-4fda-44e8-9266-8956068be2fe" testId="7a9573c3-57f6-4139-d280-34925d510d86" testName="FailedIndexFallsBackEvenWhenItClaimedCoverage" computerName="PAYTONPC" duration="00:00:00.0006291" startTime="2026-09-23T15:17:42.7535594-05:00" endTime="2026-09-23T15:17:42.7542214-05:00" testType="13cdc9d9-ddb5-4fa4-a97d-d965ccfc6d4b" outcome="Passed" testListId="8c84fa94-04c1-424b-9868-57a2d4851a1d" relativeResultsDirectory="0431e1d3-4fda-44e8-9266-8956068be2fe" />
    <UnitTestResult executionId="48532f2b-0b94-4497-bb0f-9983adf7e5a4" testId="9019e099-72f8-628a-20ce-c848580d1306" testName="NativeOutcomePreservesStatusAndDiagnostics (2,False,Failed,NotFound)" computerName="PAYTONPC" duration="00:00:00.0000060" startTime="2026-09-23T15:17:42.7196104-05:00" endTime="2026-09-23T15:17:42.7196644-05:00" testType="13cdc9d9-ddb5-4fa4-a97d-d965ccfc6d4b" outcome="Passed" testListId="8c84fa94-04c1-424b-9868-57a2d4851a1d" relativeResultsDirectory="48532f2b-0b94-4497-bb0f-9983adf7e5a4" />
    <UnitTestResult executionId="226f17d9-aa8c-4e63-8899-6e7c78900efb" testId="f861ec37-15f5-9bf9-2ce4-e60e0e9f650d" testName="BothTraversalsUseTheSameReparsePolicy (2684354563,False)" computerName="PAYTONPC" duration="00:00:00.0002238" startTime="2026-09-23T15:17:42.9580259-05:00" endTime="2026-09-23T15:17:42.9583248-05:00" testType="13cdc9d9-ddb5-4fa4-a97d-d965ccfc6d4b" outcome="Passed" testListId="8c84fa94-04c1-424b-9868-57a2d4851a1d" relativeResultsDirectory="226f17d9-aa8c-4e63-8899-6e7c78900efb" />
    <UnitTestResult executionId="b0840000-eda4-4767-b46b-2277f690f43f" testId="9c1bb674-b69a-0a86-2ecb-12a6d9d1b2e4" testName="EventsDuringReplacementAreAppliedToThePublishedIndex" computerName="PAYTONPC" duration="00:00:00.3681921" startTime="2026-09-23T15:17:43.0468272-05:00" endTime="2026-09-23T15:17:43.4151680-05:00" testType="13cdc9d9-ddb5-4fa4-a97d-d965ccfc6d4b" outcome="Passed" testListId="8c84fa94-04c1-424b-9868-57a2d4851a1d" relativeResultsDirectory="b0840000-eda4-4767-b46b-2277f690f43f" />
    <UnitTestResult executionId="7738edeb-a7cd-4952-ba49-650177b35ffc" testId="e0b4d377-5e02-3b81-6a9d-2aafd6a16824" testName="DriveProgressDistinguishesRefreshCompletionAndMissingCoverage" computerName="PAYTONPC" duration="00:00:00.0003476" startTime="2026-09-23T15:17:42.7285517-05:00" endTime="2026-09-23T15:17:42.7289417-05:00" testType="13cdc9d9-ddb5-4fa4-a97d-d965ccfc6d4b" outcome="Passed" testListId="8c84fa94-04c1-424b-9868-57a2d4851a1d" relativeResultsDirectory="7738edeb-a7cd-4952-ba49-650177b35ffc" />
    <UnitTestResult executionId="d86f015d-8b85-450c-8578-c720be4ece04" testId="a347be21-6be2-5eef-d450-853f87bb13e7" testName="InvalidHierarchyAndOverflowFailExplicitly" computerName="PAYTONPC" duration="00:00:00.0005985" startTime="2026-09-23T15:17:39.3623333-05:00" endTime="2026-09-23T15:17:39.3630443-05:00" testType="13cdc9d9-ddb5-4fa4-a97d-d965ccfc6d4b" outcome="Passed" testListId="8c84fa94-04c1-424b-9868-57a2d4851a1d" relativeResultsDirectory="d86f015d-8b85-450c-8578-c720be4ece04" />
    <UnitTestResult executionId="8137586c-5e9b-4de7-a34b-55fe956205cc" testId="2ffe2e85-5967-bc10-2f21-33dc91fe2661" testName="InvalidSourceNeverCallsWindows (&quot;relative.txt&quot;)" computerName="PAYTONPC" duration="00:00:00.0000072" startTime="2026-09-23T15:17:42.7222672-05:00" endTime="2026-09-23T15:17:42.7223144-05:00" testType="13cdc9d9-ddb5-4fa4-a97d-d965ccfc6d4b" outcome="Passed" testListId="8c84fa94-04c1-424b-9868-57a2d4851a1d" relativeResultsDirectory="8137586c-5e9b-4de7-a34b-55fe956205cc" />
    <UnitTestResult executionId="af60b601-7910-4f5e-92f2-77133567bd57" testId="65642bbf-5ad2-58be-3533-5878786d36cf" testName="BothTraversalsUseTheSameReparsePolicy (2415919130,True)" computerName="PAYTONPC" duration="00:00:00.0000063" startTime="2026-09-23T15:17:42.9583417-05:00" endTime="2026-09-23T15:17:42.9584243-05:00" testType="13cdc9d9-ddb5-4fa4-a97d-d965ccfc6d4b" outcome="Passed" testListId="8c84fa94-04c1-424b-9868-57a2d4851a1d" relativeResultsDirectory="af60b601-7910-4f5e-92f2-77133567bd57" />
    <UnitTestResult executionId="ede2d99b-51c9-41a2-bb53-01bb527c53fd" testId="cda325ea-36d5-2ac5-ebd4-3fe19bdd9501" testName="ResidentGpuGeometryMovesActualPixelsWithoutReuploading" computerName="PAYTONPC" duration="00:00:00.1976216" startTime="2026-09-23T15:17:38.0450036-05:00" endTime="2026-09-23T15:17:38.2427806-05:00" testType="13cdc9d9-ddb5-4fa4-a97d-d965ccfc6d4b" outcome="Passed" testListId="8c84fa94-04c1-424b-9868-57a2d4851a1d" relativeResultsDirectory="ede2d99b-51c9-41a2-bb53-01bb527c53fd" />
    <UnitTestResult executionId="b5ad35d8-b34b-4ad5-9f26-72489f5b43f1" testId="d8badc5d-f51a-ed9e-f13f-38e926853d48" testName="CanceledFolderLoadDoesNotEnumerate" computerName="PAYTONPC" duration="00:00:00.0016515" startTime="2026-09-23T15:17:42.7384110-05:00" endTime="2026-09-23T15:17:42.7401857-05:00" testType="13cdc9d9-ddb5-4fa4-a97d-d965ccfc6d4b" outcome="Passed" testListId="8c84fa94-04c1-424b-9868-57a2d4851a1d" relativeResultsDirectory="b5ad35d8-b34b-4ad5-9f26-72489f5b43f1" />
    <UnitTestResult executionId="b5493471-f535-4087-a34b-f6ba8ecc462b" testId="125dfd71-bb14-da9e-8107-21e7c0eea706" testName="CreateReusesCaseInsensitiveNamesAndGeneratesUniqueIds" computerName="PAYTONPC" duration="00:00:00.0010487" startTime="2026-09-23T15:17:42.7998013-05:00" endTime="2026-09-23T15:17:42.8008854-05:00" testType="13cdc9d9-ddb5-4fa4-a97d-d965ccfc6d4b" outcome="Passed" testListId="8c84fa94-04c1-424b-9868-57a2d4851a1d" relativeResultsDirectory="b5493471-f535-4087-a34b-f6ba8ecc462b" />
    <UnitTestResult executionId="249b61e0-be11-4b90-bdb0-fe55eb63727a" testId="022a0dd7-8322-c23c-eef9-4810f79a97dc" testName="DenseCameraFramesHaveBoundedWorkAndReportTimings (1280,800)" computerName="PAYTONPC" duration="00:00:01.1589926" startTime="2026-09-23T15:17:30.1734390-05:00" endTime="2026-09-23T15:17:31.3326972-05:00" testType="13cdc9d9-ddb5-4fa4-a97d-d965ccfc6d4b" outcome="Passed" testListId="8c84fa94-04c1-424b-9868-57a2d4851a1d" relativeResultsDirectory="249b61e0-be11-4b90-bdb0-fe55eb63727a">
      <Output>
        <StdOut>TestContext Messages:&#xD;
CPU fallback, 1280x800, 25,600 files, 180 camera frames: median 0.64 ms, p95 2.42 ms, max 5.68 ms; walk median 0.00 ms, p95 1.11 ms; UI allocation 68,157 bytes/frame; peak 7,873 tiles; 10 builds, 195 reused frames, 0 GPU uploads.</StdOut>
      </Output>
    </UnitTestResult>
    <UnitTestResult executionId="b1018613-1efe-499e-9e22-222921a949ed" testId="03db2dcb-05b2-806c-8e4b-9c272507f8e8" testName="ToggleMixedSelectionAddsToAllThenRemovesFromAll" computerName="PAYTONPC" duration="00:00:00.0008932" startTime="2026-09-23T15:17:42.7825312-05:00" endTime="2026-09-23T15:17:42.7834703-05:00" testType="13cdc9d9-ddb5-4fa4-a97d-d965ccfc6d4b" outcome="Passed" testListId="8c84fa94-04c1-424b-9868-57a2d4851a1d" relativeResultsDirectory="b1018613-1efe-499e-9e22-222921a949ed" />
    <UnitTestResult executionId="dd6a9f11-0bbc-4f45-90bf-65881ea5b411" testId="fdb47a69-1258-e014-1000-88c277a380c4" testName="SupersededRequestCannotPublishAfterNewSearch" computerName="PAYTONPC" duration="00:00:00.0016474" startTime="2026-09-23T15:17:42.7542380-05:00" endTime="2026-09-23T15:17:42.7559201-05:00" testType="13cdc9d9-ddb5-4fa4-a97d-d965ccfc6d4b" outcome="Passed" testListId="8c84fa94-04c1-424b-9868-57a2d4851a1d" relativeResultsDirectory="dd6a9f11-0bbc-4f45-90bf-65881ea5b411" />
    <UnitTestResult executionId="89de051d-8997-4e25-a166-bf7455daf7f6" testId="b065370d-cbcb-4da6-e044-a303046f488c" testName="ClearingCompletedSearchRestoresBrowsingStatus (&quot;C:\source&quot;,0,&quot;This folder is empty&quot;)" computerName="PAYTONPC" duration="00:00:00.0005761" startTime="2026-09-23T15:17:42.7573001-05:00" endTime="2026-09-23T15:17:42.7579665-05:00" testType="13cdc9d9-ddb5-4fa4-a97d-d965ccfc6d4b" outcome="Passed" testListId="8c84fa94-04c1-424b-9868-57a2d4851a1d" relativeResultsDirectory="89de051d-8997-4e25-a166-bf7455daf7f6" />
    <UnitTestResult executionId="117fee01-00e3-4380-ac7b-78d08a576479" testId="8e512ed7-b3f6-de6e-54ca-ebb6abebccab" testName="MalformedJsonFallsBackToDefaultsWithoutOverwritingInput" computerName="PAYTONPC" duration="00:00:00.0005690" startTime="2026-09-23T15:17:42.8009008-05:00" endTime="2026-09-23T15:17:42.8015112-05:00" testType="13cdc9d9-ddb5-4fa4-a97d-d965ccfc6d4b" outcome="Passed" testListId="8c84fa94-04c1-424b-9868-57a2d4851a1d" relativeResultsDirectory="117fee01-00e3-4380-ac7b-78d08a576479" />
    <UnitTestResult executionId="c64da564-7180-4952-94fc-af81516451d4" testId="86101756-059c-0ae9-3f27-48643e91d9a0" testName="RequestsRejectRootsGroupsForeignChildrenAndUnsafeNames" computerName="PAYTONPC" duration="00:00:00.0027963" startTime="2026-09-23T15:17:29.4684889-05:00" endTime="2026-09-23T15:17:29.4713354-05:00" testType="13cdc9d9-ddb5-4fa4-a97d-d965ccfc6d4b" outcome="Passed" testListId="8c84fa94-04c1-424b-9868-57a2d4851a1d" relativeResultsDirectory="c64da564-7180-4952-94fc-af81516451d4" />
    <UnitTestResult executionId="934d19ef-6a3b-4358-9c89-09406764a5db" testId="6466f0a5-a55b-47dd-17cd-cc425184a54d" testName="ClosingMapCancelsBackgroundWorkAndPreventsRestart" computerName="PAYTONPC" duration="00:00:00.1073266" startTime="2026-09-23T15:17:38.6463561-05:00" endTime="2026-09-23T15:17:38.7538443-05:00" testType="13cdc9d9-ddb5-4fa4-a97d-d965ccfc6d4b" outcome="Passed" testListId="8c84fa94-04c1-424b-9868-57a2d4851a1d" relativeResultsDirectory="934d19ef-6a3b-4358-9c89-09406764a5db" />
    <UnitTestResult executionId="d15f8d97-0ae5-4ff6-b7d3-b8e2f85ab7cb" testId="1377a481-74e3-d4ab-3190-ebb52730acfd" testName="BothTraversalsUseTheSameReparsePolicy (2684354572,False)" computerName="PAYTONPC" duration="00:00:00.0001899" startTime="2026-09-23T15:17:42.9576430-05:00" endTime="2026-09-23T15:17:42.9580063-05:00" testType="13cdc9d9-ddb5-4fa4-a97d-d965ccfc6d4b" outcome="Passed" testListId="8c84fa94-04c1-424b-9868-57a2d4851a1d" relativeResultsDirectory="d15f8d97-0ae5-4ff6-b7d3-b8e2f85ab7cb" />
    <UnitTestResult executionId="375d4638-f53e-4b39-aad1-cb95c9391461" testId="25ecb33d-cc3f-e6e5-b62c-786b3e337925" testName="TagAssignmentIsCaseInsensitiveAndDoesNotDuplicate" computerName="PAYTONPC" duration="00:00:00.0026866" startTime="2026-09-23T15:17:42.7782975-05:00" endTime="2026-09-23T15:17:42.7811066-05:00" testType="13cdc9d9-ddb5-4fa4-a97d-d965ccfc6d4b" outcome="Passed" testListId="8c84fa94-04c1-424b-9868-57a2d4851a1d" relativeResultsDirectory="375d4638-f53e-4b39-aad1-cb95c9391461" />
    <UnitTestResult executionId="9bf1b9a3-8848-4f15-82e7-80402845b8c1" testId="2fbc6c55-a8b7-e5a9-229c-bd70bf45b7f3" testName="PartialCancellationRemovesOnlyConfirmedMissingDescendants" computerName="PAYTONPC" duration="00:00:00.0015951" startTime="2026-09-23T15:17:29.5133489-05:00" endTime="2026-09-23T15:17:29.5150578-05:00" testType="13cdc9d9-ddb5-4fa4-a97d-d965ccfc6d4b" outcome="Passed" testListId="8c84fa94-04c1-424b-9868-57a2d4851a1d" relativeResultsDirectory="9bf1b9a3-8848-4f15-82e7-80402845b8c1" />
    <UnitTestResult executionId="0023e6b6-71a7-459f-aae0-1dda5cacfa13" testId="28b8c877-544b-bd2a-39f9-64d7e3682d09" testName="InvalidSourceNeverCallsWindows (&quot; &quot;)" computerName="PAYTONPC" duration="00:00:00.0000910" startTime="2026-09-23T15:17:42.7221131-05:00" endTime="2026-09-23T15:17:42.7222514-05:00" testType="13cdc9d9-ddb5-4fa4-a97d-d965ccfc6d4b" outcome="Passed" testListId="8c84fa94-04c1-424b-9868-57a2d4851a1d" relativeResultsDirectory="0023e6b6-71a7-459f-aae0-1dda5cacfa13" />
    <UnitTestResult executionId="1b8f71a6-d0ec-467e-9568-996c56218234" testId="045e79d2-cfcc-1afa-728f-6339fbbe7dc2" testName="SamePathRefreshDoesNotDuplicateHistoryAndVirtualHubCannotGoUp" computerName="PAYTONPC" duration="00:00:00.0001548" startTime="2026-09-23T15:17:42.7406515-05:00" endTime="2026-09-23T15:17:42.7408435-05:00" testType="13cdc9d9-ddb5-4fa4-a97d-d965ccfc6d4b" outcome="Passed" testListId="8c84fa94-04c1-424b-9868-57a2d4851a1d" relativeResultsDirectory="1b8f71a6-d0ec-467e-9568-996c56218234" />
    <UnitTestResult executionId="c7270471-77ed-4798-9fbd-a1f151e51670" testId="7a38b1e4-d758-ee78-a157-8a5fb563db19" testName="EmptyQueryHasNoFilters (null)" computerName="PAYTONPC" duration="00:00:00.0000575" startTime="2026-09-23T15:17:42.8015266-05:00" endTime="2026-09-23T15:17:42.8016290-05:00" testType="13cdc9d9-ddb5-4fa4-a97d-d965ccfc6d4b" outcome="Passed" testListId="8c84fa94-04c1-424b-9868-57a2d4851a1d" relativeResultsDirectory="c7270471-77ed-4798-9fbd-a1f151e51670" />
    <UnitTestResult executionId="05d016a1-0252-4748-8f1b-e31d1f9a098a" testId="e8e7bd5a-306f-1813-3b40-4279fda39be2" testName="FailedWatcherMarksOnlyItsDriveAndRequestsRecovery" computerName="PAYTONPC" duration="00:00:00.0017612" startTime="2026-09-23T15:17:43.4156898-05:00" endTime="2026-09-23T15:17:43.4183565-05:00" testType="13cdc9d9-ddb5-4fa4-a97d-d965ccfc6d4b" outcome="Passed" testListId="8c84fa94-04c1-424b-9868-57a2d4851a1d" relativeResultsDirectory="05d016a1-0252-4748-8f1b-e31d1f9a098a">
      <Output>
        <StdOut>Debug Trace:&#xD;
Clearspace: cannot watch C:\Users\Payton\AppData\Local\Temp\ClearspaceTraversalTests\bcc836d156c14142a8833d4a4d1a8542\not-present. The directory name 'C:\Users\Payton\AppData\Local\Temp\ClearspaceTraversalTests\bcc836d156c14142a8833d4a4d1a8542\not-present' does not exist. (Parameter 'path')</StdOut>
      </Output>
    </UnitTestResult>
    <UnitTestResult executionId="9db148d5-9c97-43d6-8954-32b50c6e9588" testId="3a9a2f58-f4b5-4c48-8484-2d20377d1b71" testName="NativeOutcomePreservesStatusAndDiagnostics (9876,False,Failed,Other)" computerName="PAYTONPC" duration="00:00:00.0000066" startTime="2026-09-23T15:17:42.7199132-05:00" endTime="2026-09-23T15:17:42.7199783-05:00" testType="13cdc9d9-ddb5-4fa4-a97d-d965ccfc6d4b" outcome="Passed" testListId="8c84fa94-04c1-424b-9868-57a2d4851a1d" relativeResultsDirectory="9db148d5-9c97-43d6-8954-32b50c6e9588" />
    <UnitTestResult executionId="700cbf81-8480-4db7-ab3c-393332b89546" testId="9f53921b-ba47-760a-e1e4-50b1a59d39ca" testName="NativeOutcomePreservesStatusAndDiagnostics (1223,False,Canceled,None)" computerName="PAYTONPC" duration="00:00:00.0000087" startTime="2026-09-23T15:17:42.7193651-05:00" endTime="2026-09-23T15:17:42.7194375-05:00" testType="13cdc9d9-ddb5-4fa4-a97d-d965ccfc6d4b" outcome="Passed" testListId="8c84fa94-04c1-424b-9868-57a2d4851a1d" relativeResultsDirectory="700cbf81-8480-4db7-ab3c-393332b89546" />
    <UnitTestResult executionId="3a86ddff-4fe4-4d14-ab23-2ed56f6294d9" testId="8d87c43b-eaab-73ac-ae47-ea5732a42e96" testName="LostEventsAndRecoveryAreIsolatedAndGenerationChecked" computerName="PAYTONPC" duration="00:00:00.0010940" startTime="2026-09-23T15:17:42.9585159-05:00" endTime="2026-09-23T15:17:42.9596476-05:00" testType="13cdc9d9-ddb5-4fa4-a97d-d965ccfc6d4b" outcome="Passed" testListId="8c84fa94-04c1-424b-9868-57a2d4851a1d" relativeResultsDirectory="3a86ddff-4fe4-4d14-ab23-2ed56f6294d9" />
    <UnitTestResult executionId="edca32ef-b264-4672-a9f5-cf4108b9416c" testId="2542f969-45c5-ba9c-7fee-eb7fd9188091" testName="NativeOutcomePreservesStatusAndDiagnostics (5,True,Canceled,AccessDenied)" computerName="PAYTONPC" duration="00:00:00.0000047" startTime="2026-09-23T15:17:42.7197382-05:00" endTime="2026-09-23T15:17:42.7197867-05:00" testType="13cdc9d9-ddb5-4fa4-a97d-d965ccfc6d4b" outcome="Passed" testListId="8c84fa94-04c1-424b-9868-57a2d4851a1d" relativeResultsDirectory="edca32ef-b264-4672-a9f5-cf4108b9416c" />
    <UnitTestResult executionId="841750a5-cccc-40bc-996b-30f7e61e55ac" testId="344d1813-6e92-a7bb-567b-26715fb0dadf" testName="InvalidSourceNeverCallsWindows (&quot;C:\source\*.txt&quot;)" computerName="PAYTONPC" duration="00:00:00.0000069" startTime="2026-09-23T15:17:42.7223275-05:00" endTime="2026-09-23T15:17:42.7224442-05:00" testType="13cdc9d9-ddb5-4fa4-a97d-d965ccfc6d4b" outcome="Passed" testListId="8c84fa94-04c1-424b-9868-57a2d4851a1d" relativeResultsDirectory="841750a5-cccc-40bc-996b-30f7e61e55ac" />
    <UnitTestResult executionId="65603205-d613-4622-962f-bd41c7151f8d" testId="752bcf81-ffbd-0e0c-9840-d6c6669fe4d6" testName="FlatLayoutIsDeterministicAndHonorsCancellation" computerName="PAYTONPC" duration="00:00:00.0029905" startTime="2026-09-23T15:17:29.3828822-05:00" endTime="2026-09-23T15:17:29.3866476-05:00" testType="13cdc9d9-ddb5-4fa4-a97d-d965ccfc6d4b" outcome="Passed" testListId="8c84fa94-04c1-424b-9868-57a2d4851a1d" relativeResultsDirectory="65603205-d613-4622-962f-bd41c7151f8d" />
    <UnitTestResult executionId="e399f179-7ff5-4025-805f-fd40db26300c" testId="f61700b6-fb4c-d8e4-db35-5e07a33415df" testName="CombinedResultsRespectLimit" computerName="PAYTONPC" duration="00:00:00.0124752" startTime="2026-09-23T15:17:42.7614591-05:00" endTime="2026-09-23T15:17:42.7740104-05:00" testType="13cdc9d9-ddb5-4fa4-a97d-d965ccfc6d4b" outcome="Passed" testListId="8c84fa94-04c1-424b-9868-57a2d4851a1d" relativeResultsDirectory="e399f179-7ff5-4025-805f-fd40db26300c" />
    <UnitTestResult executionId="9d9c8648-641c-461f-bd0d-17fc70f3a772" testId="b8b18cb2-f9f1-7e7e-71ba-bfabd2244d93" testName="FoldedSearchFiltersHiddenAndSystemEntries" computerName="PAYTONPC" duration="00:00:00.0011077" startTime="2026-09-23T15:17:42.7127469-05:00" endTime="2026-09-23T15:17:42.7139180-05:00" testType="13cdc9d9-ddb5-4fa4-a97d-d965ccfc6d4b" outcome="Passed" testListId="8c84fa94-04c1-424b-9868-57a2d4851a1d" relativeResultsDirectory="9d9c8648-641c-461f-bd0d-17fc70f3a772" />
    <UnitTestResult executionId="8827dfb8-aacd-49e3-a27a-c07e9c5d3c8a" testId="71bd9ca9-34d1-aa22-e7d3-d8b8644d296e" testName="ClearingCompletedSearchRestoresBrowsingStatus (&quot;clearspace://cloud&quot;,0,&quot;No locations available&quot;)" computerName="PAYTONPC" duration="00:00:00.0000253" startTime="2026-09-23T15:17:42.7589794-05:00" endTime="2026-09-23T15:17:42.7590729-05:00" testType="13cdc9d9-ddb5-4fa4-a97d-d965ccfc6d4b" outcome="Passed" testListId="8c84fa94-04c1-424b-9868-57a2d4851a1d" relativeResultsDirectory="8827dfb8-aacd-49e3-a27a-c07e9c5d3c8a" />
    <UnitTestResult executionId="bb10bb86-ab13-42a8-8ae0-741331b0403c" testId="d14cbc63-b032-cea6-6bb1-19d56af7b434" testName="NativeOutcomePreservesStatusAndDiagnostics (117,False,Canceled,None)" computerName="PAYTONPC" duration="00:00:00.0000109" startTime="2026-09-23T15:17:42.7189117-05:00" endTime="2026-09-23T15:17:42.7190029-05:00" testType="13cdc9d9-ddb5-4fa4-a97d-d965ccfc6d4b" outcome="Passed" testListId="8c84fa94-04c1-424b-9868-57a2d4851a1d" relativeResultsDirectory="bb10bb86-ab13-42a8-8ae0-741331b0403c" />
    <UnitTestResult executionId="acad77cb-e757-4c1f-8e37-d5596a62cfa2" testId="19e03c7c-a4d7-5ed1-121e-b0758406db41" testName="EqualWeightsMakeSquareTilesInASquareViewport" computerName="PAYTONPC" duration="00:00:00.0001841" startTime="2026-09-23T15:17:39.3746900-05:00" endTime="2026-09-23T15:17:39.3749233-05:00" testType="13cdc9d9-ddb5-4fa4-a97d-d965ccfc6d4b" outcome="Passed" testListId="8c84fa94-04c1-424b-9868-57a2d4851a1d" relativeResultsDirectory="acad77cb-e757-4c1f-8e37-d5596a62cfa2" />
    <UnitTestResult executionId="fcf0c953-a9bb-4c7c-a27a-f94188728b73" testId="833277c3-4e4d-59e3-3c81-475df791e238" testName="InvalidDestinationNeverCallsWindows (&quot;C:\dest\u0000hidden&quot;)" computerName="PAYTONPC" duration="00:00:00.0000033" startTime="2026-09-23T15:17:42.7235086-05:00" endTime="2026-09-23T15:17:42.7235476-05:00" testType="13cdc9d9-ddb5-4fa4-a97d-d965ccfc6d4b" outcome="Passed" testListId="8c84fa94-04c1-424b-9868-57a2d4851a1d" relativeResultsDirectory="fcf0c953-a9bb-4c7c-a27a-f94188728b73" />
    <UnitTestResult executionId="5a601476-2c69-4ebf-abed-f1f5adcdb14b" testId="40a2a42e-8897-e4b0-777c-c5d9060ece41" testName="BusyGpuFrameReleasesItsLockAndTheNextFrameCanRender" computerName="PAYTONPC" duration="00:00:00.2168445" startTime="2026-09-23T15:17:38.7539317-05:00" endTime="2026-09-23T15:17:38.9709201-05:00" testType="13cdc9d9-ddb5-4fa4-a97d-d965ccfc6d4b" outcome="Passed" testListId="8c84fa94-04c1-424b-9868-57a2d4851a1d" relativeResultsDirectory="5a601476-2c69-4ebf-abed-f1f5adcdb14b" />
    <UnitTestResult executionId="7b128ab5-9050-4ab4-899c-dda759ab41bb" testId="6327ea4e-6402-f315-4762-474b2de2680e" testName="CoverageLostDuringIndexLookupIsRechecked" computerName="PAYTONPC" duration="00:00:00.0005870" startTime="2026-09-23T15:17:42.7775936-05:00" endTime="2026-09-23T15:17:42.7782609-05:00" testType="13cdc9d9-ddb5-4fa4-a97d-d965ccfc6d4b" outcome="Passed" testListId="8c84fa94-04c1-424b-9868-57a2d4851a1d" relativeResultsDirectory="7b128ab5-9050-4ab4-899c-dda759ab41bb" />
    <UnitTestResult executionId="11b9c359-da25-48d1-bf19-e9785335a59e" testId="b27f9a5f-b4d8-376e-aee1-6156ec9a5793" testName="NativeRequestRetainsPathsFlagsAndOwner (Copy,2)" computerName="PAYTONPC" duration="00:00:00.0009817" startTime="2026-09-23T15:17:42.7202349-05:00" endTime="2026-09-23T15:17:42.7212974-05:00" testType="13cdc9d9-ddb5-4fa4-a97d-d965ccfc6d4b" outcome="Passed" testListId="8c84fa94-04c1-424b-9868-57a2d4851a1d" relativeResultsDirectory="11b9c359-da25-48d1-bf19-e9785335a59e" />
    <UnitTestResult executionId="0004dac1-bcf6-4d4a-a69a-87c7e7375eb6" testId="10878190-e99f-828c-1a6d-fb95772a45b3" testName="UnsupportedFiltersRemainLiteralInsteadOfMatchingEverything (&quot;is:unknown&quot;)" computerName="PAYTONPC" duration="00:00:00.0000986" startTime="2026-09-23T15:17:42.8028867-05:00" endTime="2026-09-23T15:17:42.8030465-05:00" testType="13cdc9d9-ddb5-4fa4-a97d-d965ccfc6d4b" outcome="Passed" testListId="8c84fa94-04c1-424b-9868-57a2d4851a1d" relativeResultsDirectory="0004dac1-bcf6-4d4a-a69a-87c7e7375eb6" />
    <UnitTestResult executionId="a1798a40-142f-4e00-be3b-d395dc9550df" testId="a7b32719-9eff-d796-4031-8d466db52224" testName="EmptyQueryHasNoFilters (&quot;&quot;)" computerName="PAYTONPC" duration="00:00:00.0001495" startTime="2026-09-23T15:17:42.8016508-05:00" endTime="2026-09-23T15:17:42.8018787-05:00" testType="13cdc9d9-ddb5-4fa4-a97d-d965ccfc6d4b" outcome="Passed" testListId="8c84fa94-04c1-424b-9868-57a2d4851a1d" relativeResultsDirectory="a1798a40-142f-4e00-be3b-d395dc9550df" />
    <UnitTestResult executionId="f88015ca-f15b-4c6f-b3d2-70b941bd6dc0" testId="1ccd4431-529f-9a20-ef79-c5dc7636338f" testName="DenseCameraFramesHaveBoundedWorkAndReportTimings (4748,1220)" computerName="PAYTONPC" duration="00:00:01.6382057" startTime="2026-09-23T15:17:31.3328000-05:00" endTime="2026-09-23T15:17:32.9712601-05:00" testType="13cdc9d9-ddb5-4fa4-a97d-d965ccfc6d4b" outcome="Passed" testListId="8c84fa94-04c1-424b-9868-57a2d4851a1d" relativeResultsDirectory="f88015ca-f15b-4c6f-b3d2-70b941bd6dc0">
      <Output>
        <StdOut>TestContext Messages:&#xD;
CPU fallback, 4748x1220, 25,600 files, 180 camera frames: median 1.22 ms, p95 13.84 ms, max 25.83 ms; walk median 0.00 ms, p95 1.88 ms; UI allocation 194,230 bytes/frame; peak 7,873 tiles; 11 builds, 211 reused frames, 0 GPU uploads.</StdOut>
      </Output>
    </UnitTestResult>
    <UnitTestResult executionId="aec641a9-34a8-47da-a860-ea4772cc9d13" testId="c879f46a-9007-fec8-809a-f5ccc47068f9" testName="ExpandedCategoryPreservesPinOwnershipAndEmptyCloudIsOmitted" computerName="PAYTONPC" duration="00:00:00.0006034" startTime="2026-09-23T15:17:42.7422678-05:00" endTime="2026-09-23T15:17:42.7429082-05:00" testType="13cdc9d9-ddb5-4fa4-a97d-d965ccfc6d4b" outcome="Passed" testListId="8c84fa94-04c1-424b-9868-57a2d4851a1d" relativeResultsDirectory="aec641a9-34a8-47da-a860-ea4772cc9d13" />
    <UnitTestResult executionId="b353a941-0de6-4f20-939b-6e2719c1cf5e" testId="c006d869-79e8-6c04-97d1-df83468fc425" testName="ScanDetailsAreBoundedAndDistinguishCurrentFolderFromCompletion" computerName="PAYTONPC" duration="00:00:00.0003200" startTime="2026-09-23T15:17:42.7308807-05:00" endTime="2026-09-23T15:17:42.7312488-05:00" testType="13cdc9d9-ddb5-4fa4-a97d-d965ccfc6d4b" outcome="Passed" testListId="8c84fa94-04c1-424b-9868-57a2d4851a1d" relativeResultsDirectory="b353a941-0de6-4f20-939b-6e2719c1cf5e" />
    <UnitTestResult executionId="880ccc25-3dc2-4a67-810b-ed1e028bd8eb" testId="7b856f5c-c98a-525b-e91d-5301dbd01293" testName="MoveMergesDestinationTagsAndRemovesOldAssignment" computerName="PAYTONPC" duration="00:00:00.0003212" startTime="2026-09-23T15:17:42.7834882-05:00" endTime="2026-09-23T15:17:42.7838499-05:00" testType="13cdc9d9-ddb5-4fa4-a97d-d965ccfc6d4b" outcome="Passed" testListId="8c84fa94-04c1-424b-9868-57a2d4851a1d" relativeResultsDirectory="880ccc25-3dc2-4a67-810b-ed1e028bd8eb" />
    <UnitTestResult executionId="23c42dab-16e6-4cc4-8b35-b437c7f750cd" testId="7e1838a9-d296-8e4a-deb6-f6219613d811" testName="BothSearchPathsReachFortyEightLevelsAndTrackRenamesAndDeletions" computerName="PAYTONPC" duration="00:00:00.0576389" startTime="2026-09-23T15:17:42.8041214-05:00" endTime="2026-09-23T15:17:42.8618705-05:00" testType="13cdc9d9-ddb5-4fa4-a97d-d965ccfc6d4b" outcome="Passed" testListId="8c84fa94-04c1-424b-9868-57a2d4851a1d" relativeResultsDirectory="23c42dab-16e6-4cc4-8b35-b437c7f750cd">
      <Output>
        <StdOut>TestContext Messages:&#xD;
48-level native traversal: 5.54 ms; estimated index bytes 327,680.</StdOut>
      </Output>
    </UnitTestResult>
    <UnitTestResult executionId="8fce7dc6-1cf5-4228-aa3c-47446bf06498" testId="639de04d-5671-735b-3fa4-3485e2598d18" testName="ClearingCompletedSearchRestoresBrowsingStatus (&quot;clearspace://your-files&quot;,1,&quot;1 location&quot;)" computerName="PAYTONPC" duration="00:00:00.0000240" startTime="2026-09-23T15:17:42.7590879-05:00" endTime="2026-09-23T15:17:42.7591779-05:00" testType="13cdc9d9-ddb5-4fa4-a97d-d965ccfc6d4b" outcome="Passed" testListId="8c84fa94-04c1-424b-9868-57a2d4851a1d" relativeResultsDirectory="8fce7dc6-1cf5-4228-aa3c-47446bf06498" />
    <UnitTestResult executionId="690032a7-f5ea-4e36-a888-92fb0e1e703c" testId="839bb2dc-0eea-526b-a8da-576aa05c4e18" testName="ClearingCompletedSearchRestoresBrowsingStatus (&quot;clearspace://network&quot;,2,&quot;2 network locations&quot;)" computerName="PAYTONPC" duration="00:00:00.0000197" startTime="2026-09-23T15:17:42.7588170-05:00" endTime="2026-09-23T15:17:42.7588859-05:00" testType="13cdc9d9-ddb5-4fa4-a97d-d965ccfc6d4b" outcome="Passed" testListId="8c84fa94-04c1-424b-9868-57a2d4851a1d" relativeResultsDirectory="690032a7-f5ea-4e36-a888-92fb0e1e703c" />
    <UnitTestResult executionId="63c09958-0560-4b50-a656-c801b919eed6" testId="b6b9ddc6-f2a0-a051-4782-3ac4c48ad4dd" testName="DisposeCancelsDebounceWithoutCallingSources" computerName="PAYTONPC" duration="00:00:00.0017657" startTime="2026-09-23T15:17:42.7740967-05:00" endTime="2026-09-23T15:17:42.7761295-05:00" testType="13cdc9d9-ddb5-4fa4-a97d-d965ccfc6d4b" outcome="Passed" testListId="8c84fa94-04c1-424b-9868-57a2d4851a1d" relativeResultsDirectory="63c09958-0560-4b50-a656-c801b919eed6" />
    <UnitTestResult executionId="3a26dc50-f366-4b37-b5c3-acaa3a292a2d" testId="c51b2e62-0327-d006-0720-8905d61affeb" testName="FrameRequestsCoalesceAndLetInputRunFirst" computerName="PAYTONPC" duration="00:00:00.1278200" startTime="2026-09-23T15:17:37.0743951-05:00" endTime="2026-09-23T15:17:37.2024099-05:00" testType="13cdc9d9-ddb5-4fa4-a97d-d965ccfc6d4b" outcome="Passed" testListId="8c84fa94-04c1-424b-9868-57a2d4851a1d" relativeResultsDirectory="3a26dc50-f366-4b37-b5c3-acaa3a292a2d" />
    <UnitTestResult executionId="234c6529-b79d-4c09-a9d1-75830a7eb644" testId="193c34c4-6765-8b93-005f-0c3a63f07088" testName="PermissionFailureRemainsDistinctForUserFeedback" computerName="PAYTONPC" duration="00:00:00.0036669" startTime="2026-09-23T15:17:42.7345838-05:00" endTime="2026-09-23T15:17:42.7383466-05:00" testType="13cdc9d9-ddb5-4fa4-a97d-d965ccfc6d4b" outcome="Passed" testListId="8c84fa94-04c1-424b-9868-57a2d4851a1d" relativeResultsDirectory="234c6529-b79d-4c09-a9d1-75830a7eb644" />
    <UnitTestResult executionId="d2d0d58d-37ba-49ed-bb6d-1f79e64545c0" testId="0fa96abd-799f-1295-b7e2-bd4f3366a801" testName="OverlayCapacityFailureOnlyDisablesTheOffendingDrive" computerName="PAYTONPC" duration="00:00:00.0870044" startTime="2026-09-23T15:17:42.9596654-05:00" endTime="2026-09-23T15:17:43.0467492-05:00" testType="13cdc9d9-ddb5-4fa4-a97d-d965ccfc6d4b" outcome="Passed" testListId="8c84fa94-04c1-424b-9868-57a2d4851a1d" relativeResultsDirectory="d2d0d58d-37ba-49ed-bb6d-1f79e64545c0" />
    <UnitTestResult executionId="9aa3fe1c-4bd9-4683-abe6-44dfd63e75f6" testId="edc62e51-aa4b-8860-1ba4-c1f90ec6b70b" testName="ConfirmedPermanentDeleteBypassesRecycleBinAndPassesOnlyExactPaths" computerName="PAYTONPC" duration="00:00:00.0024169" startTime="2026-09-23T15:17:29.4659097-05:00" endTime="2026-09-23T15:17:29.4684683-05:00" testType="13cdc9d9-ddb5-4fa4-a97d-d965ccfc6d4b" outcome="Passed" testListId="8c84fa94-04c1-424b-9868-57a2d4851a1d" relativeResultsDirectory="9aa3fe1c-4bd9-4683-abe6-44dfd63e75f6" />
    <UnitTestResult executionId="629fa95f-ff6b-4d40-85e4-ec795e642daa" testId="51bba982-c1a7-4ddc-fcc1-d6df78adb6e4" testName="ViewModelSupportsInitialFolderDrillDownUpAndMissingFolder" computerName="PAYTONPC" duration="00:00:00.0016313" startTime="2026-09-23T15:17:39.3749494-05:00" endTime="2026-09-23T15:17:39.3766294-05:00" testType="13cdc9d9-ddb5-4fa4-a97d-d965ccfc6d4b" outcome="Passed" testListId="8c84fa94-04c1-424b-9868-57a2d4851a1d" relativeResultsDirectory="629fa95f-ff6b-4d40-85e4-ec795e642daa" />
    <UnitTestResult executionId="85cf0ba1-c2ac-4949-9ffe-c8109c149329" testId="4f40ef91-402c-57b3-6878-168cf354ef00" testName="MissingIndexedEntriesAreRemovedAndHiddenResultsFiltered" computerName="PAYTONPC" duration="00:00:00.0006905" startTime="2026-09-23T15:17:42.7607102-05:00" endTime="2026-09-23T15:17:42.7614411-05:00" testType="13cdc9d9-ddb5-4fa4-a97d-d965ccfc6d4b" outcome="Passed" testListId="8c84fa94-04c1-424b-9868-57a2d4851a1d" relativeResultsDirectory="85cf0ba1-c2ac-4949-9ffe-c8109c149329" />
    <UnitTestResult executionId="7c444231-37aa-4e6f-9447-12233f4bae14" testId="9d7881b7-34e6-62fb-a9ac-900dad44d08a" testName="IndexAndCrawlCancelDuringTraversal" computerName="PAYTONPC" duration="00:00:00.0640334" startTime="2026-09-23T15:17:42.8917588-05:00" endTime="2026-09-23T15:17:42.9559480-05:00" testType="13cdc9d9-ddb5-4fa4-a97d-d965ccfc6d4b" outcome="Passed" testListId="8c84fa94-04c1-424b-9868-57a2d4851a1d" relativeResultsDirectory="7c444231-37aa-4e6f-9447-12233f4bae14" />
    <UnitTestResult executionId="c6ddb80d-07ba-4cf3-8411-a47786b4bc94" testId="89685cc1-843f-50e2-6c89-0ac4b2a5c232" testName="KindFilterDistinguishesFilesFromDirectories" computerName="PAYTONPC" duration="00:00:00.0001383" startTime="2026-09-23T15:17:42.8039336-05:00" endTime="2026-09-23T15:17:42.8041055-05:00" testType="13cdc9d9-ddb5-4fa4-a97d-d965ccfc6d4b" outcome="Passed" testListId="8c84fa94-04c1-424b-9868-57a2d4851a1d" relativeResultsDirectory="c6ddb80d-07ba-4cf3-8411-a47786b4bc94" />
    <UnitTestResult executionId="3679d88b-3105-4568-bbef-3dd01468ae90" testId="58bba699-0e3b-893b-ada0-a6ed0f8053ab" testName="NativeOutcomePreservesStatusAndDiagnostics (65652,False,Failed,Other)" computerName="PAYTONPC" duration="00:00:00.0000053" startTime="2026-09-23T15:17:42.7198555-05:00" endTime="2026-09-23T15:17:42.7199039-05:00" testType="13cdc9d9-ddb5-4fa4-a97d-d965ccfc6d4b" outcome="Passed" testListId="8c84fa94-04c1-424b-9868-57a2d4851a1d" relativeResultsDirectory="3679d88b-3105-4568-bbef-3dd01468ae90" />
    <UnitTestResult executionId="2190929b-667e-4aab-9a53-42e195deba24" testId="75bfe6e6-77bb-0348-1995-42da4fd7c098" testName="HealthyDriveIsNotCrawledWhenAnotherDriveLosesCoverage" computerName="PAYTONPC" duration="00:00:00.0012816" startTime="2026-09-23T15:17:42.7761887-05:00" endTime="2026-09-23T15:17:42.7775507-05:00" testType="13cdc9d9-ddb5-4fa4-a97d-d965ccfc6d4b" outcome="Passed" testListId="8c84fa94-04c1-424b-9868-57a2d4851a1d" relativeResultsDirectory="2190929b-667e-4aab-9a53-42e195deba24" />
    <UnitTestResult executionId="ca38bae2-cb2d-47af-84d0-7228f35280ac" testId="87b45570-c9de-6fb2-ea10-a7d72ec0e9f8" testName="CameraFramesReuseGeometryAndCachedTilesDoNotOverlap" computerName="PAYTONPC" duration="00:00:00.1611520" startTime="2026-09-23T15:17:37.8835605-05:00" endTime="2026-09-23T15:17:38.0449166-05:00" testType="13cdc9d9-ddb5-4fa4-a97d-d965ccfc6d4b" outcome="Passed" testListId="8c84fa94-04c1-424b-9868-57a2d4851a1d" relativeResultsDirectory="ca38bae2-cb2d-47af-84d0-7228f35280ac" />
    <UnitTestResult executionId="cc74fbf8-a5d1-4d7c-98bb-892cda7f3a67" testId="b170cda7-0486-2fa5-3411-3762880e21e0" testName="NativeOutcomePreservesStatusAndDiagnostics (5,False,Failed,AccessDenied)" computerName="PAYTONPC" duration="00:00:00.0000061" startTime="2026-09-23T15:17:42.7194519-05:00" endTime="2026-09-23T15:17:42.7195054-05:00" testType="13cdc9d9-ddb5-4fa4-a97d-d965ccfc6d4b" outcome="Passed" testListId="8c84fa94-04c1-424b-9868-57a2d4851a1d" relativeResultsDirectory="cc74fbf8-a5d1-4d7c-98bb-892cda7f3a67" />
    <UnitTestResult executionId="eca05e61-428d-46cc-ba2b-db820c6f8b3f" testId="90870f83-542d-9ac6-d05c-3b77335e3a1e" testName="ClearingCompletedSearchRestoresBrowsingStatus (&quot;clearspace://my-pc&quot;,1,&quot;1 drive&quot;)" computerName="PAYTONPC" duration="00:00:00.0000309" startTime="2026-09-23T15:17:42.7586258-05:00" endTime="2026-09-23T15:17:42.7587177-05:00" testType="13cdc9d9-ddb5-4fa4-a97d-d965ccfc6d4b" outcome="Passed" testListId="8c84fa94-04c1-424b-9868-57a2d4851a1d" relativeResultsDirectory="eca05e61-428d-46cc-ba2b-db820c6f8b3f" />
    <UnitTestResult executionId="d1fe7a4b-500c-47b3-a0d2-5b7b0d2de96e" testId="b41980ea-ae4c-e1b1-f63b-c9912249bc6c" testName="SnapshotCacheReusesUnchangedSourceButRejectsReplacementAndChangedExclusions" computerName="PAYTONPC" duration="00:00:00.0623467" startTime="2026-09-23T15:17:29.4032738-05:00" endTime="2026-09-23T15:17:29.4658380-05:00" testType="13cdc9d9-ddb5-4fa4-a97d-d965ccfc6d4b" outcome="Passed" testListId="8c84fa94-04c1-424b-9868-57a2d4851a1d" relativeResultsDirectory="d1fe7a4b-500c-47b3-a0d2-5b7b0d2de96e" />
    <UnitTestResult executionId="6aaa5d68-2f0d-436a-8631-54320c9e6c17" testId="6b7f6082-e36e-67df-08ee-0036d39c653e" testName="CollapsedCategoryDoesNotLoadItsChildren" computerName="PAYTONPC" duration="00:00:00.0002072" startTime="2026-09-23T15:17:42.7420105-05:00" endTime="2026-09-23T15:17:42.7422521-05:00" testType="13cdc9d9-ddb5-4fa4-a97d-d965ccfc6d4b" outcome="Passed" testListId="8c84fa94-04c1-424b-9868-57a2d4851a1d" relativeResultsDirectory="6aaa5d68-2f0d-436a-8631-54320c9e6c17" />
    <UnitTestResult executionId="3c6b2ad9-4e7f-41a7-a227-d78c0dc0cec2" testId="df369080-ab75-6c56-2cb6-1f91155cdf9d" testName="FlatLayoutPreservesEveryFileAndProportionalNonOverlappingAreas (30000,3.89)" computerName="PAYTONPC" duration="00:00:00.0490120" startTime="2026-09-23T15:17:29.3332711-05:00" endTime="2026-09-23T15:17:29.3825251-05:00" testType="13cdc9d9-ddb5-4fa4-a97d-d965ccfc6d4b" outcome="Passed" testListId="8c84fa94-04c1-424b-9868-57a2d4851a1d" relativeResultsDirectory="3c6b2ad9-4e7f-41a7-a227-d78c0dc0cec2">
      <Output>
        <StdOut>TestContext Messages:&#xD;
Flat layout: 30,000 files, 30,203 tiles, 26.27 ms, 850,392 retained array bytes.</StdOut>
      </Output>
    </UnitTestResult>
    <UnitTestResult executionId="a4647632-08db-4cfd-b09c-de981ff498ed" testId="eadd891c-dfb2-8a70-0fd5-45848fd6c6ea" testName="RefreshDoesNotEraseOperationFeedback" computerName="PAYTONPC" duration="00:00:00.0008354" startTime="2026-09-23T15:17:42.7238652-05:00" endTime="2026-09-23T15:17:42.7247377-05:00" testType="13cdc9d9-ddb5-4fa4-a97d-d965ccfc6d4b" outcome="Passed" testListId="8c84fa94-04c1-424b-9868-57a2d4851a1d" relativeResultsDirectory="a4647632-08db-4cfd-b09c-de981ff498ed" />
    <UnitTestResult executionId="922f6363-1d12-4457-836a-c98d147336e5" testId="18d709e2-a397-51f0-2807-d61c18daa0e3" testName="EmptyCompactedIndexCanAcceptItsFirstEntry" computerName="PAYTONPC" duration="00:00:00.0001092" startTime="2026-09-23T15:17:42.7149153-05:00" endTime="2026-09-23T15:17:42.7150675-05:00" testType="13cdc9d9-ddb5-4fa4-a97d-d965ccfc6d4b" outcome="Passed" testListId="8c84fa94-04c1-424b-9868-57a2d4851a1d" relativeResultsDirectory="922f6363-1d12-4457-836a-c98d147336e5" />
    <UnitTestResult executionId="69305834-476c-4acc-a418-38d02a435927" testId="a49e156d-234a-bdab-e86d-d05a278f5b1e" testName="EntryAndNamePoolsGrowWithoutLosingData" computerName="PAYTONPC" duration="00:00:00.0007466" startTime="2026-09-23T15:17:42.7150877-05:00" endTime="2026-09-23T15:17:42.7158811-05:00" testType="13cdc9d9-ddb5-4fa4-a97d-d965ccfc6d4b" outcome="Passed" testListId="8c84fa94-04c1-424b-9868-57a2d4851a1d" relativeResultsDirectory="69305834-476c-4acc-a418-38d02a435927" />
    <UnitTestResult executionId="17de3059-41e2-43c8-a72f-7479e7f5e435" testId="73dc3ab0-fffb-9635-fc00-efeb155ad832" testName="CoveredIndexSkipsOtherSourcesUnlessContentSearchNeedsWindows" computerName="PAYTONPC" duration="00:00:00.0023372" startTime="2026-09-23T15:17:42.7495144-05:00" endTime="2026-09-23T15:17:42.7520205-05:00" testType="13cdc9d9-ddb5-4fa4-a97d-d965ccfc6d4b" outcome="Passed" testListId="8c84fa94-04c1-424b-9868-57a2d4851a1d" relativeResultsDirectory="17de3059-41e2-43c8-a72f-7479e7f5e435" />
    <UnitTestResult executionId="a2fed609-e5a9-4508-9092-e8cfc2d2152d" testId="7ca3de07-a43d-1398-8f43-3d0c4f9fd708" testName="TreemapTilesAreProportionalBoundedAndNonOverlapping" computerName="PAYTONPC" duration="00:00:00.0088073" startTime="2026-09-23T15:17:39.3646678-05:00" endTime="2026-09-23T15:17:39.3735456-05:00" testType="13cdc9d9-ddb5-4fa4-a97d-d965ccfc6d4b" outcome="Passed" testListId="8c84fa94-04c1-424b-9868-57a2d4851a1d" relativeResultsDirectory="a2fed609-e5a9-4508-9092-e8cfc2d2152d" />
    <UnitTestResult executionId="cf5da2f9-824c-409f-abea-8936ecaf2929" testId="43083274-a6ac-31dd-121f-71e176a3a2f6" testName="DisposeCancelsPendingNavigation" computerName="PAYTONPC" duration="00:00:00.0004423" startTime="2026-09-23T15:17:42.7318959-05:00" endTime="2026-09-23T15:17:42.7323743-05:00" testType="13cdc9d9-ddb5-4fa4-a97d-d965ccfc6d4b" outcome="Passed" testListId="8c84fa94-04c1-424b-9868-57a2d4851a1d" relativeResultsDirectory="cf5da2f9-824c-409f-abea-8936ecaf2929" />
    <UnitTestResult executionId="0fa014e7-c155-4576-882b-50731bc93942" testId="7019e279-cb2d-225b-1484-7d1b93a83310" testName="SavedIndexWithoutScanDetailsDoesNotClaimFullCoverage" computerName="PAYTONPC" duration="00:00:00.0001211" startTime="2026-09-23T15:17:42.7312705-05:00" endTime="2026-09-23T15:17:42.7314310-05:00" testType="13cdc9d9-ddb5-4fa4-a97d-d965ccfc6d4b" outcome="Passed" testListId="8c84fa94-04c1-424b-9868-57a2d4851a1d" relativeResultsDirectory="0fa014e7-c155-4576-882b-50731bc93942" />
    <UnitTestResult executionId="d45180a8-2d5c-4ac5-ae0d-fd0fd5bef48a" testId="772104cc-fab8-71b1-694c-6cc41cf52c81" testName="BothTraversalsUseTheSameReparsePolicy (2415980570,True)" computerName="PAYTONPC" duration="00:00:00.0000043" startTime="2026-09-23T15:17:42.9584385-05:00" endTime="2026-09-23T15:17:42.9585028-05:00" testType="13cdc9d9-ddb5-4fa4-a97d-d965ccfc6d4b" outcome="Passed" testListId="8c84fa94-04c1-424b-9868-57a2d4851a1d" relativeResultsDirectory="d45180a8-2d5c-4ac5-ae0d-fd0fd5bef48a" />
    <UnitTestResult executionId="0650d66c-395a-4085-9ce3-fa0f308ba69f" testId="62e15699-ce4c-ae40-1ccc-957c19638cb5" testName="DrainsFinalCrawlBatchBeforeReportingCompletion" computerName="PAYTONPC" duration="00:00:00.0004944" startTime="2026-09-23T15:17:42.7598135-05:00" endTime="2026-09-23T15:17:42.7603513-05:00" testType="13cdc9d9-ddb5-4fa4-a97d-d965ccfc6d4b" outcome="Passed" testListId="8c84fa94-04c1-424b-9868-57a2d4851a1d" relativeResultsDirectory="0650d66c-395a-4085-9ce3-fa0f308ba69f" />
    <UnitTestResult executionId="f7fa9669-2495-466f-af12-683578f4387a" testId="0ebe066a-b188-0798-d98e-82bb2b66e24c" testName="BreadcrumbsCoverRootFoldersAndNamedVirtualCategories" computerName="PAYTONPC" duration="00:00:00.0005446" startTime="2026-09-23T15:17:42.7408606-05:00" endTime="2026-09-23T15:17:42.7414434-05:00" testType="13cdc9d9-ddb5-4fa4-a97d-d965ccfc6d4b" outcome="Passed" testListId="8c84fa94-04c1-424b-9868-57a2d4851a1d" relativeResultsDirectory="f7fa9669-2495-466f-af12-683578f4387a" />
    <UnitTestResult executionId="0fd83a0a-620f-42de-99b7-914af1ad6ebd" testId="235da73d-6c76-2491-d445-2c8b8cb4c41d" testName="HistoryCrossesDrivesAndFailedOrCanceledLoadsPreserveCurrentView" computerName="PAYTONPC" duration="00:00:00.0014611" startTime="2026-09-23T15:17:40.1341096-05:00" endTime="2026-09-23T15:17:40.1356269-05:00" testType="13cdc9d9-ddb5-4fa4-a97d-d965ccfc6d4b" outcome="Passed" testListId="8c84fa94-04c1-424b-9868-57a2d4851a1d" relativeResultsDirectory="0fd83a0a-620f-42de-99b7-914af1ad6ebd" />
    <UnitTestResult executionId="7b508805-2d0a-4bda-9738-386662ec8841" testId="74a8c812-0586-c842-4f35-1cf68b315ff1" testName="JsonRoundTripRetainsCaseInsensitiveAssignments" computerName="PAYTONPC" duration="00:00:00.0002723" startTime="2026-09-23T15:17:42.7847678-05:00" endTime="2026-09-23T15:17:42.7850767-05:00" testType="13cdc9d9-ddb5-4fa4-a97d-d965ccfc6d4b" outcome="Passed" testListId="8c84fa94-04c1-424b-9868-57a2d4851a1d" relativeResultsDirectory="7b508805-2d0a-4bda-9738-386662ec8841" />
    <UnitTestResult executionId="db3b66ae-5318-4ee6-8462-9f166421991d" testId="3fe6993a-f79d-85b9-3e11-22e838f8be61" testName="HistoryTruncatesForwardBranchAfterNewNavigation" computerName="PAYTONPC" duration="00:00:00.0002870" startTime="2026-09-23T15:17:42.7402501-05:00" endTime="2026-09-23T15:17:42.7406303-05:00" testType="13cdc9d9-ddb5-4fa4-a97d-d965ccfc6d4b" outcome="Passed" testListId="8c84fa94-04c1-424b-9868-57a2d4851a1d" relativeResultsDirectory="db3b66ae-5318-4ee6-8462-9f166421991d" />
    <UnitTestResult executionId="e25a9c30-48fb-467c-ad41-ffb3762b7986" testId="47523091-6aac-5008-6810-7b1056803fe5" testName="StableLayoutKeepsOrderWhenSizesCrossAndHandlesInsertionsAndRemovals" computerName="PAYTONPC" duration="00:00:00.0164579" startTime="2026-09-23T15:17:29.3866805-05:00" endTime="2026-09-23T15:17:29.4032226-05:00" testType="13cdc9d9-ddb5-4fa4-a97d-d965ccfc6d4b" outcome="Passed" testListId="8c84fa94-04c1-424b-9868-57a2d4851a1d" relativeResultsDirectory="e25a9c30-48fb-467c-ad41-ffb3762b7986" />
    <UnitTestResult executionId="2ea210bc-ceb4-4538-9af7-f777611c578b" testId="58bddaa2-2a2d-fe66-e1b6-a3c211a01e3e" testName="NativeRequestRetainsPathsFlagsAndOwner (Move,1)" computerName="PAYTONPC" duration="00:00:00.0002351" startTime="2026-09-23T15:17:42.7213192-05:00" endTime="2026-09-23T15:17:42.7216131-05:00" testType="13cdc9d9-ddb5-4fa4-a97d-d965ccfc6d4b" outcome="Passed" testListId="8c84fa94-04c1-424b-9868-57a2d4851a1d" relativeResultsDirectory="2ea210bc-ceb4-4538-9af7-f777611c578b" />
    <UnitTestResult executionId="51ce277b-6a31-4213-83c8-89990227da00" testId="eda94749-2037-8116-acab-644e4ce9babd" testName="RejectingConfirmationNeverCallsDeleteOrChecksFiles" computerName="PAYTONPC" duration="00:00:00.0136454" startTime="2026-09-23T15:17:29.4713534-05:00" endTime="2026-09-23T15:17:29.4850710-05:00" testType="13cdc9d9-ddb5-4fa4-a97d-d965ccfc6d4b" outcome="Passed" testListId="8c84fa94-04c1-424b-9868-57a2d4851a1d" relativeResultsDirectory="51ce277b-6a31-4213-83c8-89990227da00" />
    <UnitTestResult executionId="0e61894d-dedc-46d6-92f8-8c73bf4aacb2" testId="1ddb24c4-ad2d-3d0f-f541-83cf66225167" testName="ProgressCountsDiscoveredWorkAndReservesCompletionForFinishedScan" computerName="PAYTONPC" duration="00:00:00.0004843" startTime="2026-09-23T15:17:42.7279945-05:00" endTime="2026-09-23T15:17:42.7285319-05:00" testType="13cdc9d9-ddb5-4fa4-a97d-d965ccfc6d4b" outcome="Passed" testListId="8c84fa94-04c1-424b-9868-57a2d4851a1d" relativeResultsDirectory="0e61894d-dedc-46d6-92f8-8c73bf4aacb2" />
    <UnitTestResult executionId="7f8f0c50-41f8-4b23-a09d-16bb1d21395e" testId="5c347006-ef18-c9ee-72ec-b90a0c627b18" testName="SuccessfulFolderDeleteUpdatesTotalsHistoryAndDoesNotReappearOnRefresh" computerName="PAYTONPC" duration="00:00:00.0082599" startTime="2026-09-23T15:17:29.4851245-05:00" endTime="2026-09-23T15:17:29.4935359-05:00" testType="13cdc9d9-ddb5-4fa4-a97d-d965ccfc6d4b" outcome="Passed" testListId="8c84fa94-04c1-424b-9868-57a2d4851a1d" relativeResultsDirectory="7f8f0c50-41f8-4b23-a09d-16bb1d21395e" />
    <UnitTestResult executionId="f297ec3b-7fde-4072-aa33-cf0cda00d52c" testId="6b45fa7e-ee42-e5ae-0c8b-72ce1987d510" testName="InvalidDestinationNeverCallsWindows (&quot;&quot;)" computerName="PAYTONPC" duration="00:00:00.0001195" startTime="2026-09-23T15:17:42.7232731-05:00" endTime="2026-09-23T15:17:42.7234375-05:00" testType="13cdc9d9-ddb5-4fa4-a97d-d965ccfc6d4b" outcome="Passed" testListId="8c84fa94-04c1-424b-9868-57a2d4851a1d" relativeResultsDirectory="f297ec3b-7fde-4072-aa33-cf0cda00d52c" />
    <UnitTestResult executionId="8565f058-e920-4580-bb5a-e763cd0abf80" testId="0fce0c27-fa27-0faf-6d17-f6b69be966c5" testName="CanceledOrDisposedLoadCannotPublishResults" computerName="PAYTONPC" duration="00:00:00.0010845" startTime="2026-09-23T15:17:39.3779871-05:00" endTime="2026-09-23T15:17:39.3791105-05:00" testType="13cdc9d9-ddb5-4fa4-a97d-d965ccfc6d4b" outcome="Passed" testListId="8c84fa94-04c1-424b-9868-57a2d4851a1d" relativeResultsDirectory="8565f058-e920-4580-bb5a-e763cd0abf80" />
    <UnitTestResult executionId="cef4b625-9255-4e11-b40e-843251368fca" testId="cb089770-03c4-52dd-07f0-36d4e7f4820a" testName="CoveredIndexStillCrawlsForFilterOnlyQueries (&quot;is:folder&quot;,Directory)" computerName="PAYTONPC" duration="00:00:00.0002134" startTime="2026-09-23T15:17:42.7528123-05:00" endTime="2026-09-23T15:17:42.7530813-05:00" testType="13cdc9d9-ddb5-4fa4-a97d-d965ccfc6d4b" outcome="Passed" testListId="8c84fa94-04c1-424b-9868-57a2d4851a1d" relativeResultsDirectory="cef4b625-9255-4e11-b40e-843251368fca" />
    <UnitTestResult executionId="182e5a25-5390-42c1-bd2e-d2efb4ae320c" testId="5792f09b-9712-4ed7-0708-27b05fa52eef" testName="WaitingStatusExplainsCooldownAndWorkAheadWithoutAFakeProgressBar" computerName="PAYTONPC" duration="00:00:00.0007108" startTime="2026-09-23T15:17:42.7247609-05:00" endTime="2026-09-23T15:17:42.7255825-05:00" testType="13cdc9d9-ddb5-4fa4-a97d-d965ccfc6d4b" outcome="Passed" testListId="8c84fa94-04c1-424b-9868-57a2d4851a1d" relativeResultsDirectory="182e5a25-5390-42c1-bd2e-d2efb4ae320c" />
    <UnitTestResult executionId="aebdf70f-212e-4768-994f-4696c53f5784" testId="670b0504-2b49-0f97-0489-d6c0bf347cbd" testName="ClearingCompletedSearchRestoresBrowsingStatus (&quot;clearspace://network&quot;,0,&quot;No mapped network locations&quot;)" computerName="PAYTONPC" duration="00:00:00.0000192" startTime="2026-09-23T15:17:42.7587334-05:00" endTime="2026-09-23T15:17:42.7588048-05:00" testType="13cdc9d9-ddb5-4fa4-a97d-d965ccfc6d4b" outcome="Passed" testListId="8c84fa94-04c1-424b-9868-57a2d4851a1d" relativeResultsDirectory="aebdf70f-212e-4768-994f-4696c53f5784" />
    <UnitTestResult executionId="e6e105bc-fee3-440a-b59c-4f9c68c6f8f5" testId="7ba259fc-0c3b-f869-f5ba-2ea3756e8371" testName="DeletionLocksNavigationAndRepeatedDeleteRequests" computerName="PAYTONPC" duration="00:00:00.0010416" startTime="2026-09-23T15:17:29.5163870-05:00" endTime="2026-09-23T15:17:29.5174881-05:00" testType="13cdc9d9-ddb5-4fa4-a97d-d965ccfc6d4b" outcome="Passed" testListId="8c84fa94-04c1-424b-9868-57a2d4851a1d" relativeResultsDirectory="e6e105bc-fee3-440a-b59c-4f9c68c6f8f5" />
    <UnitTestResult executionId="03ec7572-cab3-4bed-8add-67b52b4e9d3b" testId="cf723f4d-1c21-5d23-b945-ec26c225efec" testName="MissingPathsArePrunedUsingIsolatedExistenceCheck" computerName="PAYTONPC" duration="00:00:00.0005883" startTime="2026-09-23T15:17:42.7991078-05:00" endTime="2026-09-23T15:17:42.7997790-05:00" testType="13cdc9d9-ddb5-4fa4-a97d-d965ccfc6d4b" outcome="Passed" testListId="8c84fa94-04c1-424b-9868-57a2d4851a1d" relativeResultsDirectory="03ec7572-cab3-4bed-8add-67b52b4e9d3b" />
    <UnitTestResult executionId="b186a7ab-7253-40ac-873d-4b0ef6a3b914" testId="e252aac2-7585-2248-9f32-0d633c10fced" testName="NativeOutcomePreservesStatusAndDiagnostics (0,True,Canceled,None)" computerName="PAYTONPC" duration="00:00:00.0003904" startTime="2026-09-23T15:17:42.7183633-05:00" endTime="2026-09-23T15:17:42.7188662-05:00" testType="13cdc9d9-ddb5-4fa4-a97d-d965ccfc6d4b" outcome="Passed" testListId="8c84fa94-04c1-424b-9868-57a2d4851a1d" relativeResultsDirectory="b186a7ab-7253-40ac-873d-4b0ef6a3b914" />
    <UnitTestResult executionId="6ac9bd94-3d53-46d8-bef9-38d1c6a6796e" testId="34eeb41e-8105-36e9-ca6a-5a7142e4ceaf" testName="FolderLookupHonorsPathBoundariesAndCase" computerName="PAYTONPC" duration="00:00:00.0002955" startTime="2026-09-23T15:17:39.3506829-05:00" endTime="2026-09-23T15:17:39.3510339-05:00" testType="13cdc9d9-ddb5-4fa4-a97d-d965ccfc6d4b" outcome="Passed" testListId="8c84fa94-04c1-424b-9868-57a2d4851a1d" relativeResultsDirectory="6ac9bd94-3d53-46d8-bef9-38d1c6a6796e" />
    <UnitTestResult executionId="76502465-352b-4a66-824a-8d36456aab66" testId="224422d4-79c1-a32e-b7df-1dbcb111d071" testName="QuotedTermsAndExtensionFiltersAreParsedTogether" computerName="PAYTONPC" duration="00:00:00.0003282" startTime="2026-09-23T15:17:42.8023388-05:00" endTime="2026-09-23T15:17:42.8027093-05:00" testType="13cdc9d9-ddb5-4fa4-a97d-d965ccfc6d4b" outcome="Passed" testListId="8c84fa94-04c1-424b-9868-57a2d4851a1d" relativeResultsDirectory="76502465-352b-4a66-824a-8d36456aab66" />
    <UnitTestResult executionId="8ad79ce2-891e-4f86-a41f-1c5d111cafa3" testId="2b1f6eeb-e081-d18a-d57a-d11f6075c4df" testName="NativeOutcomePreservesStatusAndDiagnostics (120,False,Failed,AccessDenied)" computerName="PAYTONPC" duration="00:00:00.0000080" startTime="2026-09-23T15:17:42.7195159-05:00" endTime="2026-09-23T15:17:42.7195991-05:00" testType="13cdc9d9-ddb5-4fa4-a97d-d965ccfc6d4b" outcome="Passed" testListId="8c84fa94-04c1-424b-9868-57a2d4851a1d" relativeResultsDirectory="8ad79ce2-891e-4f86-a41f-1c5d111cafa3" />
[...]
    <TestEntry testId="c8593dca-86aa-2929-5913-3520a3d70ee5" executionId="8946dca6-e3b2-4c16-a3df-1a4cb34a1d94" testListId="8c84fa94-04c1-424b-9868-57a2d4851a1d" />
    <TestEntry testId="f868e37e-c0b5-1a65-6c26-57410d938084" executionId="a5597b1f-e148-4c63-b29d-f843fa466b76" testListId="8c84fa94-04c1-424b-9868-57a2d4851a1d" />
    <TestEntry testId="a91d2968-8c38-20f5-1be1-ed4e368a6f7d" executionId="35fcacec-b52c-436c-a166-a729413872f2" testListId="8c84fa94-04c1-424b-9868-57a2d4851a1d" />
    <TestEntry testId="6499b362-3804-188a-349c-a2eb013c894c" executionId="1e4e5670-0d48-452d-aecb-ae1f01e7f48c" testListId="8c84fa94-04c1-424b-9868-57a2d4851a1d" />
    <TestEntry testId="2fd19611-b392-26f3-435e-9e7b1ed32769" executionId="939b2975-fbbf-484c-b2b4-b8ec445197ed" testListId="8c84fa94-04c1-424b-9868-57a2d4851a1d" />
    <TestEntry testId="4e070c3c-9752-8264-a78a-2b488783401d" executionId="ceafb088-d09a-4ec0-a6a5-768626087d47" testListId="8c84fa94-04c1-424b-9868-57a2d4851a1d" />
    <TestEntry testId="d644b325-5b9f-6e38-8cf4-cb7d49966deb" executionId="c9d486ad-d4d0-4cd1-b8cd-22a2e2c81439" testListId="8c84fa94-04c1-424b-9868-57a2d4851a1d" />
    <TestEntry testId="32f9aef4-f79d-d497-d42c-d20123097697" executionId="1ecd092a-9c9e-488b-bf05-ea92536f0d1e" testListId="8c84fa94-04c1-424b-9868-57a2d4851a1d" />
    <TestEntry testId="03a420c6-8667-75c5-94e0-7530b36d36c9" executionId="ec85d92d-e624-4f82-be80-bb33a17702d2" testListId="8c84fa94-04c1-424b-9868-57a2d4851a1d" />
    <TestEntry testId="47c7a1fa-9de4-31e5-3e9f-ec15f4486915" executionId="6f0a658c-7667-4182-b1f6-db6b9dd98972" testListId="8c84fa94-04c1-424b-9868-57a2d4851a1d" />
    <TestEntry testId="1e6155a4-2e80-2207-7704-16f28faf2983" executionId="e082f699-ccda-44e4-87d7-b51d5022df45" testListId="8c84fa94-04c1-424b-9868-57a2d4851a1d" />
    <TestEntry testId="7a9573c3-57f6-4139-d280-34925d510d86" executionId="0431e1d3-4fda-44e8-9266-8956068be2fe" testListId="8c84fa94-04c1-424b-9868-57a2d4851a1d" />
    <TestEntry testId="9019e099-72f8-628a-20ce-c848580d1306" executionId="48532f2b-0b94-4497-bb0f-9983adf7e5a4" testListId="8c84fa94-04c1-424b-9868-57a2d4851a1d" />
    <TestEntry testId="f861ec37-15f5-9bf9-2ce4-e60e0e9f650d" executionId="226f17d9-aa8c-4e63-8899-6e7c78900efb" testListId="8c84fa94-04c1-424b-9868-57a2d4851a1d" />
    <TestEntry testId="9c1bb674-b69a-0a86-2ecb-12a6d9d1b2e4" executionId="b0840000-eda4-4767-b46b-2277f690f43f" testListId="8c84fa94-04c1-424b-9868-57a2d4851a1d" />
    <TestEntry testId="e0b4d377-5e02-3b81-6a9d-2aafd6a16824" executionId="7738edeb-a7cd-4952-ba49-650177b35ffc" testListId="8c84fa94-04c1-424b-9868-57a2d4851a1d" />
    <TestEntry testId="a347be21-6be2-5eef-d450-853f87bb13e7" executionId="d86f015d-8b85-450c-8578-c720be4ece04" testListId="8c84fa94-04c1-424b-9868-57a2d4851a1d" />
    <TestEntry testId="2ffe2e85-5967-bc10-2f21-33dc91fe2661" executionId="8137586c-5e9b-4de7-a34b-55fe956205cc" testListId="8c84fa94-04c1-424b-9868-57a2d4851a1d" />
    <TestEntry testId="65642bbf-5ad2-58be-3533-5878786d36cf" executionId="af60b601-7910-4f5e-92f2-77133567bd57" testListId="8c84fa94-04c1-424b-9868-57a2d4851a1d" />
    <TestEntry testId="cda325ea-36d5-2ac5-ebd4-3fe19bdd9501" executionId="ede2d99b-51c9-41a2-bb53-01bb527c53fd" testListId="8c84fa94-04c1-424b-9868-57a2d4851a1d" />
    <TestEntry testId="d8badc5d-f51a-ed9e-f13f-38e926853d48" executionId="b5ad35d8-b34b-4ad5-9f26-72489f5b43f1" testListId="8c84fa94-04c1-424b-9868-57a2d4851a1d" />
    <TestEntry testId="125dfd71-bb14-da9e-8107-21e7c0eea706" executionId="b5493471-f535-4087-a34b-f6ba8ecc462b" testListId="8c84fa94-04c1-424b-9868-57a2d4851a1d" />
    <TestEntry testId="022a0dd7-8322-c23c-eef9-4810f79a97dc" executionId="249b61e0-be11-4b90-bdb0-fe55eb63727a" testListId="8c84fa94-04c1-424b-9868-57a2d4851a1d" />
    <TestEntry testId="03db2dcb-05b2-806c-8e4b-9c272507f8e8" executionId="b1018613-1efe-499e-9e22-222921a949ed" testListId="8c84fa94-04c1-424b-9868-57a2d4851a1d" />
    <TestEntry testId="fdb47a69-1258-e014-1000-88c277a380c4" executionId="dd6a9f11-0bbc-4f45-90bf-65881ea5b411" testListId="8c84fa94-04c1-424b-9868-57a2d4851a1d" />
    <TestEntry testId="b065370d-cbcb-4da6-e044-a303046f488c" executionId="89de051d-8997-4e25-a166-bf7455daf7f6" testListId="8c84fa94-04c1-424b-9868-57a2d4851a1d" />
    <TestEntry testId="8e512ed7-b3f6-de6e-54ca-ebb6abebccab" executionId="117fee01-00e3-4380-ac7b-78d08a576479" testListId="8c84fa94-04c1-424b-9868-57a2d4851a1d" />
    <TestEntry testId="86101756-059c-0ae9-3f27-48643e91d9a0" executionId="c64da564-7180-4952-94fc-af81516451d4" testListId="8c84fa94-04c1-424b-9868-57a2d4851a1d" />
    <TestEntry testId="6466f0a5-a55b-47dd-17cd-cc425184a54d" executionId="934d19ef-6a3b-4358-9c89-09406764a5db" testListId="8c84fa94-04c1-424b-9868-57a2d4851a1d" />
    <TestEntry testId="1377a481-74e3-d4ab-3190-ebb52730acfd" executionId="d15f8d97-0ae5-4ff6-b7d3-b8e2f85ab7cb" testListId="8c84fa94-04c1-424b-9868-57a2d4851a1d" />
    <TestEntry testId="25ecb33d-cc3f-e6e5-b62c-786b3e337925" executionId="375d4638-f53e-4b39-aad1-cb95c9391461" testListId="8c84fa94-04c1-424b-9868-57a2d4851a1d" />
    <TestEntry testId="2fbc6c55-a8b7-e5a9-229c-bd70bf45b7f3" executionId="9bf1b9a3-8848-4f15-82e7-80402845b8c1" testListId="8c84fa94-04c1-424b-9868-57a2d4851a1d" />
    <TestEntry testId="28b8c877-544b-bd2a-39f9-64d7e3682d09" executionId="0023e6b6-71a7-459f-aae0-1dda5cacfa13" testListId="8c84fa94-04c1-424b-9868-57a2d4851a1d" />
    <TestEntry testId="045e79d2-cfcc-1afa-728f-6339fbbe7dc2" executionId="1b8f71a6-d0ec-467e-9568-996c56218234" testListId="8c84fa94-04c1-424b-9868-57a2d4851a1d" />
    <TestEntry testId="7a38b1e4-d758-ee78-a157-8a5fb563db19" executionId="c7270471-77ed-4798-9fbd-a1f151e51670" testListId="8c84fa94-04c1-424b-9868-57a2d4851a1d" />
    <TestEntry testId="e8e7bd5a-306f-1813-3b40-4279fda39be2" executionId="05d016a1-0252-4748-8f1b-e31d1f9a098a" testListId="8c84fa94-04c1-424b-9868-57a2d4851a1d" />
    <TestEntry testId="3a9a2f58-f4b5-4c48-8484-2d20377d1b71" executionId="9db148d5-9c97-43d6-8954-32b50c6e9588" testListId="8c84fa94-04c1-424b-9868-57a2d4851a1d" />
    <TestEntry testId="9f53921b-ba47-760a-e1e4-50b1a59d39ca" executionId="700cbf81-8480-4db7-ab3c-393332b89546" testListId="8c84fa94-04c1-424b-9868-57a2d4851a1d" />
    <TestEntry testId="8d87c43b-eaab-73ac-ae47-ea5732a42e96" executionId="3a86ddff-4fe4-4d14-ab23-2ed56f6294d9" testListId="8c84fa94-04c1-424b-9868-57a2d4851a1d" />
    <TestEntry testId="2542f969-45c5-ba9c-7fee-eb7fd9188091" executionId="edca32ef-b264-4672-a9f5-cf4108b9416c" testListId="8c84fa94-04c1-424b-9868-57a2d4851a1d" />
    <TestEntry testId="344d1813-6e92-a7bb-567b-26715fb0dadf" executionId="841750a5-cccc-40bc-996b-30f7e61e55ac" testListId="8c84fa94-04c1-424b-9868-57a2d4851a1d" />
    <TestEntry testId="752bcf81-ffbd-0e0c-9840-d6c6669fe4d6" executionId="65603205-d613-4622-962f-bd41c7151f8d" testListId="8c84fa94-04c1-424b-9868-57a2d4851a1d" />
    <TestEntry testId="f61700b6-fb4c-d8e4-db35-5e07a33415df" executionId="e399f179-7ff5-4025-805f-fd40db26300c" testListId="8c84fa94-04c1-424b-9868-57a2d4851a1d" />
    <TestEntry testId="b8b18cb2-f9f1-7e7e-71ba-bfabd2244d93" executionId="9d9c8648-641c-461f-bd0d-17fc70f3a772" testListId="8c84fa94-04c1-424b-9868-57a2d4851a1d" />
    <TestEntry testId="71bd9ca9-34d1-aa22-e7d3-d8b8644d296e" executionId="8827dfb8-aacd-49e3-a27a-c07e9c5d3c8a" testListId="8c84fa94-04c1-424b-9868-57a2d4851a1d" />
    <TestEntry testId="d14cbc63-b032-cea6-6bb1-19d56af7b434" executionId="bb10bb86-ab13-42a8-8ae0-741331b0403c" testListId="8c84fa94-04c1-424b-9868-57a2d4851a1d" />
    <TestEntry testId="19e03c7c-a4d7-5ed1-121e-b0758406db41" executionId="acad77cb-e757-4c1f-8e37-d5596a62cfa2" testListId="8c84fa94-04c1-424b-9868-57a2d4851a1d" />
    <TestEntry testId="833277c3-4e4d-59e3-3c81-475df791e238" executionId="fcf0c953-a9bb-4c7c-a27a-f94188728b73" testListId="8c84fa94-04c1-424b-9868-57a2d4851a1d" />
    <TestEntry testId="40a2a42e-8897-e4b0-777c-c5d9060ece41" executionId="5a601476-2c69-4ebf-abed-f1f5adcdb14b" testListId="8c84fa94-04c1-424b-9868-57a2d4851a1d" />
    <TestEntry testId="6327ea4e-6402-f315-4762-474b2de2680e" executionId="7b128ab5-9050-4ab4-899c-dda759ab41bb" testListId="8c84fa94-04c1-424b-9868-57a2d4851a1d" />
    <TestEntry testId="b27f9a5f-b4d8-376e-aee1-6156ec9a5793" executionId="11b9c359-da25-48d1-bf19-e9785335a59e" testListId="8c84fa94-04c1-424b-9868-57a2d4851a1d" />
    <TestEntry testId="10878190-e99f-828c-1a6d-fb95772a45b3" executionId="0004dac1-bcf6-4d4a-a69a-87c7e7375eb6" testListId="8c84fa94-04c1-424b-9868-57a2d4851a1d" />
    <TestEntry testId="a7b32719-9eff-d796-4031-8d466db52224" executionId="a1798a40-142f-4e00-be3b-d395dc9550df" testListId="8c84fa94-04c1-424b-9868-57a2d4851a1d" />
    <TestEntry testId="1ccd4431-529f-9a20-ef79-c5dc7636338f" executionId="f88015ca-f15b-4c6f-b3d2-70b941bd6dc0" testListId="8c84fa94-04c1-424b-9868-57a2d4851a1d" />
    <TestEntry testId="c879f46a-9007-fec8-809a-f5ccc47068f9" executionId="aec641a9-34a8-47da-a860-ea4772cc9d13" testListId="8c84fa94-04c1-424b-9868-57a2d4851a1d" />
    <TestEntry testId="c006d869-79e8-6c04-97d1-df83468fc425" executionId="b353a941-0de6-4f20-939b-6e2719c1cf5e" testListId="8c84fa94-04c1-424b-9868-57a2d4851a1d" />
    <TestEntry testId="7b856f5c-c98a-525b-e91d-5301dbd01293" executionId="880ccc25-3dc2-4a67-810b-ed1e028bd8eb" testListId="8c84fa94-04c1-424b-9868-57a2d4851a1d" />
    <TestEntry testId="7e1838a9-d296-8e4a-deb6-f6219613d811" executionId="23c42dab-16e6-4cc4-8b35-b437c7f750cd" testListId="8c84fa94-04c1-424b-9868-57a2d4851a1d" />
    <TestEntry testId="639de04d-5671-735b-3fa4-3485e2598d18" executionId="8fce7dc6-1cf5-4228-aa3c-47446bf06498" testListId="8c84fa94-04c1-424b-9868-57a2d4851a1d" />
    <TestEntry testId="839bb2dc-0eea-526b-a8da-576aa05c4e18" executionId="690032a7-f5ea-4e36-a888-92fb0e1e703c" testListId="8c84fa94-04c1-424b-9868-57a2d4851a1d" />
    <TestEntry testId="b6b9ddc6-f2a0-a051-4782-3ac4c48ad4dd" executionId="63c09958-0560-4b50-a656-c801b919eed6" testListId="8c84fa94-04c1-424b-9868-57a2d4851a1d" />
    <TestEntry testId="c51b2e62-0327-d006-0720-8905d61affeb" executionId="3a26dc50-f366-4b37-b5c3-acaa3a292a2d" testListId="8c84fa94-04c1-424b-9868-57a2d4851a1d" />
    <TestEntry testId="193c34c4-6765-8b93-005f-0c3a63f07088" executionId="234c6529-b79d-4c09-a9d1-75830a7eb644" testListId="8c84fa94-04c1-424b-9868-57a2d4851a1d" />
    <TestEntry testId="0fa96abd-799f-1295-b7e2-bd4f3366a801" executionId="d2d0d58d-37ba-49ed-bb6d-1f79e64545c0" testListId="8c84fa94-04c1-424b-9868-57a2d4851a1d" />
    <TestEntry testId="edc62e51-aa4b-8860-1ba4-c1f90ec6b70b" executionId="9aa3fe1c-4bd9-4683-abe6-44dfd63e75f6" testListId="8c84fa94-04c1-424b-9868-57a2d4851a1d" />
    <TestEntry testId="51bba982-c1a7-4ddc-fcc1-d6df78adb6e4" executionId="629fa95f-ff6b-4d40-85e4-ec795e642daa" testListId="8c84fa94-04c1-424b-9868-57a2d4851a1d" />
    <TestEntry testId="4f40ef91-402c-57b3-6878-168cf354ef00" executionId="85cf0ba1-c2ac-4949-9ffe-c8109c149329" testListId="8c84fa94-04c1-424b-9868-57a2d4851a1d" />
    <TestEntry testId="9d7881b7-34e6-62fb-a9ac-900dad44d08a" executionId="7c444231-37aa-4e6f-9447-12233f4bae14" testListId="8c84fa94-04c1-424b-9868-57a2d4851a1d" />
    <TestEntry testId="89685cc1-843f-50e2-6c89-0ac4b2a5c232" executionId="c6ddb80d-07ba-4cf3-8411-a47786b4bc94" testListId="8c84fa94-04c1-424b-9868-57a2d4851a1d" />
    <TestEntry testId="58bba699-0e3b-893b-ada0-a6ed0f8053ab" executionId="3679d88b-3105-4568-bbef-3dd01468ae90" testListId="8c84fa94-04c1-424b-9868-57a2d4851a1d" />
    <TestEntry testId="75bfe6e6-77bb-0348-1995-42da4fd7c098" executionId="2190929b-667e-4aab-9a53-42e195deba24" testListId="8c84fa94-04c1-424b-9868-57a2d4851a1d" />
    <TestEntry testId="87b45570-c9de-6fb2-ea10-a7d72ec0e9f8" executionId="ca38bae2-cb2d-47af-84d0-7228f35280ac" testListId="8c84fa94-04c1-424b-9868-57a2d4851a1d" />
    <TestEntry testId="b170cda7-0486-2fa5-3411-3762880e21e0" executionId="cc74fbf8-a5d1-4d7c-98bb-892cda7f3a67" testListId="8c84fa94-04c1-424b-9868-57a2d4851a1d" />
    <TestEntry testId="90870f83-542d-9ac6-d05c-3b77335e3a1e" executionId="eca05e61-428d-46cc-ba2b-db820c6f8b3f" testListId="8c84fa94-04c1-424b-9868-57a2d4851a1d" />
    <TestEntry testId="b41980ea-ae4c-e1b1-f63b-c9912249bc6c" executionId="d1fe7a4b-500c-47b3-a0d2-5b7b0d2de96e" testListId="8c84fa94-04c1-424b-9868-57a2d4851a1d" />
    <TestEntry testId="6b7f6082-e36e-67df-08ee-0036d39c653e" executionId="6aaa5d68-2f0d-436a-8631-54320c9e6c17" testListId="8c84fa94-04c1-424b-9868-57a2d4851a1d" />
    <TestEntry testId="df369080-ab75-6c56-2cb6-1f91155cdf9d" executionId="3c6b2ad9-4e7f-41a7-a227-d78c0dc0cec2" testListId="8c84fa94-04c1-424b-9868-57a2d4851a1d" />
    <TestEntry testId="eadd891c-dfb2-8a70-0fd5-45848fd6c6ea" executionId="a4647632-08db-4cfd-b09c-de981ff498ed" testListId="8c84fa94-04c1-424b-9868-57a2d4851a1d" />
    <TestEntry testId="18d709e2-a397-51f0-2807-d61c18daa0e3" executionId="922f6363-1d12-4457-836a-c98d147336e5" testListId="8c84fa94-04c1-424b-9868-57a2d4851a1d" />
    <TestEntry testId="a49e156d-234a-bdab-e86d-d05a278f5b1e" executionId="69305834-476c-4acc-a418-38d02a435927" testListId="8c84fa94-04c1-424b-9868-57a2d4851a1d" />
    <TestEntry testId="73dc3ab0-fffb-9635-fc00-efeb155ad832" executionId="17de3059-41e2-43c8-a72f-7479e7f5e435" testListId="8c84fa94-04c1-424b-9868-57a2d4851a1d" />
    <TestEntry testId="7ca3de07-a43d-1398-8f43-3d0c4f9fd708" executionId="a2fed609-e5a9-4508-9092-e8cfc2d2152d" testListId="8c84fa94-04c1-424b-9868-57a2d4851a1d" />
    <TestEntry testId="43083274-a6ac-31dd-121f-71e176a3a2f6" executionId="cf5da2f9-824c-409f-abea-8936ecaf2929" testListId="8c84fa94-04c1-424b-9868-57a2d4851a1d" />
    <TestEntry testId="7019e279-cb2d-225b-1484-7d1b93a83310" executionId="0fa014e7-c155-4576-882b-50731bc93942" testListId="8c84fa94-04c1-424b-9868-57a2d4851a1d" />
    <TestEntry testId="772104cc-fab8-71b1-694c-6cc41cf52c81" executionId="d45180a8-2d5c-4ac5-ae0d-fd0fd5bef48a" testListId="8c84fa94-04c1-424b-9868-57a2d4851a1d" />
    <TestEntry testId="62e15699-ce4c-ae40-1ccc-957c19638cb5" executionId="0650d66c-395a-4085-9ce3-fa0f308ba69f" testListId="8c84fa94-04c1-424b-9868-57a2d4851a1d" />
    <TestEntry testId="0ebe066a-b188-0798-d98e-82bb2b66e24c" executionId="f7fa9669-2495-466f-af12-683578f4387a" testListId="8c84fa94-04c1-424b-9868-57a2d4851a1d" />
    <TestEntry testId="235da73d-6c76-2491-d445-2c8b8cb4c41d" executionId="0fd83a0a-620f-42de-99b7-914af1ad6ebd" testListId="8c84fa94-04c1-424b-9868-57a2d4851a1d" />
    <TestEntry testId="74a8c812-0586-c842-4f35-1cf68b315ff1" executionId="7b508805-2d0a-4bda-9738-386662ec8841" testListId="8c84fa94-04c1-424b-9868-57a2d4851a1d" />
    <TestEntry testId="3fe6993a-f79d-85b9-3e11-22e838f8be61" executionId="db3b66ae-5318-4ee6-8462-9f166421991d" testListId="8c84fa94-04c1-424b-9868-57a2d4851a1d" />
    <TestEntry testId="47523091-6aac-5008-6810-7b1056803fe5" executionId="e25a9c30-48fb-467c-ad41-ffb3762b7986" testListId="8c84fa94-04c1-424b-9868-57a2d4851a1d" />
    <TestEntry testId="58bddaa2-2a2d-fe66-e1b6-a3c211a01e3e" executionId="2ea210bc-ceb4-4538-9af7-f777611c578b" testListId="8c84fa94-04c1-424b-9868-57a2d4851a1d" />
    <TestEntry testId="eda94749-2037-8116-acab-644e4ce9babd" executionId="51ce277b-6a31-4213-83c8-89990227da00" testListId="8c84fa94-04c1-424b-9868-57a2d4851a1d" />
    <TestEntry testId="1ddb24c4-ad2d-3d0f-f541-83cf66225167" executionId="0e61894d-dedc-46d6-92f8-8c73bf4aacb2" testListId="8c84fa94-04c1-424b-9868-57a2d4851a1d" />
    <TestEntry testId="5c347006-ef18-c9ee-72ec-b90a0c627b18" executionId="7f8f0c50-41f8-4b23-a09d-16bb1d21395e" testListId="8c84fa94-04c1-424b-9868-57a2d4851a1d" />
    <TestEntry testId="6b45fa7e-ee42-e5ae-0c8b-72ce1987d510" executionId="f297ec3b-7fde-4072-aa33-cf0cda00d52c" testListId="8c84fa94-04c1-424b-9868-57a2d4851a1d" />
    <TestEntry testId="0fce0c27-fa27-0faf-6d17-f6b69be966c5" executionId="8565f058-e920-4580-bb5a-e763cd0abf80" testListId="8c84fa94-04c1-424b-9868-57a2d4851a1d" />
    <TestEntry testId="cb089770-03c4-52dd-07f0-36d4e7f4820a" executionId="cef4b625-9255-4e11-b40e-843251368fca" testListId="8c84fa94-04c1-424b-9868-57a2d4851a1d" />
    <TestEntry testId="5792f09b-9712-4ed7-0708-27b05fa52eef" executionId="182e5a25-5390-42c1-bd2e-d2efb4ae320c" testListId="8c84fa94-04c1-424b-9868-57a2d4851a1d" />
    <TestEntry testId="670b0504-2b49-0f97-0489-d6c0bf347cbd" executionId="aebdf70f-212e-4768-994f-4696c53f5784" testListId="8c84fa94-04c1-424b-9868-57a2d4851a1d" />
    <TestEntry testId="7ba259fc-0c3b-f869-f5ba-2ea3756e8371" executionId="e6e105bc-fee3-440a-b59c-4f9c68c6f8f5" testListId="8c84fa94-04c1-424b-9868-57a2d4851a1d" />
    <TestEntry testId="cf723f4d-1c21-5d23-b945-ec26c225efec" executionId="03ec7572-cab3-4bed-8add-67b52b4e9d3b" testListId="8c84fa94-04c1-424b-9868-57a2d4851a1d" />
    <TestEntry testId="e252aac2-7585-2248-9f32-0d633c10fced" executionId="b186a7ab-7253-40ac-873d-4b0ef6a3b914" testListId="8c84fa94-04c1-424b-9868-57a2d4851a1d" />
    <TestEntry testId="34eeb41e-8105-36e9-ca6a-5a7142e4ceaf" executionId="6ac9bd94-3d53-46d8-bef9-38d1c6a6796e" testListId="8c84fa94-04c1-424b-9868-57a2d4851a1d" />
    <TestEntry testId="224422d4-79c1-a32e-b7df-1dbcb111d071" executionId="76502465-352b-4a66-824a-8d36456aab66" testListId="8c84fa94-04c1-424b-9868-57a2d4851a1d" />
    <TestEntry testId="2b1f6eeb-e081-d18a-d57a-d11f6075c4df" executionId="8ad79ce2-891e-4f86-a41f-1c5d111cafa3" testListId="8c84fa94-04c1-424b-9868-57a2d4851a1d" />
    <TestEntry testId="0d893e71-31c7-e55c-9f4b-074eeecd11fc" executionId="dc27b47d-2bf3-4d01-a2a2-3fc11c82c21f" testListId="8c84fa94-04c1-424b-9868-57a2d4851a1d" />
    <TestEntry testId="e7e07e45-86da-30b7-4423-2c44597d47a1" executionId="e46a1c93-cc65-4def-9d82-a67432b3fc03" testListId="8c84fa94-04c1-424b-9868-57a2d4851a1d" />
    <TestEntry testId="da2f68ba-6de3-3245-ff71-fa964385fdb3" executionId="f2522f06-6a5f-4524-bb1d-b2c54608e307" testListId="8c84fa94-04c1-424b-9868-57a2d4851a1d" />
    <TestEntry testId="036d855e-0849-dd30-87b2-63df52691950" executionId="566f440e-81c7-4a38-8b14-d27c8aff0cf3" testListId="8c84fa94-04c1-424b-9868-57a2d4851a1d" />
    <TestEntry testId="5404ca71-0b9b-9663-d1e4-08818cb531ac" executionId="c3da710b-8197-4c5c-9c58-2a38d16f2119" testListId="8c84fa94-04c1-424b-9868-57a2d4851a1d" />
    <TestEntry testId="6a8f53dc-2e84-9ae7-2c05-fb5caaaef58e" executionId="f917b6b7-1f12-4834-9fcf-ed64fcb28a4d" testListId="8c84fa94-04c1-424b-9868-57a2d4851a1d" />
    <TestEntry testId="721d31a5-1958-f5ae-a596-40872f58421c" executionId="ef904d3a-763a-4040-ae9f-4a550581bffc" testListId="8c84fa94-04c1-424b-9868-57a2d4851a1d" />
    <TestEntry testId="0dcbad1c-82f9-81e9-54ea-c42525c1d0a7" executionId="a29be1fa-1e0a-4506-9799-a29325942c47" testListId="8c84fa94-04c1-424b-9868-57a2d4851a1d" />
    <TestEntry testId="34d08d56-934e-1f9d-a15d-96ab10322eab" executionId="11153a8d-10e0-4b78-aadf-ba0f06584209" testListId="8c84fa94-04c1-424b-9868-57a2d4851a1d" />
    <TestEntry testId="5353b82d-cf5f-40e5-91cc-1be0ce2a69e7" executionId="ab3ae0ec-4cad-44fc-b8b2-6c40ef3e2c86" testListId="8c84fa94-04c1-424b-9868-57a2d4851a1d" />
    <TestEntry testId="df3bd1f3-052e-0c08-bd1e-be6348e4431e" executionId="9a391e7e-01d6-442c-8893-5a85e5c75e93" testListId="8c84fa94-04c1-424b-9868-57a2d4851a1d" />
  </TestEntries>
  <TestLists>
    <TestList name="Results Not in a List" id="8c84fa94-04c1-424b-9868-57a2d4851a1d" />
    <TestList name="All Loaded Results" id="19431567-8539-422a-85d7-44ee4e166bda" />
  </TestLists>
  <ResultSummary outcome="Completed">
    <Counters total="158" executed="158" passed="158" failed="0" error="0" timeout="0" aborted="0" inconclusive="0" passedButRunAborted="0" notRunnable="0" notExecuted="0" disconnected="0" warning="0" completed="0" inProgress="0" pending="0" />
  </ResultSummary>
</TestRun>