<?xml version="1.0" encoding="utf-8"?>
<TestRun id="3072d62c-992d-4f0c-a5ee-a752e353cd0d" name="Payton@PAYTONPC 2026-09-22 13:05:35" runUser="PaytonPC\Payton" xmlns="http://microsoft.com/schemas/VisualStudio/TeamTest/2010">
  <Times creation="2026-09-22T13:05:35.9593850-05:00" queuing="2026-09-22T13:05:35.9593855-05:00" start="2026-09-22T13:05:26.1766083-05:00" finish="2026-09-22T13:05:37.9131751-05:00" />
  <TestSettings name="default" id="ad0e4414-3cbe-433c-95a2-3c364437141f">
    <Deployment runDeploymentRoot="Payton_PAYTONPC_2026-09-22_13_05_35" />
  </TestSettings>
  <Results>
    <UnitTestResult executionId="0699f58d-9e49-47fe-8760-b1f243ffb689" testId="a7f9dee4-c5df-fe34-b030-cb947e02d80d" testName="DenseCameraFramesHaveBoundedWorkAndReportTimings" computerName="PAYTONPC" duration="00:00:01.9113917" startTime="2026-09-22T13:05:35.9450187-05:00" endTime="2026-09-22T13:05:37.8577635-05:00" testType="13cdc9d9-ddb5-4fa4-a97d-d965ccfc6d4b" outcome="Passed" testListId="8c84fa94-04c1-424b-9868-57a2d4851a1d" relativeResultsDirectory="0699f58d-9e49-47fe-8760-b1f243ffb689">
      <Output>
        <StdOut>TestContext Messages:&#xD;
CPU fallback, 1280x800, 25,600 files, 180 camera frames: median 1.99 ms, p95 7.01 ms, max 7.79 ms; UI allocation 1,187,983 bytes/frame; peak 25,793 tiles.</StdOut>
      </Output>
    </UnitTestResult>
    <UnitTestResult executionId="9736705c-7ca8-4056-8ffa-b90e7188b8ce" testId="da2f68ba-6de3-3245-ff71-fa964385fdb3" testName="SlowAndSupersededFolderLoadsNeverRunOnTheDispatcher" computerName="PAYTONPC" duration="00:00:09.3855062" startTime="2026-09-22T13:05:26.5425675-05:00" endTime="2026-09-22T13:05:35.9371606-05:00" testType="13cdc9d9-ddb5-4fa4-a97d-d965ccfc6d4b" outcome="Failed" testListId="8c84fa94-04c1-424b-9868-57a2d4851a1d" relativeResultsDirectory="9736705c-7ca8-4056-8ffa-b90e7188b8ce">
      <Output>
        <ErrorInfo>
          <Message>Assert.IsTrue failed. Background map work did not complete.</Message>
          <StackTrace>   at Clearspace.Tests.DiskUsagePerformanceTests.WaitFor(Func`1 condition) in E:\GithubRepos\File Explorer Remake\Clearspace.Tests\DiskUsagePerformanceTests.cs:line 122&#xD;
   at Clearspace.Tests.DiskUsagePerformanceTests.&lt;&gt;c.&lt;&lt;SlowAndSupersededFolderLoadsNeverRunOnTheDispatcher&gt;b__4_0&gt;d.MoveNext() in E:\GithubRepos\File Explorer Remake\Clearspace.Tests\DiskUsagePerformanceTests.cs:line 58&#xD;
--- End of stack trace from previous location ---&#xD;
   at Clearspace.Tests.DiskUsagePerformanceTests.&lt;&gt;c__DisplayClass8_1.&lt;&lt;RunSta&gt;b__1&gt;d.MoveNext() in E:\GithubRepos\File Explorer Remake\Clearspace.Tests\DiskUsagePerformanceTests.cs:line 134&#xD;
--- End of stack trace from previous location ---&#xD;
   at Clearspace.Tests.DiskUsagePerformanceTests.RunSta(Func`1 action) in E:\GithubRepos\File Explorer Remake\Clearspace.Tests\DiskUsagePerformanceTests.cs:line 143&#xD;
   at Clearspace.Tests.DiskUsagePerformanceTests.SlowAndSupersededFolderLoadsNeverRunOnTheDispatcher() in E:\GithubRepos\File Explorer Remake\Clearspace.Tests\DiskUsagePerformanceTests.cs:line 16&#xD;
   at System.Reflection.MethodBaseInvoker.InterpretedInvoke_Method(Object obj, IntPtr* args)&#xD;
   at System.Reflection.MethodBaseInvoker.InvokeWithNoArgs(Object obj, BindingFlags invokeAttr)&#xD;
</StackTrace>
        </ErrorInfo>
      </Output>
    </UnitTestResult>
  </Results>
  <TestDefinitions>
    <UnitTest name="DenseCameraFramesHaveBoundedWorkAndReportTimings" storage="e:\githubrepos\file explorer remake\clearspace.tests\bin\release\net10.0-windows\clearspace.tests.dll" id="a7f9dee4-c5df-fe34-b030-cb947e02d80d">
      <Execution id="0699f58d-9e49-47fe-8760-b1f243ffb689" />
      <TestMethod codeBase="E:\GithubRepos\File Explorer Remake\Clearspace.Tests\bin\Release\net10.0-windows\Clearspace.Tests.dll" adapterTypeName="executor://mstestadapter/v2" className="Clearspace.Tests.DiskUsagePerformanceTests" name="DenseCameraFramesHaveBoundedWorkAndReportTimings" />
    </UnitTest>
    <UnitTest name="SlowAndSupersededFolderLoadsNeverRunOnTheDispatcher" storage="e:\githubrepos\file explorer remake\clearspace.tests\bin\release\net10.0-windows\clearspace.tests.dll" id="da2f68ba-6de3-3245-ff71-fa964385fdb3">
      <Execution id="9736705c-7ca8-4056-8ffa-b90e7188b8ce" />
      <TestMethod codeBase="E:\GithubRepos\File Explorer Remake\Clearspace.Tests\bin\Release\net10.0-windows\Clearspace.Tests.dll" adapterTypeName="executor://mstestadapter/v2" className="Clearspace.Tests.DiskUsagePerformanceTests" name="SlowAndSupersededFolderLoadsNeverRunOnTheDispatcher" />
    </UnitTest>
  </TestDefinitions>
  <TestEntries>
    <TestEntry testId="a7f9dee4-c5df-fe34-b030-cb947e02d80d" executionId="0699f58d-9e49-47fe-8760-b1f243ffb689" testListId="8c84fa94-04c1-424b-9868-57a2d4851a1d" />
    <TestEntry testId="da2f68ba-6de3-3245-ff71-fa964385fdb3" executionId="9736705c-7ca8-4056-8ffa-b90e7188b8ce" testListId="8c84fa94-04c1-424b-9868-57a2d4851a1d" />
  </TestEntries>
  <TestLists>
    <TestList name="Results Not in a List" id="8c84fa94-04c1-424b-9868-57a2d4851a1d" />
    <TestList name="All Loaded Results" id="19431567-8539-422a-85d7-44ee4e166bda" />
  </TestLists>
  <ResultSummary outcome="Failed">
    <Counters total="2" executed="2" passed="1" failed="1" error="0" timeout="0" aborted="0" inconclusive="0" passedButRunAborted="0" notRunnable="0" notExecuted="0" disconnected="0" warning="0" completed="0" inProgress="0" pending="0" />
  </ResultSummary>
</TestRun>