<?xml version="1.0" encoding="utf-8"?>
<TestRun id="50979bb3-09ad-4267-8ab1-b6864512bb8d" name="Payton@PAYTONPC 2026-09-23 12:59:02" runUser="PaytonPC\Payton" xmlns="http://microsoft.com/schemas/VisualStudio/TeamTest/2010">
  <Times creation="2026-09-23T12:59:02.1603803-05:00" queuing="2026-09-23T12:59:02.1603804-05:00" start="2026-09-23T12:59:01.5155862-05:00" finish="2026-09-23T12:59:32.0259889-05:00" />
  <TestSettings name="default" id="f04100bd-38de-4aee-a243-e4c29c89bf29">
    <Deployment runDeploymentRoot="Payton_PAYTONPC_2026-09-23_12_59_02" />
  </TestSettings>
  <Results>
    <UnitTestResult executionId="d3fbf18b-364b-4e1e-bc86-17d45adb817e" testId="86101756-059c-0ae9-3f27-48643e91d9a0" testName="RequestsRejectRootsGroupsForeignChildrenAndUnsafeNames" computerName="PAYTONPC" duration="00:00:00.0026857" startTime="2026-09-23T12:59:02.0906399-05:00" endTime="2026-09-23T12:59:02.0933890-05:00" testType="13cdc9d9-ddb5-4fa4-a97d-d965ccfc6d4b" outcome="Passed" testListId="8c84fa94-04c1-424b-9868-57a2d4851a1d" relativeResultsDirectory="d3fbf18b-364b-4e1e-bc86-17d45adb817e" />
    <UnitTestResult executionId="e17412ac-4522-4585-bf07-2300bbc2eb63" testId="c51b2e62-0327-d006-0720-8905d61affeb" testName="FrameRequestsCoalesceAndLetInputRunFirst" computerName="PAYTONPC" duration="00:00:00.0901040" startTime="2026-09-23T12:59:08.8576105-05:00" endTime="2026-09-23T12:59:08.9479027-05:00" testType="13cdc9d9-ddb5-4fa4-a97d-d965ccfc6d4b" outcome="Passed" testListId="8c84fa94-04c1-424b-9868-57a2d4851a1d" relativeResultsDirectory="e17412ac-4522-4585-bf07-2300bbc2eb63" />
    <UnitTestResult executionId="0ccc2267-1184-4a66-9929-5c05e861aa81" testId="670b0504-2b49-0f97-0489-d6c0bf347cbd" testName="ClearingCompletedSearchRestoresBrowsingStatus (&quot;clearspace://network&quot;,0,&quot;No mapped network locations&quot;)" computerName="PAYTONPC" duration="00:00:00.0000154" startTime="2026-09-23T12:59:31.7387754-05:00" endTime="2026-09-23T12:59:31.7388260-05:00" testType="13cdc9d9-ddb5-4fa4-a97d-d965ccfc6d4b" outcome="Passed" testListId="8c84fa94-04c1-424b-9868-57a2d4851a1d" relativeResultsDirectory="0ccc2267-1184-4a66-9929-5c05e861aa81" />
    <UnitTestResult executionId="d2f0bc20-0160-49ee-ba97-b5d94f75c54e" testId="e7e07e45-86da-30b7-4423-2c44597d47a1" testName="GpuRendererPresentsAndResizesWhenAvailable" computerName="PAYTONPC" duration="00:00:00.3027906" startTime="2026-09-23T12:59:19.7949207-05:00" endTime="2026-09-23T12:59:20.0978643-05:00" testType="13cdc9d9-ddb5-4fa4-a97d-d965ccfc6d4b" outcome="Passed" testListId="8c84fa94-04c1-424b-9868-57a2d4851a1d" relativeResultsDirectory="d2f0bc20-0160-49ee-ba97-b5d94f75c54e">
      <Output>
        <StdOut>TestContext Messages:&#xD;
GPU smoke check: 12/12 frames presented; multisampling True; resize exercised.</StdOut>
      </Output>
    </UnitTestResult>
    <UnitTestResult executionId="23bb497c-f518-48d9-8ac2-b6d5d3da381c" testId="18d709e2-a397-51f0-2807-d61c18daa0e3" testName="EmptyCompactedIndexCanAcceptItsFirstEntry" computerName="PAYTONPC" duration="00:00:00.0000921" startTime="2026-09-23T12:59:31.7070925-05:00" endTime="2026-09-23T12:59:31.7072097-05:00" testType="13cdc9d9-ddb5-4fa4-a97d-d965ccfc6d4b" outcome="Passed" testListId="8c84fa94-04c1-424b-9868-57a2d4851a1d" relativeResultsDirectory="23bb497c-f518-48d9-8ac2-b6d5d3da381c" />
    <UnitTestResult executionId="11ae84b6-f1ab-4eaa-8c24-333b15b284d0" testId="7ad0a406-698e-1b78-f163-9959fd1b2b77" testName="ExclusionsDoNotHideSameNamedSiblingsOrNewerIndexVersions" computerName="PAYTONPC" duration="00:00:00.0003380" startTime="2026-09-23T12:59:02.1340956-05:00" endTime="2026-09-23T12:59:02.1344863-05:00" testType="13cdc9d9-ddb5-4fa4-a97d-d965ccfc6d4b" outcome="Passed" testListId="8c84fa94-04c1-424b-9868-57a2d4851a1d" relativeResultsDirectory="11ae84b6-f1ab-4eaa-8c24-333b15b284d0" />
    <UnitTestResult executionId="201a2a64-a438-42e1-873f-f02fddaea2a5" testId="d8badc5d-f51a-ed9e-f13f-38e926853d48" testName="CanceledFolderLoadDoesNotEnumerate" computerName="PAYTONPC" duration="00:00:00.0011728" startTime="2026-09-23T12:59:31.7231946-05:00" endTime="2026-09-23T12:59:31.7244119-05:00" testType="13cdc9d9-ddb5-4fa4-a97d-d965ccfc6d4b" outcome="Passed" testListId="8c84fa94-04c1-424b-9868-57a2d4851a1d" relativeResultsDirectory="201a2a64-a438-42e1-873f-f02fddaea2a5" />
    <UnitTestResult executionId="d2b4d9d2-1686-4478-8de5-482bd2ab4457" testId="39d96759-a569-6f0a-d3e5-2b722ea78aa9" testName="AccessErrorsDoNotRemoveItemsOrChangeTotals" computerName="PAYTONPC" duration="00:00:00.0011654" startTime="2026-09-23T12:59:02.1316500-05:00" endTime="2026-09-23T12:59:02.1328800-05:00" testType="13cdc9d9-ddb5-4fa4-a97d-d965ccfc6d4b" outcome="Passed" testListId="8c84fa94-04c1-424b-9868-57a2d4851a1d" relativeResultsDirectory="d2b4d9d2-1686-4478-8de5-482bd2ab4457" />
    <UnitTestResult executionId="0f4ee515-4d2a-4210-91af-34c2b04f70b9" testId="da2f68ba-6de3-3245-ff71-fa964385fdb3" testName="SlowAndSupersededFolderLoadsNeverRunOnTheDispatcher" computerName="PAYTONPC" duration="00:00:00.4309702" startTime="2026-09-23T12:59:02.1345084-05:00" endTime="2026-09-23T12:59:02.5655880-05:00" testType="13cdc9d9-ddb5-4fa4-a97d-d965ccfc6d4b" outcome="Passed" testListId="8c84fa94-04c1-424b-9868-57a2d4851a1d" relativeResultsDirectory="0f4ee515-4d2a-4210-91af-34c2b04f70b9" />
    <UnitTestResult executionId="f5ca24ee-2b48-4c9d-8d9a-cfc103dd6b5a" testId="36502015-2cfc-af8d-ef45-70ef78761b6a" testName="ExplicitUnknownTagMatchesNothingAndKnownTagUsesInjectedStore" computerName="PAYTONPC" duration="00:00:00.0001423" startTime="2026-09-23T12:59:31.7632741-05:00" endTime="2026-09-23T12:59:31.7634354-05:00" testType="13cdc9d9-ddb5-4fa4-a97d-d965ccfc6d4b" outcome="Passed" testListId="8c84fa94-04c1-424b-9868-57a2d4851a1d" relativeResultsDirectory="f5ca24ee-2b48-4c9d-8d9a-cfc103dd6b5a" />
    <UnitTestResult executionId="b9113f16-8039-496f-a29f-773580b7dab1" testId="0646d064-ea53-8e51-b1cd-9af55eb3d6d2" testName="DeleteRemovesAssignmentsWithoutRemovingOtherTags" computerName="PAYTONPC" duration="00:00:00.0009833" startTime="2026-09-23T12:59:31.7501206-05:00" endTime="2026-09-23T12:59:31.7511391-05:00" testType="13cdc9d9-ddb5-4fa4-a97d-d965ccfc6d4b" outcome="Passed" testListId="8c84fa94-04c1-424b-9868-57a2d4851a1d" relativeResultsDirectory="b9113f16-8039-496f-a29f-773580b7dab1" />
    <UnitTestResult executionId="00fa01d0-debc-49fe-980a-e4efd6149844" testId="3e5238c8-97dc-8f72-a377-8d99c7b733c1" testName="JsonRoundTripPreservesAnIntentionallyEmptyTagList" computerName="PAYTONPC" duration="00:00:00.0003141" startTime="2026-09-23T12:59:31.7523755-05:00" endTime="2026-09-23T12:59:31.7527160-05:00" testType="13cdc9d9-ddb5-4fa4-a97d-d965ccfc6d4b" outcome="Passed" testListId="8c84fa94-04c1-424b-9868-57a2d4851a1d" relativeResultsDirectory="00fa01d0-debc-49fe-980a-e4efd6149844" />
    <UnitTestResult executionId="a6abc600-f447-4054-b54c-48a9df513b2c" testId="8e512ed7-b3f6-de6e-54ca-ebb6abebccab" testName="MalformedJsonFallsBackToDefaultsWithoutOverwritingInput" computerName="PAYTONPC" duration="00:00:00.0011640" startTime="2026-09-23T12:59:31.7603695-05:00" endTime="2026-09-23T12:59:31.7615715-05:00" testType="13cdc9d9-ddb5-4fa4-a97d-d965ccfc6d4b" outcome="Passed" testListId="8c84fa94-04c1-424b-9868-57a2d4851a1d" relativeResultsDirectory="a6abc600-f447-4054-b54c-48a9df513b2c" />
    <UnitTestResult executionId="6b29b13d-1204-4c57-9870-3a3a829a621b" testId="069711dc-28e7-987c-d1dc-ca1f595a751e" testName="EmptyQueryHasNoFilters (&quot;  &quot;)" computerName="PAYTONPC" duration="00:00:00.0000033" startTime="2026-09-23T12:59:31.7621893-05:00" endTime="2026-09-23T12:59:31.7622423-05:00" testType="13cdc9d9-ddb5-4fa4-a97d-d965ccfc6d4b" outcome="Passed" testListId="8c84fa94-04c1-424b-9868-57a2d4851a1d" relativeResultsDirectory="6b29b13d-1204-4c57-9870-3a3a829a621b" />
    <UnitTestResult executionId="1edb2014-af55-423f-bcc4-f519443b6096" testId="2542f969-45c5-ba9c-7fee-eb7fd9188091" testName="NativeOutcomePreservesStatusAndDiagnostics (5,True,Canceled,AccessDenied)" computerName="PAYTONPC" duration="00:00:00.0000042" startTime="2026-09-23T12:59:31.7120007-05:00" endTime="2026-09-23T12:59:31.7120389-05:00" testType="13cdc9d9-ddb5-4fa4-a97d-d965ccfc6d4b" outcome="Passed" testListId="8c84fa94-04c1-424b-9868-57a2d4851a1d" relativeResultsDirectory="1edb2014-af55-423f-bcc4-f519443b6096" />
    <UnitTestResult executionId="bab3076e-4012-4261-a649-481e8b89b70a" testId="57e7d098-0ea1-fdaa-4ce9-68f49606baa3" testName="EmptyQueryCancelsPendingSearchAndRestoresDirectoryItems" computerName="PAYTONPC" duration="00:00:00.0009093" startTime="2026-09-23T12:59:31.7365872-05:00" endTime="2026-09-23T12:59:31.7375271-05:00" testType="13cdc9d9-ddb5-4fa4-a97d-d965ccfc6d4b" outcome="Passed" testListId="8c84fa94-04c1-424b-9868-57a2d4851a1d" relativeResultsDirectory="bab3076e-4012-4261-a649-481e8b89b70a" />
    <UnitTestResult executionId="47745a1d-9220-46da-b741-ed4a729fa91f" testId="022a0dd7-8322-c23c-eef9-4810f79a97dc" testName="DenseCameraFramesHaveBoundedWorkAndReportTimings (1280,800)" computerName="PAYTONPC" duration="00:00:01.1361526" startTime="2026-09-23T12:59:02.5656602-05:00" endTime="2026-09-23T12:59:03.7019870-05:00" testType="13cdc9d9-ddb5-4fa4-a97d-d965ccfc6d4b" outcome="Passed" testListId="8c84fa94-04c1-424b-9868-57a2d4851a1d" relativeResultsDirectory="47745a1d-9220-46da-b741-ed4a729fa91f">
      <Output>
        <StdOut>TestContext Messages:&#xD;
CPU fallback, 1280x800, 25,600 files, 180 camera frames: median 0.56 ms, p95 2.27 ms, max 5.73 ms; walk median 0.00 ms, p95 1.12 ms; UI allocation 68,156 bytes/frame; peak 7,873 tiles; 10 builds, 195 reused frames, 0 GPU uploads.</StdOut>
      </Output>
    </UnitTestResult>
    <UnitTestResult executionId="d325c4f5-d9df-4f56-89f1-03a1eb198f62" testId="036d855e-0849-dd30-87b2-63df52691950" testName="ClearingCompletedSearchRestoresBrowsingStatus (&quot;C:\source&quot;,2,&quot;2 folders, 0 files&quot;)" computerName="PAYTONPC" duration="00:00:00.0002718" startTime="2026-09-23T12:59:31.7383621-05:00" endTime="2026-09-23T12:59:31.7386876-05:00" testType="13cdc9d9-ddb5-4fa4-a97d-d965ccfc6d4b" outcome="Passed" testListId="8c84fa94-04c1-424b-9868-57a2d4851a1d" relativeResultsDirectory="d325c4f5-d9df-4f56-89f1-03a1eb198f62" />
    <UnitTestResult executionId="647c5ffc-5bbb-4ee6-8c5a-98276f1a7803" testId="34eeb41e-8105-36e9-ca6a-5a7142e4ceaf" testName="FolderLookupHonorsPathBoundariesAndCase" computerName="PAYTONPC" duration="00:00:00.0002575" startTime="2026-09-23T12:59:20.0990546-05:00" endTime="2026-09-23T12:59:20.0993575-05:00" testType="13cdc9d9-ddb5-4fa4-a97d-d965ccfc6d4b" outcome="Passed" testListId="8c84fa94-04c1-424b-9868-57a2d4851a1d" relativeResultsDirectory="647c5ffc-5bbb-4ee6-8c5a-98276f1a7803" />
    <UnitTestResult executionId="311c1b92-1d70-43c6-a481-349d6aa65d55" testId="d800ce15-cb34-d296-4941-86ecf8f81794" testName="InvalidDestinationNeverCallsWindows (&quot;relative&quot;)" computerName="PAYTONPC" duration="00:00:00.0000034" startTime="2026-09-23T12:59:31.7167711-05:00" endTime="2026-09-23T12:59:31.7168121-05:00" testType="13cdc9d9-ddb5-4fa4-a97d-d965ccfc6d4b" outcome="Passed" testListId="8c84fa94-04c1-424b-9868-57a2d4851a1d" relativeResultsDirectory="311c1b92-1d70-43c6-a481-349d6aa65d55" />
    <UnitTestResult executionId="87e5463b-952a-479d-90bc-0e22379698ec" testId="c14c69d7-830e-d300-fe0d-496b044f7fb4" testName="EmptySelectionIsRejectedByEveryBatchOperation" computerName="PAYTONPC" duration="00:00:00.0002354" startTime="2026-09-23T12:59:31.7168585-05:00" endTime="2026-09-23T12:59:31.7171185-05:00" testType="13cdc9d9-ddb5-4fa4-a97d-d965ccfc6d4b" outcome="Passed" testListId="8c84fa94-04c1-424b-9868-57a2d4851a1d" relativeResultsDirectory="87e5463b-952a-479d-90bc-0e22379698ec" />
    <UnitTestResult executionId="f33065be-d3a4-4b8b-bb45-06e620aaf007" testId="9f53921b-ba47-760a-e1e4-50b1a59d39ca" testName="NativeOutcomePreservesStatusAndDiagnostics (1223,False,Canceled,None)" computerName="PAYTONPC" duration="00:00:00.0000077" startTime="2026-09-23T12:59:31.7116908-05:00" endTime="2026-09-23T12:59:31.7117609-05:00" testType="13cdc9d9-ddb5-4fa4-a97d-d965ccfc6d4b" outcome="Passed" testListId="8c84fa94-04c1-424b-9868-57a2d4851a1d" relativeResultsDirectory="f33065be-d3a4-4b8b-bb45-06e620aaf007" />
    <UnitTestResult executionId="0278a1c6-e953-44e3-ac67-a5d1059ebc75" testId="1377a481-74e3-d4ab-3190-ebb52730acfd" testName="BothTraversalsUseTheSameReparsePolicy (2684354572,False)" computerName="PAYTONPC" duration="00:00:00.0001372" startTime="2026-09-23T12:59:31.8821894-05:00" endTime="2026-09-23T12:59:31.8824705-05:00" testType="13cdc9d9-ddb5-4fa4-a97d-d965ccfc6d4b" outcome="Passed" testListId="8c84fa94-04c1-424b-9868-57a2d4851a1d" relativeResultsDirectory="0278a1c6-e953-44e3-ac67-a5d1059ebc75" />
    <UnitTestResult executionId="29e7ae5a-2fe9-4c19-978b-ebea526dfb31" testId="839bb2dc-0eea-526b-a8da-576aa05c4e18" testName="ClearingCompletedSearchRestoresBrowsingStatus (&quot;clearspace://network&quot;,2,&quot;2 network locations&quot;)" computerName="PAYTONPC" duration="00:00:00.0000158" startTime="2026-09-23T12:59:31.7388342-05:00" endTime="2026-09-23T12:59:31.7388832-05:00" testType="13cdc9d9-ddb5-4fa4-a97d-d965ccfc6d4b" outcome="Passed" testListId="8c84fa94-04c1-424b-9868-57a2d4851a1d" relativeResultsDirectory="29e7ae5a-2fe9-4c19-978b-ebea526dfb31" />
    <UnitTestResult executionId="af851391-1249-44f7-8acf-e770f05e0abe" testId="344d1813-6e92-a7bb-567b-26715fb0dadf" testName="InvalidSourceNeverCallsWindows (&quot;C:\source\*.txt&quot;)" computerName="PAYTONPC" duration="00:00:00.0000052" startTime="2026-09-23T12:59:31.7152840-05:00" endTime="2026-09-23T12:59:31.7154092-05:00" testType="13cdc9d9-ddb5-4fa4-a97d-d965ccfc6d4b" outcome="Passed" testListId="8c84fa94-04c1-424b-9868-57a2d4851a1d" relativeResultsDirectory="af851391-1249-44f7-8acf-e770f05e0abe" />
    <UnitTestResult executionId="9fe344ae-2e84-4b1d-95b2-1f8eae4beb53" testId="9d7881b7-34e6-62fb-a9ac-900dad44d08a" testName="IndexAndCrawlCancelDuringTraversal" computerName="PAYTONPC" duration="00:00:00.0428691" startTime="2026-09-23T12:59:31.8379942-05:00" endTime="2026-09-23T12:59:31.8809656-05:00" testType="13cdc9d9-ddb5-4fa4-a97d-d965ccfc6d4b" outcome="Passed" testListId="8c84fa94-04c1-424b-9868-57a2d4851a1d" relativeResultsDirectory="9fe344ae-2e84-4b1d-95b2-1f8eae4beb53" />
    <UnitTestResult executionId="512cf487-8959-44dc-a7ca-7501d22433b2" testId="e252aac2-7585-2248-9f32-0d633c10fced" testName="NativeOutcomePreservesStatusAndDiagnostics (0,True,Canceled,None)" computerName="PAYTONPC" duration="00:00:00.0010684" startTime="2026-09-23T12:59:31.7100685-05:00" endTime="2026-09-23T12:59:31.7112548-05:00" testType="13cdc9d9-ddb5-4fa4-a97d-d965ccfc6d4b" outcome="Passed" testListId="8c84fa94-04c1-424b-9868-57a2d4851a1d" relativeResultsDirectory="512cf487-8959-44dc-a7ca-7501d22433b2" />
    <UnitTestResult executionId="2963f1b1-ce04-4899-83c8-99e6ce86f262" testId="6b7f6082-e36e-67df-08ee-0036d39c653e" testName="CollapsedCategoryDoesNotLoadItsChildren" computerName="PAYTONPC" duration="00:00:00.0001675" startTime="2026-09-23T12:59:31.7259920-05:00" endTime="2026-09-23T12:59:31.7261885-05:00" testType="13cdc9d9-ddb5-4fa4-a97d-d965ccfc6d4b" outcome="Passed" testListId="8c84fa94-04c1-424b-9868-57a2d4851a1d" relativeResultsDirectory="2963f1b1-ce04-4899-83c8-99e6ce86f262" />
    <UnitTestResult executionId="77a5c0f1-9b07-4e3a-84b7-c7bdad2fb4d9" testId="125dfd71-bb14-da9e-8107-21e7c0eea706" testName="CreateReusesCaseInsensitiveNamesAndGeneratesUniqueIds" computerName="PAYTONPC" duration="00:00:00.0011628" startTime="2026-09-23T12:59:31.7591480-05:00" endTime="2026-09-23T12:59:31.7603501-05:00" testType="13cdc9d9-ddb5-4fa4-a97d-d965ccfc6d4b" outcome="Passed" testListId="8c84fa94-04c1-424b-9868-57a2d4851a1d" relativeResultsDirectory="77a5c0f1-9b07-4e3a-84b7-c7bdad2fb4d9" />
    <UnitTestResult executionId="a63d2076-6164-4b6c-a365-98e5cff9454e" testId="51bba982-c1a7-4ddc-fcc1-d6df78adb6e4" testName="ViewModelSupportsInitialFolderDrillDownUpAndMissingFolder" computerName="PAYTONPC" duration="00:00:00.0012538" startTime="2026-09-23T12:59:20.1168015-05:00" endTime="2026-09-23T12:59:20.1180956-05:00" testType="13cdc9d9-ddb5-4fa4-a97d-d965ccfc6d4b" outcome="Passed" testListId="8c84fa94-04c1-424b-9868-57a2d4851a1d" relativeResultsDirectory="a63d2076-6164-4b6c-a365-98e5cff9454e" />
    <UnitTestResult executionId="c903ea49-21c1-4394-a98b-6a21e59280c5" testId="d14cbc63-b032-cea6-6bb1-19d56af7b434" testName="NativeOutcomePreservesStatusAndDiagnostics (117,False,Canceled,None)" computerName="PAYTONPC" duration="00:00:00.0000102" startTime="2026-09-23T12:59:31.7112933-05:00" endTime="2026-09-23T12:59:31.7113893-05:00" testType="13cdc9d9-ddb5-4fa4-a97d-d965ccfc6d4b" outcome="Passed" testListId="8c84fa94-04c1-424b-9868-57a2d4851a1d" relativeResultsDirectory="c903ea49-21c1-4394-a98b-6a21e59280c5" />
    <UnitTestResult executionId="97473909-cd5e-4178-b518-7ffaf8fd0f0e" testId="a347be21-6be2-5eef-d450-853f87bb13e7" testName="InvalidHierarchyAndOverflowFailExplicitly" computerName="PAYTONPC" duration="00:00:00.0004050" startTime="2026-09-23T12:59:20.1076481-05:00" endTime="2026-09-23T12:59:20.1081387-05:00" testType="13cdc9d9-ddb5-4fa4-a97d-d965ccfc6d4b" outcome="Passed" testListId="8c84fa94-04c1-424b-9868-57a2d4851a1d" relativeResultsDirectory="97473909-cd5e-4178-b518-7ffaf8fd0f0e" />
    <UnitTestResult executionId="8a8ea9aa-e76e-4c39-b5ab-e05873f14884" testId="833277c3-4e4d-59e3-3c81-475df791e238" testName="InvalidDestinationNeverCallsWindows (&quot;C:\dest\u0000hidden&quot;)" computerName="PAYTONPC" duration="00:00:00.0000035" startTime="2026-09-23T12:59:31.7168187-05:00" endTime="2026-09-23T12:59:31.7168519-05:00" testType="13cdc9d9-ddb5-4fa4-a97d-d965ccfc6d4b" outcome="Passed" testListId="8c84fa94-04c1-424b-9868-57a2d4851a1d" relativeResultsDirectory="8a8ea9aa-e76e-4c39-b5ab-e05873f14884" />
    <UnitTestResult executionId="a5bcb34c-0d07-4572-b4e7-431ee4c7c094" testId="74a8c812-0586-c842-4f35-1cf68b315ff1" testName="JsonRoundTripRetainsCaseInsensitiveAssignments" computerName="PAYTONPC" duration="00:00:00.0001939" startTime="2026-09-23T12:59:31.7527280-05:00" endTime="2026-09-23T12:59:31.7529482-05:00" testType="13cdc9d9-ddb5-4fa4-a97d-d965ccfc6d4b" outcome="Passed" testListId="8c84fa94-04c1-424b-9868-57a2d4851a1d" relativeResultsDirectory="a5bcb34c-0d07-4572-b4e7-431ee4c7c094" />
    <UnitTestResult executionId="17c41863-3c54-4e7f-adfd-8c29d233a305" testId="32f9aef4-f79d-d497-d42c-d20123097697" testName="NewNavigationTruncatesForwardHistoryButReloadAndSameFolderDoNot" computerName="PAYTONPC" duration="00:00:00.0013623" startTime="2026-09-23T12:59:20.8528391-05:00" endTime="2026-09-23T12:59:20.8542665-05:00" testType="13cdc9d9-ddb5-4fa4-a97d-d965ccfc6d4b" outcome="Passed" testListId="8c84fa94-04c1-424b-9868-57a2d4851a1d" relativeResultsDirectory="17c41863-3c54-4e7f-adfd-8c29d233a305" />
    <UnitTestResult executionId="437aee52-84d4-498f-bfd1-b32104ea78e1" testId="c879f46a-9007-fec8-809a-f5ccc47068f9" testName="ExpandedCategoryPreservesPinOwnershipAndEmptyCloudIsOmitted" computerName="PAYTONPC" duration="00:00:00.0005254" startTime="2026-09-23T12:59:31.7262019-05:00" endTime="2026-09-23T12:59:31.7267626-05:00" testType="13cdc9d9-ddb5-4fa4-a97d-d965ccfc6d4b" outcome="Passed" testListId="8c84fa94-04c1-424b-9868-57a2d4851a1d" relativeResultsDirectory="437aee52-84d4-498f-bfd1-b32104ea78e1" />
    <UnitTestResult executionId="ecbe65d0-d5eb-46aa-914e-3b89f8f87263" testId="2fbc6c55-a8b7-e5a9-229c-bd70bf45b7f3" testName="PartialCancellationRemovesOnlyConfirmedMissingDescendants" computerName="PAYTONPC" duration="00:00:00.0017328" startTime="2026-09-23T12:59:02.1297746-05:00" endTime="2026-09-23T12:59:02.1316003-05:00" testType="13cdc9d9-ddb5-4fa4-a97d-d965ccfc6d4b" outcome="Passed" testListId="8c84fa94-04c1-424b-9868-57a2d4851a1d" relativeResultsDirectory="ecbe65d0-d5eb-46aa-914e-3b89f8f87263" />
    <UnitTestResult executionId="30baec5c-fcc5-4e13-abf7-28dcc640b1b1" testId="224422d4-79c1-a32e-b7df-1dbcb111d071" testName="QuotedTermsAndExtensionFiltersAreParsedTogether" computerName="PAYTONPC" duration="00:00:00.0002516" startTime="2026-09-23T12:59:31.7622534-05:00" endTime="2026-09-23T12:59:31.7625266-05:00" testType="13cdc9d9-ddb5-4fa4-a97d-d965ccfc6d4b" outcome="Passed" testListId="8c84fa94-04c1-424b-9868-57a2d4851a1d" relativeResultsDirectory="30baec5c-fcc5-4e13-abf7-28dcc640b1b1" />
    <UnitTestResult executionId="e1a95c85-5292-4a97-9224-604ad6e153db" testId="7a9573c3-57f6-4139-d280-34925d510d86" testName="FailedIndexFallsBackEvenWhenItClaimedCoverage" computerName="PAYTONPC" duration="00:00:00.0004637" startTime="2026-09-23T12:59:31.7346268-05:00" endTime="2026-09-23T12:59:31.7351213-05:00" testType="13cdc9d9-ddb5-4fa4-a97d-d965ccfc6d4b" outcome="Passed" testListId="8c84fa94-04c1-424b-9868-57a2d4851a1d" relativeResultsDirectory="e1a95c85-5292-4a97-9224-604ad6e153db" />
    <UnitTestResult executionId="17c2235f-89a4-4fcd-bf17-4a9c764ad652" testId="0eb96573-9f48-4697-4c3d-e2450c34eb57" testName="NativeOutcomePreservesStatusAndDiagnostics (0,False,Succeeded,None)" computerName="PAYTONPC" duration="00:00:00.0017949" startTime="2026-09-23T12:59:31.7078616-05:00" endTime="2026-09-23T12:59:31.7100407-05:00" testType="13cdc9d9-ddb5-4fa4-a97d-d965ccfc6d4b" outcome="Passed" testListId="8c84fa94-04c1-424b-9868-57a2d4851a1d" relativeResultsDirectory="17c2235f-89a4-4fcd-bf17-4a9c764ad652" />
    <UnitTestResult executionId="8cb40295-3123-4977-a250-f3d45d21a05f" testId="4f40ef91-402c-57b3-6878-168cf354ef00" testName="MissingIndexedEntriesAreRemovedAndHiddenResultsFiltered" computerName="PAYTONPC" duration="00:00:00.0004930" startTime="2026-09-23T12:59:31.7400607-05:00" endTime="2026-09-23T12:59:31.7405807-05:00" testType="13cdc9d9-ddb5-4fa4-a97d-d965ccfc6d4b" outcome="Passed" testListId="8c84fa94-04c1-424b-9868-57a2d4851a1d" relativeResultsDirectory="8cb40295-3123-4977-a250-f3d45d21a05f" />
    <UnitTestResult executionId="cd954451-eb6b-42ac-8ed9-b23b5ef5a113" testId="5353b82d-cf5f-40e5-91cc-1be0ce2a69e7" testName="InvalidSourceNeverCallsWindows (&quot;&quot;)" computerName="PAYTONPC" duration="00:00:00.0002922" startTime="2026-09-23T12:59:31.7146550-05:00" endTime="2026-09-23T12:59:31.7150269-05:00" testType="13cdc9d9-ddb5-4fa4-a97d-d965ccfc6d4b" outcome="Passed" testListId="8c84fa94-04c1-424b-9868-57a2d4851a1d" relativeResultsDirectory="cd954451-eb6b-42ac-8ed9-b23b5ef5a113" />
    <UnitTestResult executionId="572f1121-fdd7-4da5-9213-1f720e2b24a1" testId="f861ec37-15f5-9bf9-2ce4-e60e0e9f650d" testName="BothTraversalsUseTheSameReparsePolicy (2684354563,False)" computerName="PAYTONPC" duration="00:00:00.0002143" startTime="2026-09-23T12:59:31.8824852-05:00" endTime="2026-09-23T12:59:31.8827823-05:00" testType="13cdc9d9-ddb5-4fa4-a97d-d965ccfc6d4b" outcome="Passed" testListId="8c84fa94-04c1-424b-9868-57a2d4851a1d" relativeResultsDirectory="572f1121-fdd7-4da5-9213-1f720e2b24a1" />
    <UnitTestResult executionId="b43d1bf6-9c6c-44a0-8344-9da757741821" testId="721d31a5-1958-f5ae-a596-40872f58421c" testName="ClearingCompletedSearchRestoresBrowsingStatus (&quot;clearspace://pinned&quot;,0,&quot;No pinned directories yet&quot;)" computerName="PAYTONPC" duration="00:00:00.0000128" startTime="2026-09-23T12:59:31.7388916-05:00" endTime="2026-09-23T12:59:31.7389359-05:00" testType="13cdc9d9-ddb5-4fa4-a97d-d965ccfc6d4b" outcome="Passed" testListId="8c84fa94-04c1-424b-9868-57a2d4851a1d" relativeResultsDirectory="b43d1bf6-9c6c-44a0-8344-9da757741821" />
    <UnitTestResult executionId="06a4633a-07d9-4c82-990d-e2bb2d34a219" testId="43083274-a6ac-31dd-121f-71e176a3a2f6" testName="DisposeCancelsPendingNavigation" computerName="PAYTONPC" duration="00:00:00.0005094" startTime="2026-09-23T12:59:31.7181447-05:00" endTime="2026-09-23T12:59:31.7186829-05:00" testType="13cdc9d9-ddb5-4fa4-a97d-d965ccfc6d4b" outcome="Passed" testListId="8c84fa94-04c1-424b-9868-57a2d4851a1d" relativeResultsDirectory="06a4633a-07d9-4c82-990d-e2bb2d34a219" />
    <UnitTestResult executionId="3fd94e50-66ef-4a51-8917-0e00d5f6f2cd" testId="b27f9a5f-b4d8-376e-aee1-6156ec9a5793" testName="NativeRequestRetainsPathsFlagsAndOwner (Copy,2)" computerName="PAYTONPC" duration="00:00:00.0013027" startTime="2026-09-23T12:59:31.7125980-05:00" endTime="2026-09-23T12:59:31.7140916-05:00" testType="13cdc9d9-ddb5-4fa4-a97d-d965ccfc6d4b" outcome="Passed" testListId="8c84fa94-04c1-424b-9868-57a2d4851a1d" relativeResultsDirectory="3fd94e50-66ef-4a51-8917-0e00d5f6f2cd" />
    <UnitTestResult executionId="fbdaee7d-2e52-484e-91ac-6aee8bfd4105" testId="0d893e71-31c7-e55c-9f4b-074eeecd11fc" testName="CompactionPreservesSearchAndSupportsFurtherEntries" computerName="PAYTONPC" duration="00:00:00.0001925" startTime="2026-09-23T12:59:31.7068358-05:00" endTime="2026-09-23T12:59:31.7070796-05:00" testType="13cdc9d9-ddb5-4fa4-a97d-d965ccfc6d4b" outcome="Passed" testListId="8c84fa94-04c1-424b-9868-57a2d4851a1d" relativeResultsDirectory="fbdaee7d-2e52-484e-91ac-6aee8bfd4105" />
    <UnitTestResult executionId="a6e9b5d2-02f0-473e-9329-f5c1eb8dd2cd" testId="eda94749-2037-8116-acab-644e4ce9babd" testName="RejectingConfirmationNeverCallsDeleteOrChecksFiles" computerName="PAYTONPC" duration="00:00:00.0125014" startTime="2026-09-23T12:59:02.0934106-05:00" endTime="2026-09-23T12:59:02.1059849-05:00" testType="13cdc9d9-ddb5-4fa4-a97d-d965ccfc6d4b" outcome="Passed" testListId="8c84fa94-04c1-424b-9868-57a2d4851a1d" relativeResultsDirectory="a6e9b5d2-02f0-473e-9329-f5c1eb8dd2cd" />
    <UnitTestResult executionId="aa8f34f2-0cc5-4fba-a9e0-50f906993896" testId="3b7823f9-ab87-c4f0-5400-68392995d4e8" testName="InvalidDestinationNeverCallsWindows (null)" computerName="PAYTONPC" duration="00:00:00.0001456" startTime="2026-09-23T12:59:31.7162656-05:00" endTime="2026-09-23T12:59:31.7164912-05:00" testType="13cdc9d9-ddb5-4fa4-a97d-d965ccfc6d4b" outcome="Passed" testListId="8c84fa94-04c1-424b-9868-57a2d4851a1d" relativeResultsDirectory="aa8f34f2-0cc5-4fba-a9e0-50f906993896" />
    <UnitTestResult executionId="3ca1802a-3a99-41b0-bd26-eec1442ae0a9" testId="7c80a546-81e4-b7ad-e29b-222373458ad2" testName="AggregationAndChildEnumerationHonorCancellation" computerName="PAYTONPC" duration="00:00:00.0001968" startTime="2026-09-23T12:59:20.1081636-05:00" endTime="2026-09-23T12:59:20.1084031-05:00" testType="13cdc9d9-ddb5-4fa4-a97d-d965ccfc6d4b" outcome="Passed" testListId="8c84fa94-04c1-424b-9868-57a2d4851a1d" relativeResultsDirectory="3ca1802a-3a99-41b0-bd26-eec1442ae0a9" />
    <UnitTestResult executionId="d17c3552-9ed7-4ef2-a8dd-5e7bff7f9e00" testId="58bddaa2-2a2d-fe66-e1b6-a3c211a01e3e" testName="NativeRequestRetainsPathsFlagsAndOwner (Move,1)" computerName="PAYTONPC" duration="00:00:00.0002811" startTime="2026-09-23T12:59:31.7141354-05:00" endTime="2026-09-23T12:59:31.7144987-05:00" testType="13cdc9d9-ddb5-4fa4-a97d-d965ccfc6d4b" outcome="Passed" testListId="8c84fa94-04c1-424b-9868-57a2d4851a1d" relativeResultsDirectory="d17c3552-9ed7-4ef2-a8dd-5e7bff7f9e00" />
    <UnitTestResult executionId="56b71e41-cbc5-4fea-9f86-1e09899ae697" testId="2b1f6eeb-e081-d18a-d57a-d11f6075c4df" testName="NativeOutcomePreservesStatusAndDiagnostics (120,False,Failed,AccessDenied)" computerName="PAYTONPC" duration="00:00:00.0000062" startTime="2026-09-23T12:59:31.7118206-05:00" endTime="2026-09-23T12:59:31.7118652-05:00" testType="13cdc9d9-ddb5-4fa4-a97d-d965ccfc6d4b" outcome="Passed" testListId="8c84fa94-04c1-424b-9868-57a2d4851a1d" relativeResultsDirectory="56b71e41-cbc5-4fea-9f86-1e09899ae697" />
    <UnitTestResult executionId="2326dea9-a2f0-49e5-99de-8bd7ecd57ab6" testId="6a8f53dc-2e84-9ae7-2c05-fb5caaaef58e" testName="ReloadReplacesSnapshotAndDriveSelectionUsesItsOwnHierarchy" computerName="PAYTONPC" duration="00:00:00.0012263" startTime="2026-09-23T12:59:20.1201623-05:00" endTime="2026-09-23T12:59:20.1214262-05:00" testType="13cdc9d9-ddb5-4fa4-a97d-d965ccfc6d4b" outcome="Passed" testListId="8c84fa94-04c1-424b-9868-57a2d4851a1d" relativeResultsDirectory="2326dea9-a2f0-49e5-99de-8bd7ecd57ab6" />
    <UnitTestResult executionId="f579f304-d1b6-4adf-ba94-41ec2633fafc" testId="6466f0a5-a55b-47dd-17cd-cc425184a54d" testName="ClosingMapCancelsBackgroundWorkAndPreventsRestart" computerName="PAYTONPC" duration="00:00:00.1075130" startTime="2026-09-23T12:59:19.4853972-05:00" endTime="2026-09-23T12:59:19.5930459-05:00" testType="13cdc9d9-ddb5-4fa4-a97d-d965ccfc6d4b" outcome="Passed" testListId="8c84fa94-04c1-424b-9868-57a2d4851a1d" relativeResultsDirectory="f579f304-d1b6-4adf-ba94-41ec2633fafc" />
    <UnitTestResult executionId="e76dea7e-c4e6-4214-bf03-09cc735e534e" testId="2ffe2e85-5967-bc10-2f21-33dc91fe2661" testName="InvalidSourceNeverCallsWindows (&quot;relative.txt&quot;)" computerName="PAYTONPC" duration="00:00:00.0000052" startTime="2026-09-23T12:59:31.7152134-05:00" endTime="2026-09-23T12:59:31.7152673-05:00" testType="13cdc9d9-ddb5-4fa4-a97d-d965ccfc6d4b" outcome="Passed" testListId="8c84fa94-04c1-424b-9868-57a2d4851a1d" relativeResultsDirectory="e76dea7e-c4e6-4214-bf03-09cc735e534e" />
    <UnitTestResult executionId="b7380f5b-3525-4a10-b356-5d2ba60a59ac" testId="0fce0c27-fa27-0faf-6d17-f6b69be966c5" testName="CanceledOrDisposedLoadCannotPublishResults" computerName="PAYTONPC" duration="00:00:00.0009492" startTime="2026-09-23T12:59:20.1191529-05:00" endTime="2026-09-23T12:59:20.1201441-05:00" testType="13cdc9d9-ddb5-4fa4-a97d-d965ccfc6d4b" outcome="Passed" testListId="8c84fa94-04c1-424b-9868-57a2d4851a1d" relativeResultsDirectory="b7380f5b-3525-4a10-b356-5d2ba60a59ac" />
    <UnitTestResult executionId="0ed719eb-2ec2-4959-9935-a3fdcab1fba5" testId="cb089770-03c4-52dd-07f0-36d4e7f4820a" testName="CoveredIndexStillCrawlsForFilterOnlyQueries (&quot;is:folder&quot;,Directory)" computerName="PAYTONPC" duration="00:00:00.0001564" startTime="2026-09-23T12:59:31.7340406-05:00" endTime="2026-09-23T12:59:31.7342503-05:00" testType="13cdc9d9-ddb5-4fa4-a97d-d965ccfc6d4b" outcome="Passed" testListId="8c84fa94-04c1-424b-9868-57a2d4851a1d" relativeResultsDirectory="0ed719eb-2ec2-4959-9935-a3fdcab1fba5" />
    <UnitTestResult executionId="f9b0319e-8cd2-4c2e-af01-5fbd0511926c" testId="25ecb33d-cc3f-e6e5-b62c-786b3e337925" testName="TagAssignmentIsCaseInsensitiveAndDoesNotDuplicate" computerName="PAYTONPC" duration="00:00:00.0033666" startTime="2026-09-23T12:59:31.7466472-05:00" endTime="2026-09-23T12:59:31.7501023-05:00" testType="13cdc9d9-ddb5-4fa4-a97d-d965ccfc6d4b" outcome="Passed" testListId="8c84fa94-04c1-424b-9868-57a2d4851a1d" relativeResultsDirectory="f9b0319e-8cd2-4c2e-af01-5fbd0511926c" />
    <UnitTestResult executionId="889e82dc-8e58-4af1-9503-f742bd3b6de4" testId="47c7a1fa-9de4-31e5-3e9f-ec15f4486915" testName="CoveredIndexStillCrawlsForFilterOnlyQueries (&quot;ext:txt&quot;,Normal)" computerName="PAYTONPC" duration="00:00:00.0004813" startTime="2026-09-23T12:59:31.7334462-05:00" endTime="2026-09-23T12:59:31.7340266-05:00" testType="13cdc9d9-ddb5-4fa4-a97d-d965ccfc6d4b" outcome="Passed" testListId="8c84fa94-04c1-424b-9868-57a2d4851a1d" relativeResultsDirectory="889e82dc-8e58-4af1-9503-f742bd3b6de4" />
    <UnitTestResult executionId="6cec1ef7-4b66-433b-ba5c-d9bf27387271" testId="90870f83-542d-9ac6-d05c-3b77335e3a1e" testName="ClearingCompletedSearchRestoresBrowsingStatus (&quot;clearspace://my-pc&quot;,1,&quot;1 drive&quot;)" computerName="PAYTONPC" duration="00:00:00.0000190" startTime="2026-09-23T12:59:31.7387007-05:00" endTime="2026-09-23T12:59:31.7387655-05:00" testType="13cdc9d9-ddb5-4fa4-a97d-d965ccfc6d4b" outcome="Passed" testListId="8c84fa94-04c1-424b-9868-57a2d4851a1d" relativeResultsDirectory="6cec1ef7-4b66-433b-ba5c-d9bf27387271" />
    <UnitTestResult executionId="baf226b8-f18e-4ba9-9bd3-a77d0cf29611" testId="6499b362-3804-188a-349c-a2eb013c894c" testName="MapListingWaitsWhenZoomResumesDuringPreparation" computerName="PAYTONPC" duration="00:00:00.7205394" startTime="2026-09-23T12:59:20.1303389-05:00" endTime="2026-09-23T12:59:20.8509552-05:00" testType="13cdc9d9-ddb5-4fa4-a97d-d965ccfc6d4b" outcome="Passed" testListId="8c84fa94-04c1-424b-9868-57a2d4851a1d" relativeResultsDirectory="baf226b8-f18e-4ba9-9bd3-a77d0cf29611" />
    <UnitTestResult executionId="3622c416-3960-4959-973d-d2c2e4594824" testId="df369080-ab75-6c56-2cb6-1f91155cdf9d" testName="FlatLayoutPreservesEveryFileAndProportionalNonOverlappingAreas (30000,3.89)" computerName="PAYTONPC" duration="00:00:00.0477587" startTime="2026-09-23T12:59:01.9522203-05:00" endTime="2026-09-23T12:59:02.0002108-05:00" testType="13cdc9d9-ddb5-4fa4-a97d-d965ccfc6d4b" outcome="Passed" testListId="8c84fa94-04c1-424b-9868-57a2d4851a1d" relativeResultsDirectory="3622c416-3960-4959-973d-d2c2e4594824">
      <Output>
        <StdOut>TestContext Messages:&#xD;
Flat layout: 30,000 files, 30,203 tiles, 24.80 ms, 850,392 retained array bytes.</StdOut>
      </Output>
    </UnitTestResult>
    <UnitTestResult executionId="45eca3d3-4aac-45d4-9dbe-365dd37144dd" testId="1e6155a4-2e80-2207-7704-16f28faf2983" testName="SearchHonorsKindTermsLimitAndCancellation" computerName="PAYTONPC" duration="00:00:00.0003954" startTime="2026-09-23T12:59:31.7063821-05:00" endTime="2026-09-23T12:59:31.7068171-05:00" testType="13cdc9d9-ddb5-4fa4-a97d-d965ccfc6d4b" outcome="Passed" testListId="8c84fa94-04c1-424b-9868-57a2d4851a1d" relativeResultsDirectory="45eca3d3-4aac-45d4-9dbe-365dd37144dd" />
    <UnitTestResult executionId="1a976ef0-c039-4a62-8bdd-0ddca03e2896" testId="45a0576d-29c1-2a88-c7d2-7bfb45b7837d" testName="NoIndexAndInvalidIndexProduceActionableEmptyStates" computerName="PAYTONPC" duration="00:00:00.0009747" startTime="2026-09-23T12:59:20.1181182-05:00" endTime="2026-09-23T12:59:20.1191332-05:00" testType="13cdc9d9-ddb5-4fa4-a97d-d965ccfc6d4b" outcome="Passed" testListId="8c84fa94-04c1-424b-9868-57a2d4851a1d" relativeResultsDirectory="1a976ef0-c039-4a62-8bdd-0ddca03e2896" />
    <UnitTestResult executionId="c6a8cec7-df2d-4c5d-a7be-dba894f44a37" testId="3fe6993a-f79d-85b9-3e11-22e838f8be61" testName="HistoryTruncatesForwardBranchAfterNewNavigation" computerName="PAYTONPC" duration="00:00:00.0002096" startTime="2026-09-23T12:59:31.7244263-05:00" endTime="2026-09-23T12:59:31.7246700-05:00" testType="13cdc9d9-ddb5-4fa4-a97d-d965ccfc6d4b" outcome="Passed" testListId="8c84fa94-04c1-424b-9868-57a2d4851a1d" relativeResultsDirectory="c6a8cec7-df2d-4c5d-a7be-dba894f44a37" />
    <UnitTestResult executionId="652ddc8c-f778-4054-8619-14d112c22488" testId="36fab588-000a-8f08-8dd1-7190f58307b1" testName="InvalidSourceNeverCallsWindows (&quot;C:\source\fi?e.txt&quot;)" computerName="PAYTONPC" duration="00:00:00.0000040" startTime="2026-09-23T12:59:31.7154224-05:00" endTime="2026-09-23T12:59:31.7154646-05:00" testType="13cdc9d9-ddb5-4fa4-a97d-d965ccfc6d4b" outcome="Passed" testListId="8c84fa94-04c1-424b-9868-57a2d4851a1d" relativeResultsDirectory="652ddc8c-f778-4054-8619-14d112c22488" />
    <UnitTestResult executionId="e78b61ee-a75d-44d4-9b3e-49a00779c744" testId="fc588aa4-aaff-665c-1410-789b7951c1ca" testName="EmptyQueryPreservesNavigationStatusWhenStatusUpdateIsNotRequested" computerName="PAYTONPC" duration="00:00:00.0003262" startTime="2026-09-23T12:59:31.7391128-05:00" endTime="2026-09-23T12:59:31.7394613-05:00" testType="13cdc9d9-ddb5-4fa4-a97d-d965ccfc6d4b" outcome="Passed" testListId="8c84fa94-04c1-424b-9868-57a2d4851a1d" relativeResultsDirectory="e78b61ee-a75d-44d4-9b3e-49a00779c744" />
    <UnitTestResult executionId="7b07bb49-ef3f-4674-aa4a-68f0f1b972be" testId="d1237cde-5699-af5a-6c3c-c0a60c99595c" testName="BackAndForwardFollowVisitedFoldersRatherThanParentFolders" computerName="PAYTONPC" duration="00:00:00.0012707" startTime="2026-09-23T12:59:20.1286911-05:00" endTime="2026-09-23T12:59:20.1300317-05:00" testType="13cdc9d9-ddb5-4fa4-a97d-d965ccfc6d4b" outcome="Passed" testListId="8c84fa94-04c1-424b-9868-57a2d4851a1d" relativeResultsDirectory="7b07bb49-ef3f-4674-aa4a-68f0f1b972be" />
    <UnitTestResult executionId="a8366931-ec3c-4228-ba1a-fea677136e63" testId="1ccd4431-529f-9a20-ef79-c5dc7636338f" testName="DenseCameraFramesHaveBoundedWorkAndReportTimings (4748,1220)" computerName="PAYTONPC" duration="00:00:01.3542844" startTime="2026-09-23T12:59:03.7020907-05:00" endTime="2026-09-23T12:59:05.0565803-05:00" testType="13cdc9d9-ddb5-4fa4-a97d-d965ccfc6d4b" outcome="Passed" testListId="8c84fa94-04c1-424b-9868-57a2d4851a1d" relativeResultsDirectory="a8366931-ec3c-4228-ba1a-fea677136e63">
      <Output>
        <StdOut>TestContext Messages:&#xD;
CPU fallback, 4748x1220, 25,600 files, 180 camera frames: median 0.60 ms, p95 8.95 ms, max 11.84 ms; walk median 0.00 ms, p95 1.36 ms; UI allocation 194,315 bytes/frame; peak 7,873 tiles; 11 builds, 211 reused frames, 0 GPU uploads.</StdOut>
      </Output>
    </UnitTestResult>
    <UnitTestResult executionId="6a25f667-601f-4c60-8bbd-4433c2d11032" testId="28b8c877-544b-bd2a-39f9-64d7e3682d09" testName="InvalidSourceNeverCallsWindows (&quot; &quot;)" computerName="PAYTONPC" duration="00:00:00.0001021" startTime="2026-09-23T12:59:31.7150441-05:00" endTime="2026-09-23T12:59:31.7151972-05:00" testType="13cdc9d9-ddb5-4fa4-a97d-d965ccfc6d4b" outcome="Passed" testListId="8c84fa94-04c1-424b-9868-57a2d4851a1d" relativeResultsDirectory="6a25f667-601f-4c60-8bbd-4433c2d11032" />
    <UnitTestResult executionId="a0ad50f4-096a-48b1-bc2b-c9f5bf1babef" testId="71bd9ca9-34d1-aa22-e7d3-d8b8644d296e" testName="ClearingCompletedSearchRestoresBrowsingStatus (&quot;clearspace://cloud&quot;,0,&quot;No locations available&quot;)" computerName="PAYTONPC" duration="00:00:00.0000150" startTime="2026-09-23T12:59:31.7389446-05:00" endTime="2026-09-23T12:59:31.7389907-05:00" testType="13cdc9d9-ddb5-4fa4-a97d-d965ccfc6d4b" outcome="Passed" testListId="8c84fa94-04c1-424b-9868-57a2d4851a1d" relativeResultsDirectory="a0ad50f4-096a-48b1-bc2b-c9f5bf1babef" />
    <UnitTestResult executionId="3c3f466d-baa6-4eef-8490-9f2fb49af65f" testId="f2ed8acc-d717-3405-1f78-2a3766f49241" testName="NewNavigationCancelsOldLoadAndOldDisposalCannotClearNewLoad" computerName="PAYTONPC" duration="00:00:00.0002188" startTime="2026-09-23T12:59:31.7178176-05:00" endTime="2026-09-23T12:59:31.7181305-05:00" testType="13cdc9d9-ddb5-4fa4-a97d-d965ccfc6d4b" outcome="Passed" testListId="8c84fa94-04c1-424b-9868-57a2d4851a1d" relativeResultsDirectory="3c3f466d-baa6-4eef-8490-9f2fb49af65f" />
    <UnitTestResult executionId="0bf395b2-4bb2-4037-b721-1478221cbc5c" testId="fdb47a69-1258-e014-1000-88c277a380c4" testName="SupersededRequestCannotPublishAfterNewSearch" computerName="PAYTONPC" duration="00:00:00.0014110" startTime="2026-09-23T12:59:31.7351341-05:00" endTime="2026-09-23T12:59:31.7365729-05:00" testType="13cdc9d9-ddb5-4fa4-a97d-d965ccfc6d4b" outcome="Passed" testListId="8c84fa94-04c1-424b-9868-57a2d4851a1d" relativeResultsDirectory="0bf395b2-4bb2-4037-b721-1478221cbc5c" />
    <UnitTestResult executionId="6798791f-59ed-4ee8-b5bd-a33cc0041880" testId="f61700b6-fb4c-d8e4-db35-5e07a33415df" testName="CombinedResultsRespectLimit" computerName="PAYTONPC" duration="00:00:00.0033540" startTime="2026-09-23T12:59:31.7405931-05:00" endTime="2026-09-23T12:59:31.7439826-05:00" testType="13cdc9d9-ddb5-4fa4-a97d-d965ccfc6d4b" outcome="Passed" testListId="8c84fa94-04c1-424b-9868-57a2d4851a1d" relativeResultsDirectory="6798791f-59ed-4ee8-b5bd-a33cc0041880" />
    <UnitTestResult executionId="959d4ad6-c2eb-4a38-b31d-62483f9fcba6" testId="6723921e-4e93-8a41-139e-21042cffe488" testName="NativeRequestRetainsPathsFlagsAndOwner (Delete,3)" computerName="PAYTONPC" duration="00:00:00.0000058" startTime="2026-09-23T12:59:31.7145939-05:00" endTime="2026-09-23T12:59:31.7146429-05:00" testType="13cdc9d9-ddb5-4fa4-a97d-d965ccfc6d4b" outcome="Passed" testListId="8c84fa94-04c1-424b-9868-57a2d4851a1d" relativeResultsDirectory="959d4ad6-c2eb-4a38-b31d-62483f9fcba6" />
    <UnitTestResult executionId="e6b42a01-6752-42f9-998a-3bf76ab8b778" testId="b6b9ddc6-f2a0-a051-4782-3ac4c48ad4dd" testName="DisposeCancelsDebounceWithoutCallingSources" computerName="PAYTONPC" duration="00:00:00.0009554" startTime="2026-09-23T12:59:31.7440156-05:00" endTime="2026-09-23T12:59:31.7450322-05:00" testType="13cdc9d9-ddb5-4fa4-a97d-d965ccfc6d4b" outcome="Passed" testListId="8c84fa94-04c1-424b-9868-57a2d4851a1d" relativeResultsDirectory="e6b42a01-6752-42f9-998a-3bf76ab8b778" />
    <UnitTestResult executionId="8b082e2c-a389-4df9-a938-959f45ad9f81" testId="a7b32719-9eff-d796-4031-8d466db52224" testName="EmptyQueryHasNoFilters (&quot;&quot;)" computerName="PAYTONPC" duration="00:00:00.0001273" startTime="2026-09-23T12:59:31.7616992-05:00" endTime="2026-09-23T12:59:31.7618905-05:00" testType="13cdc9d9-ddb5-4fa4-a97d-d965ccfc6d4b" outcome="Passed" testListId="8c84fa94-04c1-424b-9868-57a2d4851a1d" relativeResultsDirectory="8b082e2c-a389-4df9-a938-959f45ad9f81" />
    <UnitTestResult executionId="8219159d-17e6-409f-80e9-98c81cc47846" testId="bf28598f-5276-ac84-f385-92edcb8bdedc" testName="DenseCameraFramesHaveBoundedWorkAndReportTimings (4748,1220,True)" computerName="PAYTONPC" duration="00:00:03.8001076" startTime="2026-09-23T12:59:05.0567053-05:00" endTime="2026-09-23T12:59:08.8572692-05:00" testType="13cdc9d9-ddb5-4fa4-a97d-d965ccfc6d4b" outcome="Passed" testListId="8c84fa94-04c1-424b-9868-57a2d4851a1d" relativeResultsDirectory="8219159d-17e6-409f-80e9-98c81cc47846">
      <Output>
        <StdOut>TestContext Messages:&#xD;
GPU, 4748x1220, 25,600 files, 180 camera frames: median 0.10 ms, p95 3.78 ms, max 12.99 ms; walk median 0.00 ms, p95 0.00 ms; UI allocation 140,999 bytes/frame; peak 7,873 tiles; 12 builds, 691 reused frames, 12 GPU uploads.</StdOut>
      </Output>
    </UnitTestResult>
    <UnitTestResult executionId="650e2725-8fb9-4284-8663-70d485a0ba3b" testId="235da73d-6c76-2491-d445-2c8b8cb4c41d" testName="HistoryCrossesDrivesAndFailedOrCanceledLoadsPreserveCurrentView" computerName="PAYTONPC" duration="00:00:00.0012935" startTime="2026-09-23T12:59:20.8542831-05:00" endTime="2026-09-23T12:59:20.8556082-05:00" testType="13cdc9d9-ddb5-4fa4-a97d-d965ccfc6d4b" outcome="Passed" testListId="8c84fa94-04c1-424b-9868-57a2d4851a1d" relativeResultsDirectory="650e2725-8fb9-4284-8663-70d485a0ba3b" />
    <UnitTestResult executionId="47fef1ef-e759-4e90-9932-75532de84302" testId="5c347006-ef18-c9ee-72ec-b90a0c627b18" testName="SuccessfulFolderDeleteUpdatesTotalsHistoryAndDoesNotReappearOnRefresh" computerName="PAYTONPC" duration="00:00:00.0057879" startTime="2026-09-23T12:59:02.1060457-05:00" endTime="2026-09-23T12:59:02.1119174-05:00" testType="13cdc9d9-ddb5-4fa4-a97d-d965ccfc6d4b" outcome="Passed" testListId="8c84fa94-04c1-424b-9868-57a2d4851a1d" relativeResultsDirectory="47fef1ef-e759-4e90-9932-75532de84302" />
    <UnitTestResult executionId="c7f6fe83-c933-4553-a9a7-47ab0ec7a30d" testId="edc62e51-aa4b-8860-1ba4-c1f90ec6b70b" testName="ConfirmedPermanentDeleteBypassesRecycleBinAndPassesOnlyExactPaths" computerName="PAYTONPC" duration="00:00:00.0022327" startTime="2026-09-23T12:59:02.0882292-05:00" endTime="2026-09-23T12:59:02.0905979-05:00" testType="13cdc9d9-ddb5-4fa4-a97d-d965ccfc6d4b" outcome="Passed" testListId="8c84fa94-04c1-424b-9868-57a2d4851a1d" relativeResultsDirectory="c7f6fe83-c933-4553-a9a7-47ab0ec7a30d" />
    <UnitTestResult executionId="fc997bb9-de16-44bb-bcf3-22def1f51a65" testId="5ea527b7-ad14-11df-0ff7-720155ea4597" testName="SidebarKeepsSectionOrderAndSeparatesNetworkDrives" computerName="PAYTONPC" duration="00:00:00.0003684" startTime="2026-09-23T12:59:31.7255448-05:00" endTime="2026-09-23T12:59:31.7259769-05:00" testType="13cdc9d9-ddb5-4fa4-a97d-d965ccfc6d4b" outcome="Passed" testListId="8c84fa94-04c1-424b-9868-57a2d4851a1d" relativeResultsDirectory="fc997bb9-de16-44bb-bcf3-22def1f51a65" />
    <UnitTestResult executionId="34e5fb19-8a89-4547-ac75-5dc3e5f76914" testId="6327ea4e-6402-f315-4762-474b2de2680e" testName="CoverageLostDuringIndexLookupIsRechecked" computerName="PAYTONPC" duration="00:00:00.0004540" startTime="2026-09-23T12:59:31.7461455-05:00" endTime="2026-09-23T12:59:31.7466344-05:00" testType="13cdc9d9-ddb5-4fa4-a97d-d965ccfc6d4b" outcome="Passed" testListId="8c84fa94-04c1-424b-9868-57a2d4851a1d" relativeResultsDirectory="34e5fb19-8a89-4547-ac75-5dc3e5f76914" />
    <UnitTestResult executionId="05e2ec00-55c1-414e-9587-1a810d455217" testId="7ba259fc-0c3b-f869-f5ba-2ea3756e8371" testName="DeletionLocksNavigationAndRepeatedDeleteRequests" computerName="PAYTONPC" duration="00:00:00.0010863" startTime="2026-09-23T12:59:02.1329163-05:00" endTime="2026-09-23T12:59:02.1340642-05:00" testType="13cdc9d9-ddb5-4fa4-a97d-d965ccfc6d4b" outcome="Passed" testListId="8c84fa94-04c1-424b-9868-57a2d4851a1d" relativeResultsDirectory="05e2ec00-55c1-414e-9587-1a810d455217" />
    <UnitTestResult executionId="8a4eeba5-73ca-47d8-be1c-99883fff4cfc" testId="5404ca71-0b9b-9663-d1e4-08818cb531ac" testName="ReturningToCurrentFolderCancelsDeferredMapListing" computerName="PAYTONPC" duration="00:00:00.0015429" startTime="2026-09-23T12:59:20.8510864-05:00" endTime="2026-09-23T12:59:20.8527830-05:00" testType="13cdc9d9-ddb5-4fa4-a97d-d965ccfc6d4b" outcome="Passed" testListId="8c84fa94-04c1-424b-9868-57a2d4851a1d" relativeResultsDirectory="8a4eeba5-73ca-47d8-be1c-99883fff4cfc" />
    <UnitTestResult executionId="fb621ccb-bd50-41af-bb27-75d07e03797c" testId="c8593dca-86aa-2929-5913-3520a3d70ee5" testName="NativeRequestRetainsPathsFlagsAndOwner (Rename,4)" computerName="PAYTONPC" duration="00:00:00.0000091" startTime="2026-09-23T12:59:31.7145170-05:00" endTime="2026-09-23T12:59:31.7145810-05:00" testType="13cdc9d9-ddb5-4fa4-a97d-d965ccfc6d4b" outcome="Passed" testListId="8c84fa94-04c1-424b-9868-57a2d4851a1d" relativeResultsDirectory="fb621ccb-bd50-41af-bb27-75d07e03797c" />
    <UnitTestResult executionId="cdc82f34-5d63-47bf-a1c0-57bcfcae35c4" testId="738183e7-4f21-a2e2-95ea-ed0ec622cf02" testName="NativeOutcomePreservesStatusAndDiagnostics (3,False,Failed,NotFound)" computerName="PAYTONPC" duration="00:00:00.0000119" startTime="2026-09-23T12:59:31.7119413-05:00" endTime="2026-09-23T12:59:31.7119929-05:00" testType="13cdc9d9-ddb5-4fa4-a97d-d965ccfc6d4b" outcome="Passed" testListId="8c84fa94-04c1-424b-9868-57a2d4851a1d" relativeResultsDirectory="cdc82f34-5d63-47bf-a1c0-57bcfcae35c4" />
    <UnitTestResult executionId="e4684f27-976d-4d91-9a20-77adda0f640b" testId="b41980ea-ae4c-e1b1-f63b-c9912249bc6c" testName="SnapshotCacheReusesUnchangedSourceButRejectsReplacementAndChangedExclusions" computerName="PAYTONPC" duration="00:00:00.0668195" startTime="2026-09-23T12:59:02.0211235-05:00" endTime="2026-09-23T12:59:02.0881631-05:00" testType="13cdc9d9-ddb5-4fa4-a97d-d965ccfc6d4b" outcome="Passed" testListId="8c84fa94-04c1-424b-9868-57a2d4851a1d" relativeResultsDirectory="e4684f27-976d-4d91-9a20-77adda0f640b" />
    <UnitTestResult executionId="5b237587-8a64-4f7d-b9de-a2f56894f6c0" testId="df3bd1f3-052e-0c08-bd1e-be6348e4431e" testName="LoadedMapKeepsZoomingThroughTheInputFriendlyFrameQueue" computerName="PAYTONPC" duration="00:00:00.6483721" startTime="2026-09-23T12:59:08.9480039-05:00" endTime="2026-09-23T12:59:09.5965285-05:00" testType="13cdc9d9-ddb5-4fa4-a97d-d965ccfc6d4b" outcome="Passed" testListId="8c84fa94-04c1-424b-9868-57a2d4851a1d" relativeResultsDirectory="5b237587-8a64-4f7d-b9de-a2f56894f6c0" />
    <UnitTestResult executionId="684a02ef-ed89-4c1f-b572-a0c258fcd5fd" testId="47523091-6aac-5008-6810-7b1056803fe5" testName="StableLayoutKeepsOrderWhenSizesCrossAndHandlesInsertionsAndRemovals" computerName="PAYTONPC" duration="00:00:00.0164334" startTime="2026-09-23T12:59:02.0045664-05:00" endTime="2026-09-23T12:59:02.0210712-05:00" testType="13cdc9d9-ddb5-4fa4-a97d-d965ccfc6d4b" outcome="Passed" testListId="8c84fa94-04c1-424b-9868-57a2d4851a1d" relativeResultsDirectory="684a02ef-ed89-4c1f-b572-a0c258fcd5fd" />
    <UnitTestResult executionId="d6aee88e-5629-4022-9b6f-1761a4034957" testId="57c9bdc5-2c15-0c31-6171-1cb41f107c36" testName="UnsupportedFiltersRemainLiteralInsteadOfMatchingEverything (&quot;unknown:value&quot;)" computerName="PAYTONPC" duration="00:00:00.0000065" startTime="2026-09-23T12:59:31.7632241-05:00" endTime="2026-09-23T12:59:31.7632671-05:00" testType="13cdc9d9-ddb5-4fa4-a97d-d965ccfc6d4b" outcome="Passed" testListId="8c84fa94-04c1-424b-9868-57a2d4851a1d" relativeResultsDirectory="d6aee88e-5629-4022-9b6f-1761a4034957" />
    <UnitTestResult executionId="64e4850b-2673-45c6-9eae-a168076c600b" testId="6b45fa7e-ee42-e5ae-0c8b-72ce1987d510" testName="InvalidDestinationNeverCallsWindows (&quot;&quot;)" computerName="PAYTONPC" duration="00:00:00.0001287" startTime="2026-09-23T12:59:31.7165411-05:00" endTime="2026-09-23T12:59:31.7167579-05:00" testType="13cdc9d9-ddb5-4fa4-a97d-d965ccfc6d4b" outcome="Passed" testListId="8c84fa94-04c1-424b-9868-57a2d4851a1d" relativeResultsDirectory="64e4850b-2673-45c6-9eae-a168076c600b" />
    <UnitTestResult executionId="b3a0850e-1fe2-420f-97f4-8303fbee021c" testId="06143ca0-1630-b3d8-3f26-e93e17017e09" testName="UnsupportedFiltersRemainLiteralInsteadOfMatchingEverything (&quot;type:999&quot;)" computerName="PAYTONPC" duration="00:00:00.0004114" startTime="2026-09-23T12:59:31.7627621-05:00" endTime="2026-09-23T12:59:31.7632115-05:00" testType="13cdc9d9-ddb5-4fa4-a97d-d965ccfc6d4b" outcome="Passed" testListId="8c84fa94-04c1-424b-9868-57a2d4851a1d" relativeResultsDirectory="b3a0850e-1fe2-420f-97f4-8303fbee021c" />
    <UnitTestResult executionId="3b5ddc36-995d-427a-857e-0bb4129d4200" testId="fe288705-7c68-0cd4-dced-3a0656d6b333" testName="ClearingCompletedSearchRestoresBrowsingStatus (&quot;clearspace://category/documents&quot;,2,&quot;2 locations&quot;)" computerName="PAYTONPC" duration="00:00:00.0000161" startTime="2026-09-23T12:59:31.7390535-05:00" endTime="2026-09-23T12:59:31.7391045-05:00" testType="13cdc9d9-ddb5-4fa4-a97d-d965ccfc6d4b" outcome="Passed" testListId="8c84fa94-04c1-424b-9868-57a2d4851a1d" relativeResultsDirectory="3b5ddc36-995d-427a-857e-0bb4129d4200" />
    <UnitTestResult executionId="c510c914-37f4-4511-9ec9-4f98cb406c64" testId="cda325ea-36d5-2ac5-ebd4-3fe19bdd9501" testName="ResidentGpuGeometryMovesActualPixelsWithoutReuploading" computerName="PAYTONPC" duration="00:00:00.1488402" startTime="2026-09-23T12:59:09.7008490-05:00" endTime="2026-09-23T12:59:09.8498452-05:00" testType="13cdc9d9-ddb5-4fa4-a97d-d965ccfc6d4b" outcome="Passed" testListId="8c84fa94-04c1-424b-9868-57a2d4851a1d" relativeResultsDirectory="c510c914-37f4-4511-9ec9-4f98cb406c64" />
    <UnitTestResult executionId="6b383b9c-1866-4142-afdc-1d6b6049412a" testId="03db2dcb-05b2-806c-8e4b-9c272507f8e8" testName="ToggleMixedSelectionAddsToAllThenRemovesFromAll" computerName="PAYTONPC" duration="00:00:00.0006567" startTime="2026-09-23T12:59:31.7511550-05:00" endTime="2026-09-23T12:59:31.7518411-05:00" testType="13cdc9d9-ddb5-4fa4-a97d-d965ccfc6d4b" outcome="Passed" testListId="8c84fa94-04c1-424b-9868-57a2d4851a1d" relativeResultsDirectory="6b383b9c-1866-4142-afdc-1d6b6049412a" />
    <UnitTestResult executionId="59de80d2-0949-4996-bac8-c3ddfa14b3c7" testId="193c34c4-6765-8b93-005f-0c3a63f07088" testName="PermissionFailureRemainsDistinctForUserFeedback" computerName="PAYTONPC" duration="00:00:00.0028685" startTime="2026-09-23T12:59:31.7202585-05:00" endTime="2026-09-23T12:59:31.7231716-05:00" testType="13cdc9d9-ddb5-4fa4-a97d-d965ccfc6d4b" outcome="Passed" testListId="8c84fa94-04c1-424b-9868-57a2d4851a1d" relativeResultsDirectory="59de80d2-0949-4996-bac8-c3ddfa14b3c7" />
    <UnitTestResult executionId="50c53dc0-23fd-48c0-81e2-b69a9a57cf96" testId="a91d2968-8c38-20f5-1be1-ed4e368a6f7d" testName="ZoomPrefetchStartsOnlyOneBackgroundFolderAtATime" computerName="PAYTONPC" duration="00:00:09.3959470" startTime="2026-09-23T12:59:10.0892159-05:00" endTime="2026-09-23T12:59:19.4850668-05:00" testType="13cdc9d9-ddb5-4fa4-a97d-d965ccfc6d4b" outcome="Failed" testListId="8c84fa94-04c1-424b-9868-57a2d4851a1d" relativeResultsDirectory="50c53dc0-23fd-48c0-81e2-b69a9a57cf96">
      <Output>
        <ErrorInfo>
          <Message>Assert.IsTrue failed. Background map work did not complete.</Message>
          <StackTrace>   at Clearspace.Tests.DiskUsagePerformanceTests.WaitFor(Func`1 condition) in E:\GithubRepos\File Explorer Remake\Clearspace.Tests\DiskUsagePerformanceTests.cs:line 461&#xD;
   at Clearspace.Tests.DiskUsagePerformanceTests.&lt;&gt;c.&lt;&lt;ZoomPrefetchStartsOnlyOneBackgroundFolderAtATime&gt;b__13_0&gt;d.MoveNext() in E:\GithubRepos\File Explorer Remake\Clearspace.Tests\DiskUsagePerformanceTests.cs:line 351&#xD;
--- End of stack trace from previous location ---&#xD;
   at Clearspace.Tests.DiskUsagePerformanceTests.&lt;&gt;c__DisplayClass19_1.&lt;&lt;RunSta&gt;b__1&gt;d.MoveNext() in E:\GithubRepos\File Explorer Remake\Clearspace.Tests\DiskUsagePerformanceTests.cs:line 473&#xD;
--- End of stack trace from previous location ---&#xD;
   at Clearspace.Tests.DiskUsagePerformanceTests.RunSta(Func`1 action) in E:\GithubRepos\File Explorer Remake\Clearspace.Tests\DiskUsagePerformanceTests.cs:line 482&#xD;
   at Clearspace.Tests.DiskUsagePerformanceTests.ZoomPrefetchStartsOnlyOneBackgroundFolderAtATime() in E:\GithubRepos\File Explorer Remake\Clearspace.Tests\DiskUsagePerformanceTests.cs:line 336&#xD;
   at System.Reflection.MethodBaseInvoker.InterpretedInvoke_Method(Object obj, IntPtr* args)&#xD;
   at System.Reflection.MethodBaseInvoker.InvokeWithNoArgs(Object obj, BindingFlags invokeAttr)&#xD;
</StackTrace>
        </ErrorInfo>
      </Output>
    </UnitTestResult>
    <UnitTestResult executionId="dd4fb9ff-c624-4087-8920-b6f7e13366a9" testId="87b45570-c9de-6fb2-ea10-a7d72ec0e9f8" testName="CameraFramesReuseGeometryAndCachedTilesDoNotOverlap" computerName="PAYTONPC" duration="00:00:00.1039464" startTime="2026-09-23T12:59:09.5966302-05:00" endTime="2026-09-23T12:59:09.7007573-05:00" testType="13cdc9d9-ddb5-4fa4-a97d-d965ccfc6d4b" outcome="Passed" testListId="8c84fa94-04c1-424b-9868-57a2d4851a1d" relativeResultsDirectory="dd4fb9ff-c624-4087-8920-b6f7e13366a9" />
    <UnitTestResult executionId="e41e659c-7f22-4ed8-8ac2-47128a0f8a08" testId="752bcf81-ffbd-0e0c-9840-d6c6669fe4d6" testName="FlatLayoutIsDeterministicAndHonorsCancellation" computerName="PAYTONPC" duration="00:00:00.0031932" startTime="2026-09-23T12:59:02.0005878-05:00" endTime="2026-09-23T12:59:02.0045424-05:00" testType="13cdc9d9-ddb5-4fa4-a97d-d965ccfc6d4b" outcome="Passed" testListId="8c84fa94-04c1-424b-9868-57a2d4851a1d" relativeResultsDirectory="e41e659c-7f22-4ed8-8ac2-47128a0f8a08" />
    <UnitTestResult executionId="c471e4fa-1c97-4b14-b1a9-e521b2b1796c" testId="002f5b0a-d613-afe7-9e74-fe5279f5327c" testName="FlatLayoutPreservesEveryFileAndProportionalNonOverlappingAreas (1000,1)" computerName="PAYTONPC" duration="00:00:00.0232606" startTime="2026-09-23T12:59:01.9158097-05:00" endTime="2026-09-23T12:59:01.9490411-05:00" testType="13cdc9d9-ddb5-4fa4-a97d-d965ccfc6d4b" outcome="Passed" testListId="8c84fa94-04c1-424b-9868-57a2d4851a1d" relativeResultsDirectory="c471e4fa-1c97-4b14-b1a9-e521b2b1796c">
      <Output>
        <StdOut>TestContext Messages:&#xD;
Flat layout: 1,000 files, 1,009 tiles, 9.23 ms, 55,161 retained array bytes.</StdOut>
      </Output>
    </UnitTestResult>
    <UnitTestResult executionId="106fdb8f-1520-4457-b744-c9bc944eafc2" testId="ff508cf4-6416-d6f2-4071-dc9327455359" testName="AggregatesDescendantsExactlyOnceAndKeepsZeroSizeEntries" computerName="PAYTONPC" duration="00:00:00.0008458" startTime="2026-09-23T12:59:20.0979563-05:00" endTime="2026-09-23T12:59:20.0990270-05:00" testType="13cdc9d9-ddb5-4fa4-a97d-d965ccfc6d4b" outcome="Passed" testListId="8c84fa94-04c1-424b-9868-57a2d4851a1d" relativeResultsDirectory="106fdb8f-1520-4457-b744-c9bc944eafc2" />
    <UnitTestResult executionId="86bcdcd8-097c-46b6-804e-3120c2c0f6c6" testId="b065370d-cbcb-4da6-e044-a303046f488c" testName="ClearingCompletedSearchRestoresBrowsingStatus (&quot;C:\source&quot;,0,&quot;This folder is empty&quot;)" computerName="PAYTONPC" duration="00:00:00.0004928" startTime="2026-09-23T12:59:31.7375421-05:00" endTime="2026-09-23T12:59:31.7380979-05:00" testType="13cdc9d9-ddb5-4fa4-a97d-d965ccfc6d4b" outcome="Passed" testListId="8c84fa94-04c1-424b-9868-57a2d4851a1d" relativeResultsDirectory="86bcdcd8-097c-46b6-804e-3120c2c0f6c6" />
    <UnitTestResult executionId="de57550a-722c-4890-bcf5-71929780c9df" testId="58bba699-0e3b-893b-ada0-a6ed0f8053ab" testName="NativeOutcomePreservesStatusAndDiagnostics (65652,False,Failed,Other)" computerName="PAYTONPC" duration="00:00:00.0000051" startTime="2026-09-23T12:59:31.7120940-05:00" endTime="2026-09-23T12:59:31.7121358-05:00" testType="13cdc9d9-ddb5-4fa4-a97d-d965ccfc6d4b" outcome="Passed" testListId="8c84fa94-04c1-424b-9868-57a2d4851a1d" relativeResultsDirectory="de57550a-722c-4890-bcf5-71929780c9df" />
    <UnitTestResult executionId="1b817e4c-6af6-4212-9bb0-f8716f23ad14" testId="6295153f-fd2f-933e-dc69-d1407c9d27bc" testName="MultipleTermsAreAndedAndExtensionsAreAlternatives" computerName="PAYTONPC" duration="00:00:00.0000649" startTime="2026-09-23T12:59:31.7625387-05:00" endTime="2026-09-23T12:59:31.7626289-05:00" testType="13cdc9d9-ddb5-4fa4-a97d-d965ccfc6d4b" outcome="Passed" testListId="8c84fa94-04c1-424b-9868-57a2d4851a1d" relativeResultsDirectory="1b817e4c-6af6-4212-9bb0-f8716f23ad14" />
    <UnitTestResult executionId="6e70f0fb-6370-4753-ae37-26f32dada492" testId="40a2a42e-8897-e4b0-777c-c5d9060ece41" testName="BusyGpuFrameReleasesItsLockAndTheNextFrameCanRender" computerName="PAYTONPC" duration="00:00:00.2015310" startTime="2026-09-23T12:59:19.5931468-05:00" endTime="2026-09-23T12:59:19.7948307-05:00" testType="13cdc9d9-ddb5-4fa4-a97d-d965ccfc6d4b" outcome="Passed" testListId="8c84fa94-04c1-424b-9868-57a2d4851a1d" relativeResultsDirectory="6e70f0fb-6370-4753-ae37-26f32dada492" />
    <UnitTestResult executionId="27b0b713-1037-4b66-8439-835c9a7a7b71" testId="34d08d56-934e-1f9d-a15d-96ab10322eab" testName="NativeOutcomePreservesStatusAndDiagnostics (183,False,Failed,Other)" computerName="PAYTONPC" duration="00:00:00.0000037" startTime="2026-09-23T12:59:31.7120467-05:00" endTime="2026-09-23T12:59:31.7120877-05:00" testType="13cdc9d9-ddb5-4fa4-a97d-d965ccfc6d4b" outcome="Passed" testListId="8c84fa94-04c1-424b-9868-57a2d4851a1d" relativeResultsDirectory="27b0b713-1037-4b66-8439-835c9a7a7b71" />
    <UnitTestResult executionId="113a4400-c69b-4c25-9aa0-ec5de6aa5283" testId="19e03c7c-a4d7-5ed1-121e-b0758406db41" testName="EqualWeightsMakeSquareTilesInASquareViewport" computerName="PAYTONPC" duration="00:00:00.0001493" startTime="2026-09-23T12:59:20.1165984-05:00" endTime="2026-09-23T12:59:20.1167843-05:00" testType="13cdc9d9-ddb5-4fa4-a97d-d965ccfc6d4b" outcome="Passed" testListId="8c84fa94-04c1-424b-9868-57a2d4851a1d" relativeResultsDirectory="113a4400-c69b-4c25-9aa0-ec5de6aa5283" />
    <UnitTestResult executionId="50882059-98ed-450e-8bd2-1c99e25da11e" testId="10878190-e99f-828c-1a6d-fb95772a45b3" testName="UnsupportedFiltersRemainLiteralInsteadOfMatchingEverything (&quot;is:unknown&quot;)" computerName="PAYTONPC" duration="00:00:00.0000717" startTime="2026-09-23T12:59:31.7626407-05:00" endTime="2026-09-23T12:59:31.7627501-05:00" testType="13cdc9d9-ddb5-4fa4-a97d-d965ccfc6d4b" outcome="Passed" testListId="8c84fa94-04c1-424b-9868-57a2d4851a1d" relativeResultsDirectory="50882059-98ed-450e-8bd2-1c99e25da11e" />
    <UnitTestResult executionId="3ba878ec-1361-40ae-a6a5-a6cdf026b108" testId="cf723f4d-1c21-5d23-b945-ec26c225efec" testName="MissingPathsArePrunedUsingIsolatedExistenceCheck" computerName="PAYTONPC" duration="00:00:00.0004968" startTime="2026-09-23T12:59:31.7585681-05:00" endTime="2026-09-23T12:59:31.7591256-05:00" testType="13cdc9d9-ddb5-4fa4-a97d-d965ccfc6d4b" outcome="Passed" testListId="8c84fa94-04c1-424b-9868-57a2d4851a1d" relativeResultsDirectory="3ba878ec-1361-40ae-a6a5-a6cdf026b108" />
    <UnitTestResult executionId="98ad66ce-aa8d-4273-b5fd-e1f819932d09" testId="4e070c3c-9752-8264-a78a-2b488783401d" testName="DisplaySharesAndGroupedTilesPreserveTotalsAndMatchListColors" computerName="PAYTONPC" duration="00:00:00.0014510" startTime="2026-09-23T12:59:20.8566857-05:00" endTime="2026-09-23T12:59:20.8581725-05:00" testType="13cdc9d9-ddb5-4fa4-a97d-d965ccfc6d4b" outcome="Passed" testListId="8c84fa94-04c1-424b-9868-57a2d4851a1d" relativeResultsDirectory="98ad66ce-aa8d-4273-b5fd-e1f819932d09" />
    <UnitTestResult executionId="9ac525ec-2b4c-4a9f-81a6-d62c80942f7c" testId="10179edc-562b-4437-9c38-9eca5b513ff2" testName="TreemapHandlesEmptyInvalidAndSingleItemInputs" computerName="PAYTONPC" duration="00:00:00.0006865" startTime="2026-09-23T12:59:20.1158498-05:00" endTime="2026-09-23T12:59:20.1165799-05:00" testType="13cdc9d9-ddb5-4fa4-a97d-d965ccfc6d4b" outcome="Passed" testListId="8c84fa94-04c1-424b-9868-57a2d4851a1d" relativeResultsDirectory="9ac525ec-2b4c-4a9f-81a6-d62c80942f7c" />
    <UnitTestResult executionId="5a076661-2504-489f-a000-c785f3bd8b2f" testId="7e1838a9-d296-8e4a-deb6-f6219613d811" testName="BothSearchPathsReachFortyEightLevelsAndTrackRenamesAndDeletions" computerName="PAYTONPC" duration="00:00:00.0501504" startTime="2026-09-23T12:59:31.7635972-05:00" endTime="2026-09-23T12:59:31.8138446-05:00" testType="13cdc9d9-ddb5-4fa4-a97d-d965ccfc6d4b" outcome="Passed" testListId="8c84fa94-04c1-424b-9868-57a2d4851a1d" relativeResultsDirectory="5a076661-2504-489f-a000-c785f3bd8b2f">
      <Output>
        <StdOut>TestContext Messages:&#xD;
48-level native traversal: 3.55 ms; estimated index bytes 327,680.</StdOut>
      </Output>
    </UnitTestResult>
    <UnitTestResult executionId="9cb422e1-340e-4bfa-8d9a-ca735e2f1155" testId="cf3b3d23-570d-54c8-33e1-cfbfeeed4027" testName="MergesAllSourcesWithoutCaseInsensitiveDuplicates" computerName="PAYTONPC" duration="00:00:00.0045666" startTime="2026-09-23T12:59:31.7270328-05:00" endTime="2026-09-23T12:59:31.7317000-05:00" testType="13cdc9d9-ddb5-4fa4-a97d-d965ccfc6d4b" outcome="Passed" testListId="8c84fa94-04c1-424b-9868-57a2d4851a1d" relativeResultsDirectory="9cb422e1-340e-4bfa-8d9a-ca735e2f1155" />
    <UnitTestResult executionId="ef755ba3-e413-4e1f-816e-c623a6e8e667" testId="47157653-f396-a591-e5d9-5d0822b4e9f2" testName="UnavailableRootCannotPublishAnEmptySuccessfulIndex" computerName="PAYTONPC" duration="00:00:00.0010695" startTime="2026-09-23T12:59:31.8810202-05:00" endTime="2026-09-23T12:59:31.8821678-05:00" testType="13cdc9d9-ddb5-4fa4-a97d-d965ccfc6d4b" outcome="Passed" testListId="8c84fa94-04c1-424b-9868-57a2d4851a1d" relativeResultsDirectory="ef755ba3-e413-4e1f-816e-c623a6e8e667" />
    <UnitTestResult executionId="35d2534d-45f8-45de-8594-00943639238a" testId="8d87c43b-eaab-73ac-ae47-ea5732a42e96" testName="LostEventsAndRecoveryAreIsolatedAndGenerationChecked" computerName="PAYTONPC" duration="00:00:00.0004272" startTime="2026-09-23T12:59:31.8829452-05:00" endTime="2026-09-23T12:59:31.8833974-05:00" testType="13cdc9d9-ddb5-4fa4-a97d-d965ccfc6d4b" outcome="Passed" testListId="8c84fa94-04c1-424b-9868-57a2d4851a1d" relativeResultsDirectory="35d2534d-45f8-45de-8594-00943639238a" />
    <UnitTestResult executionId="1dbd467d-d6da-4331-8739-9eafb965983f" testId="9accb4f8-d878-8d2b-e04b-ddf2829b67c7" testName="InvalidSourceNeverCallsWindows (&quot;C:\source\file.txt\u0000C:\other.txt&quot;)" computerName="PAYTONPC" duration="00:00:00.0000175" startTime="2026-09-23T12:59:31.7159295-05:00" endTime="2026-09-23T12:59:31.7162344-05:00" testType="13cdc9d9-ddb5-4fa4-a97d-d965ccfc6d4b" outcome="Passed" testListId="8c84fa94-04c1-424b-9868-57a2d4851a1d" relativeResultsDirectory="1dbd467d-d6da-4331-8739-9eafb965983f" />
    <UnitTestResult executionId="b2ce7262-ea35-437d-a727-360072ca1c4b" testId="5146c5dd-69f5-e5ed-03a8-77937e046449" testName="SupersededLoadCannotReplaceANewerDrive" computerName="PAYTONPC" duration="00:00:00.0071426" startTime="2026-09-23T12:59:20.1214457-05:00" endTime="2026-09-23T12:59:20.1286464-05:00" testType="13cdc9d9-ddb5-4fa4-a97d-d965ccfc6d4b" outcome="Passed" testListId="8c84fa94-04c1-424b-9868-57a2d4851a1d" relativeResultsDirectory="b2ce7262-ea35-437d-a727-360072ca1c4b" />
    <UnitTestResult executionId="7660bb6c-b19e-4cc4-8965-a9b7775cffbe" testId="73dc3ab0-fffb-9635-fc00-efeb155ad832" testName="CoveredIndexSkipsOtherSourcesUnlessContentSearchNeedsWindows" computerName="PAYTONPC" duration="00:00:00.0016418" startTime="2026-09-23T12:59:31.7317316-05:00" endTime="2026-09-23T12:59:31.7334246-05:00" testType="13cdc9d9-ddb5-4fa4-a97d-d965ccfc6d4b" outcome="Passed" testListId="8c84fa94-04c1-424b-9868-57a2d4851a1d" relativeResultsDirectory="7660bb6c-b19e-4cc4-8965-a9b7775cffbe" />
    <UnitTestResult executionId="6873daa1-e0c7-453a-ad86-10c2a4adef4d" testId="772104cc-fab8-71b1-694c-6cc41cf52c81" testName="BothTraversalsUseTheSameReparsePolicy (2415980570,True)" computerName="PAYTONPC" duration="00:00:00.0000028" startTime="2026-09-23T12:59:31.8828933-05:00" endTime="2026-09-23T12:59:31.8829268-05:00" testType="13cdc9d9-ddb5-4fa4-a97d-d965ccfc6d4b" outcome="Passed" testListId="8c84fa94-04c1-424b-9868-57a2d4851a1d" relativeResultsDirectory="6873daa1-e0c7-453a-ad86-10c2a4adef4d" />
    <UnitTestResult executionId="dc4786b3-30c8-46de-8ec5-7d927175e8c1" testId="0fa96abd-799f-1295-b7e2-bd4f3366a801" testName="OverlayCapacityFailureOnlyDisablesTheOffendingDrive" computerName="PAYTONPC" duration="00:00:00.0806125" startTime="2026-09-23T12:59:31.8834257-05:00" endTime="2026-09-23T12:59:31.9640933-05:00" testType="13cdc9d9-ddb5-4fa4-a97d-d965ccfc6d4b" outcome="Passed" testListId="8c84fa94-04c1-424b-9868-57a2d4851a1d" relativeResultsDirectory="dc4786b3-30c8-46de-8ec5-7d927175e8c1" />
    <UnitTestResult executionId="9869742d-dd91-4444-9dc4-d349c1bad857" testId="639de04d-5671-735b-3fa4-3485e2598d18" testName="ClearingCompletedSearchRestoresBrowsingStatus (&quot;clearspace://your-files&quot;,1,&quot;1 location&quot;)" computerName="PAYTONPC" duration="00:00:00.0000146" startTime="2026-09-23T12:59:31.7389994-05:00" endTime="2026-09-23T12:59:31.7390454-05:00" testType="13cdc9d9-ddb5-4fa4-a97d-d965ccfc6d4b" outcome="Passed" testListId="8c84fa94-04c1-424b-9868-57a2d4851a1d" relativeResultsDirectory="9869742d-dd91-4444-9dc4-d349c1bad857" />
    <UnitTestResult executionId="f45a6ad0-73b8-41d4-a1d2-c902b959d6bc" testId="a43681db-a53c-3c15-582c-06e2fb83b087" testName="DetailBudgetFadesGraduallyAndReversibly" computerName="PAYTONPC" duration="00:00:00.0005699" startTime="2026-09-23T12:59:09.8499372-05:00" endTime="2026-09-23T12:59:09.8506488-05:00" testType="13cdc9d9-ddb5-4fa4-a97d-d965ccfc6d4b" outcome="Passed" testListId="8c84fa94-04c1-424b-9868-57a2d4851a1d" relativeResultsDirectory="f45a6ad0-73b8-41d4-a1d2-c902b959d6bc" />
    <UnitTestResult executionId="19c5835b-a562-41c1-8fef-c76c017e9513" testId="7ca3de07-a43d-1398-8f43-3d0c4f9fd708" testName="TreemapTilesAreProportionalBoundedAndNonOverlapping" computerName="PAYTONPC" duration="00:00:00.0064670" startTime="2026-09-23T12:59:20.1093114-05:00" endTime="2026-09-23T12:59:20.1158226-05:00" testType="13cdc9d9-ddb5-4fa4-a97d-d965ccfc6d4b" outcome="Passed" testListId="8c84fa94-04c1-424b-9868-57a2d4851a1d" relativeResultsDirectory="19c5835b-a562-41c1-8fef-c76c017e9513" />
    <UnitTestResult executionId="09a1707f-ccbd-4fdd-9b82-d4a798971399" testId="6723d7b0-c265-5030-c774-403e54cf07da" testName="DeepHierarchyUsesIterativeAggregationAndUntruncatedPaths" computerName="PAYTONPC" duration="00:00:00.0081237" startTime="2026-09-23T12:59:20.0993948-05:00" endTime="2026-09-23T12:59:20.1075846-05:00" testType="13cdc9d9-ddb5-4fa4-a97d-d965ccfc6d4b" outcome="Passed" testListId="8c84fa94-04c1-424b-9868-57a2d4851a1d" relativeResultsDirectory="09a1707f-ccbd-4fdd-9b82-d4a798971399" />
    <UnitTestResult executionId="bcd3c868-3271-42eb-a152-5d538a8afe8e" testId="2fd19611-b392-26f3-435e-9e7b1ed32769" testName="DisabledWindowsSettingIsRespectedEvenForContentSearch" computerName="PAYTONPC" duration="00:00:00.0003238" startTime="2026-09-23T12:59:31.7342623-05:00" endTime="2026-09-23T12:59:31.7346133-05:00" testType="13cdc9d9-ddb5-4fa4-a97d-d965ccfc6d4b" outcome="Passed" testListId="8c84fa94-04c1-424b-9868-57a2d4851a1d" relativeResultsDirectory="bcd3c868-3271-42eb-a152-5d538a8afe8e" />
    <UnitTestResult executionId="c6ba639f-2213-482d-ab08-02d34d26c6fc" testId="b8b18cb2-f9f1-7e7e-71ba-bfabd2244d93" testName="FoldedSearchFiltersHiddenAndSystemEntries" computerName="PAYTONPC" duration="00:00:00.0009077" startTime="2026-09-23T12:59:31.7053967-05:00" endTime="2026-09-23T12:59:31.7063541-05:00" testType="13cdc9d9-ddb5-4fa4-a97d-d965ccfc6d4b" outcome="Passed" testListId="8c84fa94-04c1-424b-9868-57a2d4851a1d" relativeResultsDirectory="c6ba639f-2213-482d-ab08-02d34d26c6fc" />
    <UnitTestResult executionId="278c5f87-7cfc-496f-b88c-92757dd6fc46" testId="e8e7bd5a-306f-1813-3b40-4279fda39be2" testName="FailedWatcherMarksOnlyItsDriveAndRequestsRecovery" computerName="PAYTONPC" duration="00:00:00.0013445" startTime="2026-09-23T12:59:31.9644220-05:00" endTime="2026-09-23T12:59:31.9664692-05:00" testType="13cdc9d9-ddb5-4fa4-a97d-d965ccfc6d4b" outcome="Passed" testListId="8c84fa94-04c1-424b-9868-57a2d4851a1d" relativeResultsDirectory="278c5f87-7cfc-496f-b88c-92757dd6fc46">
      <Output>
        <StdOut>Debug Trace:&#xD;
Clearspace: cannot watch C:\Users\Payton\AppData\Local\Temp\ClearspaceTraversalTests\008beca80d76481cb24fce33c6a86e66\not-present. The directory name 'C:\Users\Payton\AppData\Local\Temp\ClearspaceTraversalTests\008beca80d76481cb24fce33c6a86e66\not-present' does not exist. (Parameter 'path')</StdOut>
      </Output>
    </UnitTestResult>
    <UnitTestResult executionId="8546bc95-9144-4f91-9ad0-59f766a3a82e" testId="a49e156d-234a-bdab-e86d-d05a278f5b1e" testName="EntryAndNamePoolsGrowWithoutLosingData" computerName="PAYTONPC" duration="00:00:00.0005970" startTime="2026-09-23T12:59:31.7072210-05:00" endTime="2026-09-23T12:59:31.7078444-05:00" testType="13cdc9d9-ddb5-4fa4-a97d-d965ccfc6d4b" outcome="Passed" testListId="8c84fa94-04c1-424b-9868-57a2d4851a1d" relativeResultsDirectory="8546bc95-9144-4f91-9ad0-59f766a3a82e" />
    <UnitTestResult executionId="c9a99a06-6cbd-46f8-b363-f322a17b517b" testId="e5abb730-9c3e-212b-71ad-cc9342dc65fb" testName="FolderLoadingSortsAndPreparesResultsWithoutTouchingDisk" computerName="PAYTONPC" duration="00:00:00.0012724" startTime="2026-09-23T12:59:31.7189367-05:00" endTime="2026-09-23T12:59:31.7202431-05:00" testType="13cdc9d9-ddb5-4fa4-a97d-d965ccfc6d4b" outcome="Passed" testListId="8c84fa94-04c1-424b-9868-57a2d4851a1d" relativeResultsDirectory="c9a99a06-6cbd-46f8-b363-f322a17b517b" />
    <UnitTestResult executionId="c97684a7-d7af-4b5e-a3dc-dad949de5f81" testId="1f067f4c-b1c0-84db-a68a-36dc12094df3" testName="BusyGpuDefersLabelsHitTargetsAndTilesTogether" computerName="PAYTONPC" duration="00:00:00.2381407" startTime="2026-09-23T12:59:09.8506916-05:00" endTime="2026-09-23T12:59:10.0890884-05:00" testType="13cdc9d9-ddb5-4fa4-a97d-d965ccfc6d4b" outcome="Failed" testListId="8c84fa94-04c1-424b-9868-57a2d4851a1d" relativeResultsDirectory="c97684a7-d7af-4b5e-a3dc-dad949de5f81">
      <Output>
        <ErrorInfo>
          <Message>CollectionAssert.AreEqual failed. Hit targets must stay with the visible image.(Element at index 0 do not match.)</Message>
          <StackTrace>   at Clearspace.Tests.DiskUsagePerformanceTests.&lt;&gt;c.&lt;&lt;BusyGpuDefersLabelsHitTargetsAndTilesTogether&gt;b__12_0&gt;d.MoveNext() in E:\GithubRepos\File Explorer Remake\Clearspace.Tests\DiskUsagePerformanceTests.cs:line 325&#xD;
--- End of stack trace from previous location ---&#xD;
   at Clearspace.Tests.DiskUsagePerformanceTests.&lt;&gt;c__DisplayClass19_1.&lt;&lt;RunSta&gt;b__1&gt;d.MoveNext() in E:\GithubRepos\File Explorer Remake\Clearspace.Tests\DiskUsagePerformanceTests.cs:line 473&#xD;
--- End of stack trace from previous location ---&#xD;
   at Clearspace.Tests.DiskUsagePerformanceTests.RunSta(Func`1 action) in E:\GithubRepos\File Explorer Remake\Clearspace.Tests\DiskUsagePerformanceTests.cs:line 482&#xD;
   at Clearspace.Tests.DiskUsagePerformanceTests.BusyGpuDefersLabelsHitTargetsAndTilesTogether() in E:\GithubRepos\File Explorer Remake\Clearspace.Tests\DiskUsagePerformanceTests.cs:line 298&#xD;
   at System.Reflection.MethodBaseInvoker.InterpretedInvoke_Method(Object obj, IntPtr* args)&#xD;
   at System.Reflection.MethodBaseInvoker.InvokeWithNoArgs(Object obj, BindingFlags invokeAttr)&#xD;
</StackTrace>
        </ErrorInfo>
      </Output>
    </UnitTestResult>
    <UnitTestResult executionId="e70c7537-9467-4723-903e-e6dabe4c302e" testId="89685cc1-843f-50e2-6c89-0ac4b2a5c232" testName="KindFilterDistinguishesFilesFromDirectories" computerName="PAYTONPC" duration="00:00:00.0001119" startTime="2026-09-23T12:59:31.7634469-05:00" endTime="2026-09-23T12:59:31.7635858-05:00" testType="13cdc9d9-ddb5-4fa4-a97d-d965ccfc6d4b" outcome="Passed" testListId="8c84fa94-04c1-424b-9868-57a2d4851a1d" relativeResultsDirectory="e70c7537-9467-4723-903e-e6dabe4c302e" />
    <UnitTestResult executionId="063918db-53af-4e58-94f5-7a2d881bd54d" testId="0ebe066a-b188-0798-d98e-82bb2b66e24c" testName="BreadcrumbsCoverRootFoldersAndNamedVirtualCategories" computerName="PAYTONPC" duration="00:00:00.0006122" startTime="2026-09-23T12:59:31.7248396-05:00" endTime="2026-09-23T12:59:31.7254979-05:00" testType="13cdc9d9-ddb5-4fa4-a97d-d965ccfc6d4b" outcome="Passed" testListId="8c84fa94-04c1-424b-9868-57a2d4851a1d" relativeResultsDirectory="063918db-53af-4e58-94f5-7a2d881bd54d" />
    <UnitTestResult executionId="56fa5896-6cf9-4f0c-991c-3bb7f3db8e0a" testId="eadd891c-dfb2-8a70-0fd5-45848fd6c6ea" testName="RefreshDoesNotEraseOperationFeedback" computerName="PAYTONPC" duration="00:00:00.0006323" startTime="2026-09-23T12:59:31.7171306-05:00" endTime="2026-09-23T12:59:31.7177935-05:00" testType="13cdc9d9-ddb5-4fa4-a97d-d965ccfc6d4b" outcome="Passed" testListId="8c84fa94-04c1-424b-9868-57a2d4851a1d" relativeResultsDirectory="56fa5896-6cf9-4f0c-991c-3bb7f3db8e0a" />
    <UnitTestResult executionId="22ad3ec3-816f-4dbd-94bf-a9a83ff46c1f" testId="9019e099-72f8-628a-20ce-c848580d1306" testName="NativeOutcomePreservesStatusAndDiagnostics (2,False,Failed,NotFound)" computerName="PAYTONPC" duration="00:00:00.0000040" startTime="2026-09-23T12:59:31.7118720-05:00" endTime="2026-09-23T12:59:31.7119343-05:00" testType="13cdc9d9-ddb5-4fa4-a97d-d965ccfc6d4b" outcome="Passed" testListId="8c84fa94-04c1-424b-9868-57a2d4851a1d" relativeResultsDirectory="22ad3ec3-816f-4dbd-94bf-a9a83ff46c1f" />
    <UnitTestResult executionId="2da30237-ab80-4668-ae9f-436f3fa1a2fa" testId="f868e37e-c0b5-1a65-6c26-57410d938084" testName="LiveSubtreeScanHasNoDepthCap" computerName="PAYTONPC" duration="00:00:00.0236462" startTime="2026-09-23T12:59:31.8141968-05:00" endTime="2026-09-23T12:59:31.8379456-05:00" testType="13cdc9d9-ddb5-4fa4-a97d-d965ccfc6d4b" outcome="Passed" testListId="8c84fa94-04c1-424b-9868-57a2d4851a1d" relativeResultsDirectory="2da30237-ab80-4668-ae9f-436f3fa1a2fa" />
    <UnitTestResult executionId="2c645aed-ac54-45c1-9ddb-820e14d8ff00" testId="7a38b1e4-d758-ee78-a157-8a5fb563db19" testName="EmptyQueryHasNoFilters (null)" computerName="PAYTONPC" duration="00:00:00.0000541" startTime="2026-09-23T12:59:31.7615869-05:00" endTime="2026-09-23T12:59:31.7616866-05:00" testType="13cdc9d9-ddb5-4fa4-a97d-d965ccfc6d4b" outcome="Passed" testListId="8c84fa94-04c1-424b-9868-57a2d4851a1d" relativeResultsDirectory="2c645aed-ac54-45c1-9ddb-820e14d8ff00" />
    <UnitTestResult executionId="3d99d959-bb4f-4cff-84e9-0b47feaeeba4" testId="65642bbf-5ad2-58be-3533-5878786d36cf" testName="BothTraversalsUseTheSameReparsePolicy (2415919130,True)" computerName="PAYTONPC" duration="00:00:00.0000041" startTime="2026-09-23T12:59:31.8827960-05:00" endTime="2026-09-23T12:59:31.8828830-05:00" testType="13cdc9d9-ddb5-4fa4-a97d-d965ccfc6d4b" outcome="Passed" testListId="8c84fa94-04c1-424b-9868-57a2d4851a1d" relativeResultsDirectory="3d99d959-bb4f-4cff-84e9-0b47feaeeba4" />
    <UnitTestResult executionId="fbd9eb21-429a-4d15-97d4-064040d54951" testId="e1894479-fbf6-6862-e62e-9d49ec686ab6" testName="GroupingPreservesTotalBytesAndFileCounts" computerName="PAYTONPC" duration="00:00:00.0005496" startTime="2026-09-23T12:59:20.1084204-05:00" endTime="2026-09-23T12:59:20.1090061-05:00" testType="13cdc9d9-ddb5-4fa4-a97d-d965ccfc6d4b" outcome="Passed" testListId="8c84fa94-04c1-424b-9868-57a2d4851a1d" relativeResultsDirectory="fbd9eb21-429a-4d15-97d4-064040d54951" />
    <UnitTestResult executionId="2462848c-b34b-4fdc-89ac-717a3625ef19" testId="eb246522-5393-8697-de5a-870a4b3824a3" testName="SaveFailureIsReportedAndClearedAfterRecovery" computerName="PAYTONPC" duration="00:00:00.0054562" startTime="2026-09-23T12:59:31.7529597-05:00" endTime="2026-09-23T12:59:31.7584538-05:00" testType="13cdc9d9-ddb5-4fa4-a97d-d965ccfc6d4b" outcome="Passed" testListId="8c84fa94-04c1-424b-9868-57a2d4851a1d" relativeResultsDirectory="2462848c-b34b-4fdc-89ac-717a3625ef19">
      <Output>
        <StdOut>Debug Trace:&#xD;
Clearspace: could not save tags. System.IO.IOException: Disk unavailable&#xD;
   at Clearspace.Tests.TagAndQueryTests.&lt;&gt;c__DisplayClass7_0.&lt;SaveFailureIsReportedAndClearedAfterRecovery&gt;b__1(String _) in E:\GithubRepos\File Explorer Remake\Clearspace.Tests\TagAndQueryTests.cs:line 82&#xD;
   at Clearspace.Services.TagStore.Save() in E:\GithubRepos\File Explorer Remake\Clearspace\Services\TagStore.cs:line 120</StdOut>
      </Output>
    </UnitTestResult>
    <UnitTestResult executionId="d3bbfc17-cae1-4ebc-8699-31936f1eaac2" testId="0dcbad1c-82f9-81e9-54ea-c42525c1d0a7" testName="IndexBuildsParentPathsAndRejectsOutOfRangeLookups" computerName="PAYTONPC" duration="00:00:00.0011266" startTime="2026-09-23T12:59:31.7036808-05:00" endTime="2026-09-23T12:59:31.7053518-05:00" testType="13cdc9d9-ddb5-4fa4-a97d-d965ccfc6d4b" outcome="Passed" testListId="8c84fa94-04c1-424b-9868-57a2d4851a1d" relativeResultsDirectory="d3bbfc17-cae1-4ebc-8699-31936f1eaac2" />
    <UnitTestResult executionId="9437c307-9c72-4fc1-83b7-3d8b9fa2eeb6" testId="75bfe6e6-77bb-0348-1995-42da4fd7c098" testName="HealthyDriveIsNotCrawledWhenAnotherDriveLosesCoverage" computerName="PAYTONPC" duration="00:00:00.0010397" startTime="2026-09-23T12:59:31.7450533-05:00" endTime="2026-09-23T12:59:31.7461293-05:00" testType="13cdc9d9-ddb5-4fa4-a97d-d965ccfc6d4b" outcome="Passed" testListId="8c84fa94-04c1-424b-9868-57a2d4851a1d" relativeResultsDirectory="9437c307-9c72-4fc1-83b7-3d8b9fa2eeb6" />
    <UnitTestResult executionId="0e843757-149f-408f-98df-557fbb0be8cc" testId="7b856f5c-c98a-525b-e91d-5301dbd01293" testName="MoveMergesDestinationTagsAndRemovesOldAssignment" computerName="PAYTONPC" duration="00:00:00.0002356" startTime="2026-09-23T12:59:31.7520984-05:00" endTime="2026-09-23T12:59:31.7523635-05:00" testType="13cdc9d9-ddb5-4fa4-a97d-d965ccfc6d4b" outcome="Passed" testListId="8c84fa94-04c1-424b-9868-57a2d4851a1d" relativeResultsDirectory="0e843757-149f-408f-98df-557fbb0be8cc" />
    <UnitTestResult executionId="24a87f64-a71e-441c-ab0c-fe680508722a" testId="045e79d2-cfcc-1afa-728f-6339fbbe7dc2" testName="SamePathRefreshDoesNotDuplicateHistoryAndVirtualHubCannotGoUp" computerName="PAYTONPC" duration="00:00:00.0001152" startTime="2026-09-23T12:59:31.7246844-05:00" endTime="2026-09-23T12:59:31.7248271-05:00" testType="13cdc9d9-ddb5-4fa4-a97d-d965ccfc6d4b" outcome="Passed" testListId="8c84fa94-04c1-424b-9868-57a2d4851a1d" relativeResultsDirectory="24a87f64-a71e-441c-ab0c-fe680508722a" />
[...]
    <TestEntry testId="a347be21-6be2-5eef-d450-853f87bb13e7" executionId="97473909-cd5e-4178-b518-7ffaf8fd0f0e" testListId="8c84fa94-04c1-424b-9868-57a2d4851a1d" />
    <TestEntry testId="833277c3-4e4d-59e3-3c81-475df791e238" executionId="8a8ea9aa-e76e-4c39-b5ab-e05873f14884" testListId="8c84fa94-04c1-424b-9868-57a2d4851a1d" />
    <TestEntry testId="74a8c812-0586-c842-4f35-1cf68b315ff1" executionId="a5bcb34c-0d07-4572-b4e7-431ee4c7c094" testListId="8c84fa94-04c1-424b-9868-57a2d4851a1d" />
    <TestEntry testId="32f9aef4-f79d-d497-d42c-d20123097697" executionId="17c41863-3c54-4e7f-adfd-8c29d233a305" testListId="8c84fa94-04c1-424b-9868-57a2d4851a1d" />
    <TestEntry testId="c879f46a-9007-fec8-809a-f5ccc47068f9" executionId="437aee52-84d4-498f-bfd1-b32104ea78e1" testListId="8c84fa94-04c1-424b-9868-57a2d4851a1d" />
    <TestEntry testId="2fbc6c55-a8b7-e5a9-229c-bd70bf45b7f3" executionId="ecbe65d0-d5eb-46aa-914e-3b89f8f87263" testListId="8c84fa94-04c1-424b-9868-57a2d4851a1d" />
    <TestEntry testId="224422d4-79c1-a32e-b7df-1dbcb111d071" executionId="30baec5c-fcc5-4e13-abf7-28dcc640b1b1" testListId="8c84fa94-04c1-424b-9868-57a2d4851a1d" />
    <TestEntry testId="7a9573c3-57f6-4139-d280-34925d510d86" executionId="e1a95c85-5292-4a97-9224-604ad6e153db" testListId="8c84fa94-04c1-424b-9868-57a2d4851a1d" />
    <TestEntry testId="0eb96573-9f48-4697-4c3d-e2450c34eb57" executionId="17c2235f-89a4-4fcd-bf17-4a9c764ad652" testListId="8c84fa94-04c1-424b-9868-57a2d4851a1d" />
    <TestEntry testId="4f40ef91-402c-57b3-6878-168cf354ef00" executionId="8cb40295-3123-4977-a250-f3d45d21a05f" testListId="8c84fa94-04c1-424b-9868-57a2d4851a1d" />
    <TestEntry testId="5353b82d-cf5f-40e5-91cc-1be0ce2a69e7" executionId="cd954451-eb6b-42ac-8ed9-b23b5ef5a113" testListId="8c84fa94-04c1-424b-9868-57a2d4851a1d" />
    <TestEntry testId="f861ec37-15f5-9bf9-2ce4-e60e0e9f650d" executionId="572f1121-fdd7-4da5-9213-1f720e2b24a1" testListId="8c84fa94-04c1-424b-9868-57a2d4851a1d" />
    <TestEntry testId="721d31a5-1958-f5ae-a596-40872f58421c" executionId="b43d1bf6-9c6c-44a0-8344-9da757741821" testListId="8c84fa94-04c1-424b-9868-57a2d4851a1d" />
    <TestEntry testId="43083274-a6ac-31dd-121f-71e176a3a2f6" executionId="06a4633a-07d9-4c82-990d-e2bb2d34a219" testListId="8c84fa94-04c1-424b-9868-57a2d4851a1d" />
    <TestEntry testId="b27f9a5f-b4d8-376e-aee1-6156ec9a5793" executionId="3fd94e50-66ef-4a51-8917-0e00d5f6f2cd" testListId="8c84fa94-04c1-424b-9868-57a2d4851a1d" />
    <TestEntry testId="0d893e71-31c7-e55c-9f4b-074eeecd11fc" executionId="fbdaee7d-2e52-484e-91ac-6aee8bfd4105" testListId="8c84fa94-04c1-424b-9868-57a2d4851a1d" />
    <TestEntry testId="eda94749-2037-8116-acab-644e4ce9babd" executionId="a6e9b5d2-02f0-473e-9329-f5c1eb8dd2cd" testListId="8c84fa94-04c1-424b-9868-57a2d4851a1d" />
    <TestEntry testId="3b7823f9-ab87-c4f0-5400-68392995d4e8" executionId="aa8f34f2-0cc5-4fba-a9e0-50f906993896" testListId="8c84fa94-04c1-424b-9868-57a2d4851a1d" />
    <TestEntry testId="7c80a546-81e4-b7ad-e29b-222373458ad2" executionId="3ca1802a-3a99-41b0-bd26-eec1442ae0a9" testListId="8c84fa94-04c1-424b-9868-57a2d4851a1d" />
    <TestEntry testId="58bddaa2-2a2d-fe66-e1b6-a3c211a01e3e" executionId="d17c3552-9ed7-4ef2-a8dd-5e7bff7f9e00" testListId="8c84fa94-04c1-424b-9868-57a2d4851a1d" />
    <TestEntry testId="2b1f6eeb-e081-d18a-d57a-d11f6075c4df" executionId="56b71e41-cbc5-4fea-9f86-1e09899ae697" testListId="8c84fa94-04c1-424b-9868-57a2d4851a1d" />
    <TestEntry testId="6a8f53dc-2e84-9ae7-2c05-fb5caaaef58e" executionId="2326dea9-a2f0-49e5-99de-8bd7ecd57ab6" testListId="8c84fa94-04c1-424b-9868-57a2d4851a1d" />
    <TestEntry testId="6466f0a5-a55b-47dd-17cd-cc425184a54d" executionId="f579f304-d1b6-4adf-ba94-41ec2633fafc" testListId="8c84fa94-04c1-424b-9868-57a2d4851a1d" />
    <TestEntry testId="2ffe2e85-5967-bc10-2f21-33dc91fe2661" executionId="e76dea7e-c4e6-4214-bf03-09cc735e534e" testListId="8c84fa94-04c1-424b-9868-57a2d4851a1d" />
    <TestEntry testId="0fce0c27-fa27-0faf-6d17-f6b69be966c5" executionId="b7380f5b-3525-4a10-b356-5d2ba60a59ac" testListId="8c84fa94-04c1-424b-9868-57a2d4851a1d" />
    <TestEntry testId="cb089770-03c4-52dd-07f0-36d4e7f4820a" executionId="0ed719eb-2ec2-4959-9935-a3fdcab1fba5" testListId="8c84fa94-04c1-424b-9868-57a2d4851a1d" />
    <TestEntry testId="25ecb33d-cc3f-e6e5-b62c-786b3e337925" executionId="f9b0319e-8cd2-4c2e-af01-5fbd0511926c" testListId="8c84fa94-04c1-424b-9868-57a2d4851a1d" />
    <TestEntry testId="47c7a1fa-9de4-31e5-3e9f-ec15f4486915" executionId="889e82dc-8e58-4af1-9503-f742bd3b6de4" testListId="8c84fa94-04c1-424b-9868-57a2d4851a1d" />
    <TestEntry testId="90870f83-542d-9ac6-d05c-3b77335e3a1e" executionId="6cec1ef7-4b66-433b-ba5c-d9bf27387271" testListId="8c84fa94-04c1-424b-9868-57a2d4851a1d" />
    <TestEntry testId="6499b362-3804-188a-349c-a2eb013c894c" executionId="baf226b8-f18e-4ba9-9bd3-a77d0cf29611" testListId="8c84fa94-04c1-424b-9868-57a2d4851a1d" />
    <TestEntry testId="df369080-ab75-6c56-2cb6-1f91155cdf9d" executionId="3622c416-3960-4959-973d-d2c2e4594824" testListId="8c84fa94-04c1-424b-9868-57a2d4851a1d" />
    <TestEntry testId="1e6155a4-2e80-2207-7704-16f28faf2983" executionId="45eca3d3-4aac-45d4-9dbe-365dd37144dd" testListId="8c84fa94-04c1-424b-9868-57a2d4851a1d" />
    <TestEntry testId="45a0576d-29c1-2a88-c7d2-7bfb45b7837d" executionId="1a976ef0-c039-4a62-8bdd-0ddca03e2896" testListId="8c84fa94-04c1-424b-9868-57a2d4851a1d" />
    <TestEntry testId="3fe6993a-f79d-85b9-3e11-22e838f8be61" executionId="c6a8cec7-df2d-4c5d-a7be-dba894f44a37" testListId="8c84fa94-04c1-424b-9868-57a2d4851a1d" />
    <TestEntry testId="36fab588-000a-8f08-8dd1-7190f58307b1" executionId="652ddc8c-f778-4054-8619-14d112c22488" testListId="8c84fa94-04c1-424b-9868-57a2d4851a1d" />
    <TestEntry testId="fc588aa4-aaff-665c-1410-789b7951c1ca" executionId="e78b61ee-a75d-44d4-9b3e-49a00779c744" testListId="8c84fa94-04c1-424b-9868-57a2d4851a1d" />
    <TestEntry testId="d1237cde-5699-af5a-6c3c-c0a60c99595c" executionId="7b07bb49-ef3f-4674-aa4a-68f0f1b972be" testListId="8c84fa94-04c1-424b-9868-57a2d4851a1d" />
    <TestEntry testId="1ccd4431-529f-9a20-ef79-c5dc7636338f" executionId="a8366931-ec3c-4228-ba1a-fea677136e63" testListId="8c84fa94-04c1-424b-9868-57a2d4851a1d" />
    <TestEntry testId="28b8c877-544b-bd2a-39f9-64d7e3682d09" executionId="6a25f667-601f-4c60-8bbd-4433c2d11032" testListId="8c84fa94-04c1-424b-9868-57a2d4851a1d" />
    <TestEntry testId="71bd9ca9-34d1-aa22-e7d3-d8b8644d296e" executionId="a0ad50f4-096a-48b1-bc2b-c9f5bf1babef" testListId="8c84fa94-04c1-424b-9868-57a2d4851a1d" />
    <TestEntry testId="f2ed8acc-d717-3405-1f78-2a3766f49241" executionId="3c3f466d-baa6-4eef-8490-9f2fb49af65f" testListId="8c84fa94-04c1-424b-9868-57a2d4851a1d" />
    <TestEntry testId="fdb47a69-1258-e014-1000-88c277a380c4" executionId="0bf395b2-4bb2-4037-b721-1478221cbc5c" testListId="8c84fa94-04c1-424b-9868-57a2d4851a1d" />
    <TestEntry testId="f61700b6-fb4c-d8e4-db35-5e07a33415df" executionId="6798791f-59ed-4ee8-b5bd-a33cc0041880" testListId="8c84fa94-04c1-424b-9868-57a2d4851a1d" />
    <TestEntry testId="6723921e-4e93-8a41-139e-21042cffe488" executionId="959d4ad6-c2eb-4a38-b31d-62483f9fcba6" testListId="8c84fa94-04c1-424b-9868-57a2d4851a1d" />
    <TestEntry testId="b6b9ddc6-f2a0-a051-4782-3ac4c48ad4dd" executionId="e6b42a01-6752-42f9-998a-3bf76ab8b778" testListId="8c84fa94-04c1-424b-9868-57a2d4851a1d" />
    <TestEntry testId="a7b32719-9eff-d796-4031-8d466db52224" executionId="8b082e2c-a389-4df9-a938-959f45ad9f81" testListId="8c84fa94-04c1-424b-9868-57a2d4851a1d" />
    <TestEntry testId="bf28598f-5276-ac84-f385-92edcb8bdedc" executionId="8219159d-17e6-409f-80e9-98c81cc47846" testListId="8c84fa94-04c1-424b-9868-57a2d4851a1d" />
    <TestEntry testId="235da73d-6c76-2491-d445-2c8b8cb4c41d" executionId="650e2725-8fb9-4284-8663-70d485a0ba3b" testListId="8c84fa94-04c1-424b-9868-57a2d4851a1d" />
    <TestEntry testId="5c347006-ef18-c9ee-72ec-b90a0c627b18" executionId="47fef1ef-e759-4e90-9932-75532de84302" testListId="8c84fa94-04c1-424b-9868-57a2d4851a1d" />
    <TestEntry testId="edc62e51-aa4b-8860-1ba4-c1f90ec6b70b" executionId="c7f6fe83-c933-4553-a9a7-47ab0ec7a30d" testListId="8c84fa94-04c1-424b-9868-57a2d4851a1d" />
    <TestEntry testId="5ea527b7-ad14-11df-0ff7-720155ea4597" executionId="fc997bb9-de16-44bb-bcf3-22def1f51a65" testListId="8c84fa94-04c1-424b-9868-57a2d4851a1d" />
    <TestEntry testId="6327ea4e-6402-f315-4762-474b2de2680e" executionId="34e5fb19-8a89-4547-ac75-5dc3e5f76914" testListId="8c84fa94-04c1-424b-9868-57a2d4851a1d" />
    <TestEntry testId="7ba259fc-0c3b-f869-f5ba-2ea3756e8371" executionId="05e2ec00-55c1-414e-9587-1a810d455217" testListId="8c84fa94-04c1-424b-9868-57a2d4851a1d" />
    <TestEntry testId="5404ca71-0b9b-9663-d1e4-08818cb531ac" executionId="8a4eeba5-73ca-47d8-be1c-99883fff4cfc" testListId="8c84fa94-04c1-424b-9868-57a2d4851a1d" />
    <TestEntry testId="c8593dca-86aa-2929-5913-3520a3d70ee5" executionId="fb621ccb-bd50-41af-bb27-75d07e03797c" testListId="8c84fa94-04c1-424b-9868-57a2d4851a1d" />
    <TestEntry testId="738183e7-4f21-a2e2-95ea-ed0ec622cf02" executionId="cdc82f34-5d63-47bf-a1c0-57bcfcae35c4" testListId="8c84fa94-04c1-424b-9868-57a2d4851a1d" />
    <TestEntry testId="b41980ea-ae4c-e1b1-f63b-c9912249bc6c" executionId="e4684f27-976d-4d91-9a20-77adda0f640b" testListId="8c84fa94-04c1-424b-9868-57a2d4851a1d" />
    <TestEntry testId="df3bd1f3-052e-0c08-bd1e-be6348e4431e" executionId="5b237587-8a64-4f7d-b9de-a2f56894f6c0" testListId="8c84fa94-04c1-424b-9868-57a2d4851a1d" />
    <TestEntry testId="47523091-6aac-5008-6810-7b1056803fe5" executionId="684a02ef-ed89-4c1f-b572-a0c258fcd5fd" testListId="8c84fa94-04c1-424b-9868-57a2d4851a1d" />
    <TestEntry testId="57c9bdc5-2c15-0c31-6171-1cb41f107c36" executionId="d6aee88e-5629-4022-9b6f-1761a4034957" testListId="8c84fa94-04c1-424b-9868-57a2d4851a1d" />
    <TestEntry testId="6b45fa7e-ee42-e5ae-0c8b-72ce1987d510" executionId="64e4850b-2673-45c6-9eae-a168076c600b" testListId="8c84fa94-04c1-424b-9868-57a2d4851a1d" />
    <TestEntry testId="06143ca0-1630-b3d8-3f26-e93e17017e09" executionId="b3a0850e-1fe2-420f-97f4-8303fbee021c" testListId="8c84fa94-04c1-424b-9868-57a2d4851a1d" />
    <TestEntry testId="fe288705-7c68-0cd4-dced-3a0656d6b333" executionId="3b5ddc36-995d-427a-857e-0bb4129d4200" testListId="8c84fa94-04c1-424b-9868-57a2d4851a1d" />
    <TestEntry testId="cda325ea-36d5-2ac5-ebd4-3fe19bdd9501" executionId="c510c914-37f4-4511-9ec9-4f98cb406c64" testListId="8c84fa94-04c1-424b-9868-57a2d4851a1d" />
    <TestEntry testId="03db2dcb-05b2-806c-8e4b-9c272507f8e8" executionId="6b383b9c-1866-4142-afdc-1d6b6049412a" testListId="8c84fa94-04c1-424b-9868-57a2d4851a1d" />
    <TestEntry testId="193c34c4-6765-8b93-005f-0c3a63f07088" executionId="59de80d2-0949-4996-bac8-c3ddfa14b3c7" testListId="8c84fa94-04c1-424b-9868-57a2d4851a1d" />
    <TestEntry testId="a91d2968-8c38-20f5-1be1-ed4e368a6f7d" executionId="50c53dc0-23fd-48c0-81e2-b69a9a57cf96" testListId="8c84fa94-04c1-424b-9868-57a2d4851a1d" />
    <TestEntry testId="87b45570-c9de-6fb2-ea10-a7d72ec0e9f8" executionId="dd4fb9ff-c624-4087-8920-b6f7e13366a9" testListId="8c84fa94-04c1-424b-9868-57a2d4851a1d" />
    <TestEntry testId="752bcf81-ffbd-0e0c-9840-d6c6669fe4d6" executionId="e41e659c-7f22-4ed8-8ac2-47128a0f8a08" testListId="8c84fa94-04c1-424b-9868-57a2d4851a1d" />
    <TestEntry testId="002f5b0a-d613-afe7-9e74-fe5279f5327c" executionId="c471e4fa-1c97-4b14-b1a9-e521b2b1796c" testListId="8c84fa94-04c1-424b-9868-57a2d4851a1d" />
    <TestEntry testId="ff508cf4-6416-d6f2-4071-dc9327455359" executionId="106fdb8f-1520-4457-b744-c9bc944eafc2" testListId="8c84fa94-04c1-424b-9868-57a2d4851a1d" />
    <TestEntry testId="b065370d-cbcb-4da6-e044-a303046f488c" executionId="86bcdcd8-097c-46b6-804e-3120c2c0f6c6" testListId="8c84fa94-04c1-424b-9868-57a2d4851a1d" />
    <TestEntry testId="58bba699-0e3b-893b-ada0-a6ed0f8053ab" executionId="de57550a-722c-4890-bcf5-71929780c9df" testListId="8c84fa94-04c1-424b-9868-57a2d4851a1d" />
    <TestEntry testId="6295153f-fd2f-933e-dc69-d1407c9d27bc" executionId="1b817e4c-6af6-4212-9bb0-f8716f23ad14" testListId="8c84fa94-04c1-424b-9868-57a2d4851a1d" />
    <TestEntry testId="40a2a42e-8897-e4b0-777c-c5d9060ece41" executionId="6e70f0fb-6370-4753-ae37-26f32dada492" testListId="8c84fa94-04c1-424b-9868-57a2d4851a1d" />
    <TestEntry testId="34d08d56-934e-1f9d-a15d-96ab10322eab" executionId="27b0b713-1037-4b66-8439-835c9a7a7b71" testListId="8c84fa94-04c1-424b-9868-57a2d4851a1d" />
    <TestEntry testId="19e03c7c-a4d7-5ed1-121e-b0758406db41" executionId="113a4400-c69b-4c25-9aa0-ec5de6aa5283" testListId="8c84fa94-04c1-424b-9868-57a2d4851a1d" />
    <TestEntry testId="10878190-e99f-828c-1a6d-fb95772a45b3" executionId="50882059-98ed-450e-8bd2-1c99e25da11e" testListId="8c84fa94-04c1-424b-9868-57a2d4851a1d" />
    <TestEntry testId="cf723f4d-1c21-5d23-b945-ec26c225efec" executionId="3ba878ec-1361-40ae-a6a5-a6cdf026b108" testListId="8c84fa94-04c1-424b-9868-57a2d4851a1d" />
    <TestEntry testId="4e070c3c-9752-8264-a78a-2b488783401d" executionId="98ad66ce-aa8d-4273-b5fd-e1f819932d09" testListId="8c84fa94-04c1-424b-9868-57a2d4851a1d" />
    <TestEntry testId="10179edc-562b-4437-9c38-9eca5b513ff2" executionId="9ac525ec-2b4c-4a9f-81a6-d62c80942f7c" testListId="8c84fa94-04c1-424b-9868-57a2d4851a1d" />
    <TestEntry testId="7e1838a9-d296-8e4a-deb6-f6219613d811" executionId="5a076661-2504-489f-a000-c785f3bd8b2f" testListId="8c84fa94-04c1-424b-9868-57a2d4851a1d" />
    <TestEntry testId="cf3b3d23-570d-54c8-33e1-cfbfeeed4027" executionId="9cb422e1-340e-4bfa-8d9a-ca735e2f1155" testListId="8c84fa94-04c1-424b-9868-57a2d4851a1d" />
    <TestEntry testId="47157653-f396-a591-e5d9-5d0822b4e9f2" executionId="ef755ba3-e413-4e1f-816e-c623a6e8e667" testListId="8c84fa94-04c1-424b-9868-57a2d4851a1d" />
    <TestEntry testId="8d87c43b-eaab-73ac-ae47-ea5732a42e96" executionId="35d2534d-45f8-45de-8594-00943639238a" testListId="8c84fa94-04c1-424b-9868-57a2d4851a1d" />
    <TestEntry testId="9accb4f8-d878-8d2b-e04b-ddf2829b67c7" executionId="1dbd467d-d6da-4331-8739-9eafb965983f" testListId="8c84fa94-04c1-424b-9868-57a2d4851a1d" />
    <TestEntry testId="5146c5dd-69f5-e5ed-03a8-77937e046449" executionId="b2ce7262-ea35-437d-a727-360072ca1c4b" testListId="8c84fa94-04c1-424b-9868-57a2d4851a1d" />
    <TestEntry testId="73dc3ab0-fffb-9635-fc00-efeb155ad832" executionId="7660bb6c-b19e-4cc4-8965-a9b7775cffbe" testListId="8c84fa94-04c1-424b-9868-57a2d4851a1d" />
    <TestEntry testId="772104cc-fab8-71b1-694c-6cc41cf52c81" executionId="6873daa1-e0c7-453a-ad86-10c2a4adef4d" testListId="8c84fa94-04c1-424b-9868-57a2d4851a1d" />
    <TestEntry testId="0fa96abd-799f-1295-b7e2-bd4f3366a801" executionId="dc4786b3-30c8-46de-8ec5-7d927175e8c1" testListId="8c84fa94-04c1-424b-9868-57a2d4851a1d" />
    <TestEntry testId="639de04d-5671-735b-3fa4-3485e2598d18" executionId="9869742d-dd91-4444-9dc4-d349c1bad857" testListId="8c84fa94-04c1-424b-9868-57a2d4851a1d" />
    <TestEntry testId="a43681db-a53c-3c15-582c-06e2fb83b087" executionId="f45a6ad0-73b8-41d4-a1d2-c902b959d6bc" testListId="8c84fa94-04c1-424b-9868-57a2d4851a1d" />
    <TestEntry testId="7ca3de07-a43d-1398-8f43-3d0c4f9fd708" executionId="19c5835b-a562-41c1-8fef-c76c017e9513" testListId="8c84fa94-04c1-424b-9868-57a2d4851a1d" />
    <TestEntry testId="6723d7b0-c265-5030-c774-403e54cf07da" executionId="09a1707f-ccbd-4fdd-9b82-d4a798971399" testListId="8c84fa94-04c1-424b-9868-57a2d4851a1d" />
    <TestEntry testId="2fd19611-b392-26f3-435e-9e7b1ed32769" executionId="bcd3c868-3271-42eb-a152-5d538a8afe8e" testListId="8c84fa94-04c1-424b-9868-57a2d4851a1d" />
    <TestEntry testId="b8b18cb2-f9f1-7e7e-71ba-bfabd2244d93" executionId="c6ba639f-2213-482d-ab08-02d34d26c6fc" testListId="8c84fa94-04c1-424b-9868-57a2d4851a1d" />
    <TestEntry testId="e8e7bd5a-306f-1813-3b40-4279fda39be2" executionId="278c5f87-7cfc-496f-b88c-92757dd6fc46" testListId="8c84fa94-04c1-424b-9868-57a2d4851a1d" />
    <TestEntry testId="a49e156d-234a-bdab-e86d-d05a278f5b1e" executionId="8546bc95-9144-4f91-9ad0-59f766a3a82e" testListId="8c84fa94-04c1-424b-9868-57a2d4851a1d" />
    <TestEntry testId="e5abb730-9c3e-212b-71ad-cc9342dc65fb" executionId="c9a99a06-6cbd-46f8-b363-f322a17b517b" testListId="8c84fa94-04c1-424b-9868-57a2d4851a1d" />
    <TestEntry testId="1f067f4c-b1c0-84db-a68a-36dc12094df3" executionId="c97684a7-d7af-4b5e-a3dc-dad949de5f81" testListId="8c84fa94-04c1-424b-9868-57a2d4851a1d" />
    <TestEntry testId="89685cc1-843f-50e2-6c89-0ac4b2a5c232" executionId="e70c7537-9467-4723-903e-e6dabe4c302e" testListId="8c84fa94-04c1-424b-9868-57a2d4851a1d" />
    <TestEntry testId="0ebe066a-b188-0798-d98e-82bb2b66e24c" executionId="063918db-53af-4e58-94f5-7a2d881bd54d" testListId="8c84fa94-04c1-424b-9868-57a2d4851a1d" />
    <TestEntry testId="eadd891c-dfb2-8a70-0fd5-45848fd6c6ea" executionId="56fa5896-6cf9-4f0c-991c-3bb7f3db8e0a" testListId="8c84fa94-04c1-424b-9868-57a2d4851a1d" />
    <TestEntry testId="9019e099-72f8-628a-20ce-c848580d1306" executionId="22ad3ec3-816f-4dbd-94bf-a9a83ff46c1f" testListId="8c84fa94-04c1-424b-9868-57a2d4851a1d" />
    <TestEntry testId="f868e37e-c0b5-1a65-6c26-57410d938084" executionId="2da30237-ab80-4668-ae9f-436f3fa1a2fa" testListId="8c84fa94-04c1-424b-9868-57a2d4851a1d" />
    <TestEntry testId="7a38b1e4-d758-ee78-a157-8a5fb563db19" executionId="2c645aed-ac54-45c1-9ddb-820e14d8ff00" testListId="8c84fa94-04c1-424b-9868-57a2d4851a1d" />
    <TestEntry testId="65642bbf-5ad2-58be-3533-5878786d36cf" executionId="3d99d959-bb4f-4cff-84e9-0b47feaeeba4" testListId="8c84fa94-04c1-424b-9868-57a2d4851a1d" />
    <TestEntry testId="e1894479-fbf6-6862-e62e-9d49ec686ab6" executionId="fbd9eb21-429a-4d15-97d4-064040d54951" testListId="8c84fa94-04c1-424b-9868-57a2d4851a1d" />
    <TestEntry testId="eb246522-5393-8697-de5a-870a4b3824a3" executionId="2462848c-b34b-4fdc-89ac-717a3625ef19" testListId="8c84fa94-04c1-424b-9868-57a2d4851a1d" />
    <TestEntry testId="0dcbad1c-82f9-81e9-54ea-c42525c1d0a7" executionId="d3bbfc17-cae1-4ebc-8699-31936f1eaac2" testListId="8c84fa94-04c1-424b-9868-57a2d4851a1d" />
    <TestEntry testId="75bfe6e6-77bb-0348-1995-42da4fd7c098" executionId="9437c307-9c72-4fc1-83b7-3d8b9fa2eeb6" testListId="8c84fa94-04c1-424b-9868-57a2d4851a1d" />
    <TestEntry testId="7b856f5c-c98a-525b-e91d-5301dbd01293" executionId="0e843757-149f-408f-98df-557fbb0be8cc" testListId="8c84fa94-04c1-424b-9868-57a2d4851a1d" />
    <TestEntry testId="045e79d2-cfcc-1afa-728f-6339fbbe7dc2" executionId="24a87f64-a71e-441c-ab0c-fe680508722a" testListId="8c84fa94-04c1-424b-9868-57a2d4851a1d" />
    <TestEntry testId="b170cda7-0486-2fa5-3411-3762880e21e0" executionId="48153322-e74c-4e75-9294-83bf1408b259" testListId="8c84fa94-04c1-424b-9868-57a2d4851a1d" />
    <TestEntry testId="d644b325-5b9f-6e38-8cf4-cb7d49966deb" executionId="ef7fec38-6694-4cb4-8dcc-9a8e00c10c45" testListId="8c84fa94-04c1-424b-9868-57a2d4851a1d" />
    <TestEntry testId="62e15699-ce4c-ae40-1ccc-957c19638cb5" executionId="0bf11dc5-ec81-409e-894b-6ddc7a0e9c44" testListId="8c84fa94-04c1-424b-9868-57a2d4851a1d" />
    <TestEntry testId="03a420c6-8667-75c5-94e0-7530b36d36c9" executionId="28057c26-2ec2-4f56-bdb4-cd9e51c2be03" testListId="8c84fa94-04c1-424b-9868-57a2d4851a1d" />
    <TestEntry testId="3a9a2f58-f4b5-4c48-8484-2d20377d1b71" executionId="25597538-dbef-4889-bf4f-7d0511846369" testListId="8c84fa94-04c1-424b-9868-57a2d4851a1d" />
  </TestEntries>
  <TestLists>
    <TestList name="Results Not in a List" id="8c84fa94-04c1-424b-9868-57a2d4851a1d" />
    <TestList name="All Loaded Results" id="19431567-8539-422a-85d7-44ee4e166bda" />
  </TestLists>
  <ResultSummary outcome="Failed">
    <Counters total="149" executed="149" passed="146" failed="3" error="0" timeout="0" aborted="0" inconclusive="0" passedButRunAborted="0" notRunnable="0" notExecuted="0" disconnected="0" warning="0" completed="0" inProgress="0" pending="0" />
  </ResultSummary>
</TestRun>